#
# There is insufficient memory for the Java Runtime Environment to continue.
# Native memory allocation (malloc) failed to allocate 642240 bytes for Chunk::new
# Possible reasons:
#   The system is out of physical RAM or swap space
#   The process is running with CompressedOops enabled, and the Java Heap may be blocking the growth of the native heap
# Possible solutions:
#   Reduce memory load on the system
#   Increase physical memory or swap space
#   Check if swap backing store is full
#   Decrease Java heap size (-Xmx/-Xms)
#   Decrease number of Java threads
#   Decrease Java thread stack sizes (-Xss)
#   Set larger code cache with -XX:ReservedCodeCacheSize=
#   JVM is running with Unscaled Compressed Oops mode in which the Java heap is
#     placed in the first 4GB address space. The Java Heap base address is the
#     maximum limit for the native heap growth. Please use -XX:HeapBaseMinAddress
#     to set the Java Heap base and to place the Java Heap above 4GB virtual address.
# This output file may be truncated or incomplete.
#
#  Out of Memory Error (arena.cpp:189), pid=18460, tid=16672
#
# JRE version: OpenJDK Runtime Environment Zulu17.32+13-CA (17.0.2+8) (build 17.0.2+8-LTS)
# Java VM: OpenJDK 64-Bit Server VM Zulu17.32+13-CA (17.0.2+8-LTS, mixed mode, sharing, tiered, compressed oops, compressed class ptrs, g1 gc, windows-amd64)
# No core dump will be written. Minidumps are not enabled by default on client versions of Windows
#

---------------  S U M M A R Y ------------

Command Line: -javaagent:C:\Program Files\JetBrains\IntelliJ IDEA Community Edition 2022.3.3\lib\idea_rt.jar=58032:C:\Program Files\JetBrains\IntelliJ IDEA Community Edition 2022.3.3\bin -Dfile.encoding=UTF-8 com.cognizant.PolicyPlansApplication

Host: Intel(R) Core(TM) i5-8265U CPU @ 1.60GHz, 8 cores, 7G,  Windows 11 , 64 bit Build 22621 (10.0.22621.3085)
Time: Fri Apr 19 11:37:46 2024 India Standard Time elapsed time: 415.814651 seconds (0d 0h 6m 55s)

---------------  T H R E A D  ---------------

Current thread (0x000001417c4001d0):  JavaThread "C2 CompilerThread0" daemon [_thread_in_native, id=16672, stack(0x000000169c000000,0x000000169c100000)]


Current CompileTask:
C2: 415814 11862   !   4       org.springframework.aop.framework.JdkDynamicAopProxy::invoke (657 bytes)

Stack: [0x000000169c000000,0x000000169c100000]
Native frames: (J=compiled Java code, j=interpreted, Vv=VM code, C=native code)
V  [jvm.dll+0x6769fa]
V  [jvm.dll+0x831784]
V  [jvm.dll+0x832f2e]
V  [jvm.dll+0x833593]
V  [jvm.dll+0x2455e5]
V  [jvm.dll+0xabf1b]
V  [jvm.dll+0xac4ac]
V  [jvm.dll+0x3635f7]
V  [jvm.dll+0x32dae1]
V  [jvm.dll+0x32cf8a]
V  [jvm.dll+0x218531]
V  [jvm.dll+0x217951]
V  [jvm.dll+0x1a3e2d]
V  [jvm.dll+0x2272d8]
V  [jvm.dll+0x22542c]
V  [jvm.dll+0x7e701c]
V  [jvm.dll+0x7e15ca]
V  [jvm.dll+0x675885]
C  [ucrtbase.dll+0x29363]
C  [KERNEL32.DLL+0x1257d]
C  [ntdll.dll+0x5aa58]


---------------  P R O C E S S  ---------------

Threads class SMR info:
_java_thread_list=0x0000014103fc71a0, length=40, elements={
0x000001417c3e7de0, 0x000001417c3e8a50, 0x000001417c3f6fa0, 0x000001417c3f7860,
0x000001417c3fb230, 0x000001417c3fbbe0, 0x000001417c4001d0, 0x000001417c40db00,
0x000001417c410410, 0x000001417c3d17f0, 0x000001417d5d8fd0, 0x000001417d5d94a0,
0x000001410017bc80, 0x000001410017b2e0, 0x000001410017b7b0, 0x0000014100178790,
0x0000014100179600, 0x0000014100179ad0, 0x000001410017ae10, 0x0000014106c72a00,
0x0000014106c75ef0, 0x0000014106c763c0, 0x0000014106c77bd0, 0x0000014106c78a40,
0x0000014106c798b0, 0x0000014106c746e0, 0x0000014106c78f10, 0x0000014106c74bb0,
0x0000014106c75080, 0x0000014106c733a0, 0x0000014106c76d60, 0x0000014106c75550,
0x0000014106c77230, 0x0000014106c78570, 0x0000014106c72060, 0x0000014106c780a0,
0x0000014106c76890, 0x0000014106c75a20, 0x0000014106c73870, 0x00000141006753e0
}

Java Threads: ( => current thread )
  0x000001417c3e7de0 JavaThread "Reference Handler" daemon [_thread_blocked, id=31628, stack(0x000000169ba00000,0x000000169bb00000)]
  0x000001417c3e8a50 JavaThread "Finalizer" daemon [_thread_blocked, id=31368, stack(0x000000169bb00000,0x000000169bc00000)]
  0x000001417c3f6fa0 JavaThread "Signal Dispatcher" daemon [_thread_blocked, id=25836, stack(0x000000169bc00000,0x000000169bd00000)]
  0x000001417c3f7860 JavaThread "Attach Listener" daemon [_thread_blocked, id=20672, stack(0x000000169bd00000,0x000000169be00000)]
  0x000001417c3fb230 JavaThread "Service Thread" daemon [_thread_blocked, id=18008, stack(0x000000169be00000,0x000000169bf00000)]
  0x000001417c3fbbe0 JavaThread "Monitor Deflation Thread" daemon [_thread_blocked, id=27524, stack(0x000000169bf00000,0x000000169c000000)]
=>0x000001417c4001d0 JavaThread "C2 CompilerThread0" daemon [_thread_in_native, id=16672, stack(0x000000169c000000,0x000000169c100000)]
  0x000001417c40db00 JavaThread "C1 CompilerThread0" daemon [_thread_blocked, id=30120, stack(0x000000169c100000,0x000000169c200000)]
  0x000001417c410410 JavaThread "Sweeper thread" daemon [_thread_blocked, id=14400, stack(0x000000169c200000,0x000000169c300000)]
  0x000001417c3d17f0 JavaThread "Common-Cleaner" daemon [_thread_blocked, id=26088, stack(0x000000169c300000,0x000000169c400000)]
  0x000001417d5d8fd0 JavaThread "Monitor Ctrl-Break" daemon [_thread_in_native, id=15176, stack(0x000000169c400000,0x000000169c500000)]
  0x000001417d5d94a0 JavaThread "Notification Thread" daemon [_thread_blocked, id=23072, stack(0x000000169c500000,0x000000169c600000)]
  0x000001410017bc80 JavaThread "HikariPool-1 housekeeper" daemon [_thread_blocked, id=9712, stack(0x000000169d000000,0x000000169d100000)]
  0x000001410017b2e0 JavaThread "Catalina-utility-1" [_thread_blocked, id=9232, stack(0x000000169d300000,0x000000169d400000)]
  0x000001410017b7b0 JavaThread "Catalina-utility-2" [_thread_blocked, id=31044, stack(0x000000169d400000,0x000000169d500000)]
  0x0000014100178790 JavaThread "container-0" [_thread_blocked, id=21624, stack(0x000000169d600000,0x000000169d700000)]
  0x0000014100179600 JavaThread "File Watcher" daemon [_thread_blocked, id=29068, stack(0x000000169d500000,0x000000169d600000)]
  0x0000014100179ad0 JavaThread "Live Reload Server" daemon [_thread_in_native, id=16312, stack(0x000000169d800000,0x000000169d900000)]
  0x000001410017ae10 JavaThread "spring.cloud.inetutils" daemon [_thread_blocked, id=22424, stack(0x000000169d700000,0x000000169d800000)]
  0x0000014106c72a00 JavaThread "AsyncResolver-bootstrap-0" daemon [_thread_blocked, id=4848, stack(0x000000169d900000,0x000000169da00000)]
  0x0000014106c75ef0 JavaThread "DiscoveryClient-0" daemon [_thread_blocked, id=6436, stack(0x000000169db00000,0x000000169dc00000)]
  0x0000014106c763c0 JavaThread "DiscoveryClient-1" daemon [_thread_blocked, id=19128, stack(0x000000169dc00000,0x000000169dd00000)]
  0x0000014106c77bd0 JavaThread "DiscoveryClient-InstanceInfoReplicator-0" daemon [_thread_blocked, id=17340, stack(0x000000169dd00000,0x000000169de00000)]
  0x0000014106c78a40 JavaThread "http-nio-8083-exec-1" daemon [_thread_blocked, id=10312, stack(0x000000169de00000,0x000000169df00000)]
  0x0000014106c798b0 JavaThread "http-nio-8083-exec-2" daemon [_thread_blocked, id=29104, stack(0x000000169df00000,0x000000169e000000)]
  0x0000014106c746e0 JavaThread "http-nio-8083-exec-3" daemon [_thread_blocked, id=30148, stack(0x000000169e000000,0x000000169e100000)]
  0x0000014106c78f10 JavaThread "http-nio-8083-exec-4" daemon [_thread_blocked, id=19012, stack(0x000000169e100000,0x000000169e200000)]
  0x0000014106c74bb0 JavaThread "http-nio-8083-exec-5" daemon [_thread_blocked, id=18124, stack(0x000000169e200000,0x000000169e300000)]
  0x0000014106c75080 JavaThread "http-nio-8083-exec-6" daemon [_thread_blocked, id=16348, stack(0x000000169e300000,0x000000169e400000)]
  0x0000014106c733a0 JavaThread "http-nio-8083-exec-7" daemon [_thread_blocked, id=32464, stack(0x000000169e400000,0x000000169e500000)]
  0x0000014106c76d60 JavaThread "http-nio-8083-exec-8" daemon [_thread_blocked, id=25752, stack(0x000000169e500000,0x000000169e600000)]
  0x0000014106c75550 JavaThread "http-nio-8083-exec-9" daemon [_thread_blocked, id=26508, stack(0x000000169e600000,0x000000169e700000)]
  0x0000014106c77230 JavaThread "http-nio-8083-exec-10" daemon [_thread_blocked, id=27852, stack(0x000000169e700000,0x000000169e800000)]
  0x0000014106c78570 JavaThread "http-nio-8083-Poller" daemon [_thread_in_native, id=20988, stack(0x000000169e800000,0x000000169e900000)]
  0x0000014106c72060 JavaThread "http-nio-8083-Acceptor" daemon [_thread_in_native, id=26232, stack(0x000000169e900000,0x000000169ea00000)]
  0x0000014106c780a0 JavaThread "DestroyJavaVM" [_thread_blocked, id=25788, stack(0x000000169b300000,0x000000169b400000)]
  0x0000014106c76890 JavaThread "DiscoveryClient-CacheRefreshExecutor-0" daemon [_thread_blocked, id=21032, stack(0x000000169c700000,0x000000169c800000)]
  0x0000014106c75a20 JavaThread "DiscoveryClient-HeartbeatExecutor-0" daemon [_thread_blocked, id=23964, stack(0x000000169ce00000,0x000000169cf00000)]
  0x0000014106c73870 JavaThread "AsyncResolver-bootstrap-executor-0" daemon [_thread_blocked, id=27876, stack(0x000000169b100000,0x000000169b200000)]
  0x00000141006753e0 JavaThread "HikariPool-1 connection adder" daemon [_thread_blocked, id=20660, stack(0x000000169b200000,0x000000169b300000)]

Other Threads:
  0x000001417c3e22e0 VMThread "VM Thread" [stack: 0x000000169b900000,0x000000169ba00000] [id=20928]
  0x000001415e220260 WatcherThread [stack: 0x000000169c600000,0x000000169c700000] [id=18952]
  0x000001415e1d85a0 GCTaskThread "GC Thread#0" [stack: 0x000000169b400000,0x000000169b500000] [id=28884]
  0x000001417dd50f00 GCTaskThread "GC Thread#1" [stack: 0x000000169c800000,0x000000169c900000] [id=23596]
  0x000001417dd52480 GCTaskThread "GC Thread#2" [stack: 0x000000169c900000,0x000000169ca00000] [id=21404]
  0x000001417dd509a0 GCTaskThread "GC Thread#3" [stack: 0x000000169ca00000,0x000000169cb00000] [id=1816]
  0x000001417dd511b0 GCTaskThread "GC Thread#4" [stack: 0x000000169cb00000,0x000000169cc00000] [id=11340]
  0x000001417dd51f20 GCTaskThread "GC Thread#5" [stack: 0x000000169cc00000,0x000000169cd00000] [id=15564]
  0x000001417dd50c50 GCTaskThread "GC Thread#6" [stack: 0x000000169cd00000,0x000000169ce00000] [id=32700]
  0x000001417dd521d0 GCTaskThread "GC Thread#7" [stack: 0x000000169d100000,0x000000169d200000] [id=8312]
  0x000001415e206c20 ConcurrentGCThread "G1 Main Marker" [stack: 0x000000169b500000,0x000000169b600000] [id=23748]
  0x000001415e1da230 ConcurrentGCThread "G1 Conc#0" [stack: 0x000000169b600000,0x000000169b700000] [id=20292]
  0x00000141007c88d0 ConcurrentGCThread "G1 Conc#1" [stack: 0x000000169d200000,0x000000169d300000] [id=2000]
  0x000001415e25ec40 ConcurrentGCThread "G1 Refine#0" [stack: 0x000000169b700000,0x000000169b800000] [id=25920]
  0x000001417c295720 ConcurrentGCThread "G1 Service" [stack: 0x000000169b800000,0x000000169b900000] [id=4504]

Threads with active compile tasks:
C2 CompilerThread0   415890 11862   !   4       org.springframework.aop.framework.JdkDynamicAopProxy::invoke (657 bytes)

VM state: not at safepoint (normal execution)

VM Mutex/Monitor currently owned by a thread: None

Heap address: 0x0000000083000000, size: 2000 MB, Compressed Oops mode: 32-bit

CDS archive(s) mapped at: [0x0000000800000000-0x0000000800bc0000-0x0000000800bc0000), size 12320768, SharedBaseAddress: 0x0000000800000000, ArchiveRelocationMode: 0.
Compressed class space mapped at: 0x0000000800c00000-0x0000000840c00000, reserved size: 1073741824
Narrow klass base: 0x0000000800000000, Narrow klass shift: 0, Narrow klass range: 0x100000000

GC Precious Log:
 CPUs: 8 total, 8 available
 Memory: 7998M
 Large Page Support: Disabled
 NUMA Support: Disabled
 Compressed Oops: Enabled (32-bit)
 Heap Region Size: 1M
 Heap Min Capacity: 8M
 Heap Initial Capacity: 126M
 Heap Max Capacity: 2000M
 Pre-touch: Disabled
 Parallel Workers: 8
 Concurrent Workers: 2
 Concurrent Refinement Workers: 8
 Periodic GC: Disabled

Heap:
 garbage-first heap   total 106496K, used 67798K [0x0000000083000000, 0x0000000100000000)
  region size 1024K, 27 young (27648K), 3 survivors (3072K)
 Metaspace       used 86698K, committed 87360K, reserved 1130496K
  class space    used 11394K, committed 11712K, reserved 1048576K

Heap Regions: E=young(eden), S=young(survivor), O=old, HS=humongous(starts), HC=humongous(continues), CS=collection set, F=free, OA=open archive, CA=closed archive, TAMS=top-at-mark-start (previous, next)
|   0|0x0000000083000000, 0x0000000083100000, 0x0000000083100000|100%|HS|  |TAMS 0x0000000083100000, 0x0000000083000000| Complete 
|   1|0x0000000083100000, 0x0000000083200000, 0x0000000083200000|100%|HS|  |TAMS 0x0000000083200000, 0x0000000083100000| Complete 
|   2|0x0000000083200000, 0x0000000083300000, 0x0000000083300000|100%| O|  |TAMS 0x0000000083300000, 0x0000000083200000| Untracked 
|   3|0x0000000083300000, 0x0000000083400000, 0x0000000083400000|100%| O|  |TAMS 0x0000000083400000, 0x0000000083300000| Untracked 
|   4|0x0000000083400000, 0x0000000083500000, 0x0000000083500000|100%| O|  |TAMS 0x0000000083500000, 0x0000000083400000| Untracked 
|   5|0x0000000083500000, 0x0000000083600000, 0x0000000083600000|100%| O|  |TAMS 0x0000000083600000, 0x0000000083500000| Untracked 
|   6|0x0000000083600000, 0x0000000083700000, 0x0000000083700000|100%| O|  |TAMS 0x0000000083700000, 0x0000000083600000| Untracked 
|   7|0x0000000083700000, 0x0000000083800000, 0x0000000083800000|100%| O|  |TAMS 0x0000000083800000, 0x0000000083700000| Untracked 
|   8|0x0000000083800000, 0x0000000083900000, 0x0000000083900000|100%| O|  |TAMS 0x0000000083900000, 0x0000000083800000| Untracked 
|   9|0x0000000083900000, 0x0000000083a00000, 0x0000000083a00000|100%| O|  |TAMS 0x0000000083a00000, 0x0000000083900000| Untracked 
|  10|0x0000000083a00000, 0x0000000083b00000, 0x0000000083b00000|100%| O|  |TAMS 0x0000000083b00000, 0x0000000083a00000| Untracked 
|  11|0x0000000083b00000, 0x0000000083c00000, 0x0000000083c00000|100%| O|  |TAMS 0x0000000083c00000, 0x0000000083b00000| Untracked 
|  12|0x0000000083c00000, 0x0000000083d00000, 0x0000000083d00000|100%| O|  |TAMS 0x0000000083d00000, 0x0000000083c00000| Untracked 
|  13|0x0000000083d00000, 0x0000000083e00000, 0x0000000083e00000|100%| O|  |TAMS 0x0000000083e00000, 0x0000000083d00000| Untracked 
|  14|0x0000000083e00000, 0x0000000083f00000, 0x0000000083f00000|100%| O|  |TAMS 0x0000000083f00000, 0x0000000083e00000| Untracked 
|  15|0x0000000083f00000, 0x0000000084000000, 0x0000000084000000|100%| O|  |TAMS 0x0000000084000000, 0x0000000083f00000| Untracked 
|  16|0x0000000084000000, 0x0000000084100000, 0x0000000084100000|100%| O|  |TAMS 0x0000000084100000, 0x0000000084000000| Untracked 
|  17|0x0000000084100000, 0x0000000084200000, 0x0000000084200000|100%| O|  |TAMS 0x0000000084200000, 0x0000000084100000| Untracked 
|  18|0x0000000084200000, 0x0000000084300000, 0x0000000084300000|100%| O|  |TAMS 0x0000000084300000, 0x0000000084200000| Untracked 
|  19|0x0000000084300000, 0x0000000084400000, 0x0000000084400000|100%| O|  |TAMS 0x0000000084400000, 0x0000000084300000| Untracked 
|  20|0x0000000084400000, 0x0000000084500000, 0x0000000084500000|100%| O|  |TAMS 0x0000000084500000, 0x0000000084400000| Untracked 
|  21|0x0000000084500000, 0x0000000084600000, 0x0000000084600000|100%| O|  |TAMS 0x0000000084600000, 0x0000000084500000| Untracked 
|  22|0x0000000084600000, 0x0000000084700000, 0x0000000084700000|100%| O|  |TAMS 0x0000000084700000, 0x0000000084600000| Untracked 
|  23|0x0000000084700000, 0x0000000084800000, 0x0000000084800000|100%| O|  |TAMS 0x0000000084800000, 0x0000000084700000| Untracked 
|  24|0x0000000084800000, 0x0000000084900000, 0x0000000084900000|100%| O|  |TAMS 0x0000000084900000, 0x0000000084800000| Untracked 
|  25|0x0000000084900000, 0x0000000084a00000, 0x0000000084a00000|100%| O|  |TAMS 0x0000000084a00000, 0x0000000084900000| Untracked 
|  26|0x0000000084a00000, 0x0000000084b00000, 0x0000000084b00000|100%| O|  |TAMS 0x0000000084b00000, 0x0000000084a00000| Untracked 
|  27|0x0000000084b00000, 0x0000000084c00000, 0x0000000084c00000|100%| O|  |TAMS 0x0000000084c00000, 0x0000000084b00000| Untracked 
|  28|0x0000000084c00000, 0x0000000084cec200, 0x0000000084d00000| 92%| O|  |TAMS 0x0000000084cec200, 0x0000000084c00000| Untracked 
|  29|0x0000000084d00000, 0x0000000084e00000, 0x0000000084e00000|100%| O|  |TAMS 0x0000000084e00000, 0x0000000084d00000| Untracked 
|  30|0x0000000084e00000, 0x0000000084f00000, 0x0000000084f00000|100%| O|  |TAMS 0x0000000084f00000, 0x0000000084e00000| Untracked 
|  31|0x0000000084f00000, 0x0000000085000000, 0x0000000085000000|100%| O|  |TAMS 0x0000000085000000, 0x0000000084f00000| Untracked 
|  32|0x0000000085000000, 0x0000000085100000, 0x0000000085100000|100%| O|  |TAMS 0x0000000085100000, 0x0000000085000000| Untracked 
|  33|0x0000000085100000, 0x0000000085200000, 0x0000000085200000|100%| O|  |TAMS 0x0000000085200000, 0x0000000085100000| Untracked 
|  34|0x0000000085200000, 0x0000000085300000, 0x0000000085300000|100%| O|  |TAMS 0x0000000085300000, 0x0000000085200000| Untracked 
|  35|0x0000000085300000, 0x0000000085400000, 0x0000000085400000|100%| O|  |TAMS 0x0000000085400000, 0x0000000085300000| Untracked 
|  36|0x0000000085400000, 0x0000000085500000, 0x0000000085500000|100%| O|  |TAMS 0x0000000085500000, 0x0000000085400000| Untracked 
|  37|0x0000000085500000, 0x0000000085600000, 0x0000000085600000|100%| O|  |TAMS 0x0000000085600000, 0x0000000085500000| Untracked 
|  38|0x0000000085600000, 0x0000000085700000, 0x0000000085700000|100%| O|  |TAMS 0x0000000085700000, 0x0000000085600000| Untracked 
|  39|0x0000000085700000, 0x0000000085800000, 0x0000000085800000|100%| O|  |TAMS 0x0000000085800000, 0x0000000085700000| Untracked 
|  40|0x0000000085800000, 0x0000000085900000, 0x0000000085900000|100%| O|  |TAMS 0x0000000085900000, 0x0000000085800000| Complete 
|  41|0x0000000085900000, 0x0000000085900000, 0x0000000085a00000|  0%| F|  |TAMS 0x0000000085900000, 0x0000000085900000| Untracked 
|  42|0x0000000085a00000, 0x0000000085a00000, 0x0000000085b00000|  0%| F|  |TAMS 0x0000000085a00000, 0x0000000085a00000| Untracked 
|  43|0x0000000085b00000, 0x0000000085b00000, 0x0000000085c00000|  0%| F|  |TAMS 0x0000000085b00000, 0x0000000085b00000| Untracked 
|  44|0x0000000085c00000, 0x0000000085c00000, 0x0000000085d00000|  0%| F|  |TAMS 0x0000000085c00000, 0x0000000085c00000| Untracked 
|  45|0x0000000085d00000, 0x0000000085d00000, 0x0000000085e00000|  0%| F|  |TAMS 0x0000000085d00000, 0x0000000085d00000| Untracked 
|  46|0x0000000085e00000, 0x0000000085e00000, 0x0000000085f00000|  0%| F|  |TAMS 0x0000000085e00000, 0x0000000085e00000| Untracked 
|  47|0x0000000085f00000, 0x0000000085f00000, 0x0000000086000000|  0%| F|  |TAMS 0x0000000085f00000, 0x0000000085f00000| Untracked 
|  48|0x0000000086000000, 0x0000000086000000, 0x0000000086100000|  0%| F|  |TAMS 0x0000000086000000, 0x0000000086000000| Untracked 
|  49|0x0000000086100000, 0x0000000086100000, 0x0000000086200000|  0%| F|  |TAMS 0x0000000086100000, 0x0000000086100000| Untracked 
|  50|0x0000000086200000, 0x0000000086200000, 0x0000000086300000|  0%| F|  |TAMS 0x0000000086200000, 0x0000000086200000| Untracked 
|  51|0x0000000086300000, 0x0000000086300000, 0x0000000086400000|  0%| F|  |TAMS 0x0000000086300000, 0x0000000086300000| Untracked 
|  52|0x0000000086400000, 0x0000000086400000, 0x0000000086500000|  0%| F|  |TAMS 0x0000000086400000, 0x0000000086400000| Untracked 
|  53|0x0000000086500000, 0x0000000086500000, 0x0000000086600000|  0%| F|  |TAMS 0x0000000086500000, 0x0000000086500000| Untracked 
|  54|0x0000000086600000, 0x0000000086600000, 0x0000000086700000|  0%| F|  |TAMS 0x0000000086600000, 0x0000000086600000| Untracked 
|  55|0x0000000086700000, 0x0000000086700000, 0x0000000086800000|  0%| F|  |TAMS 0x0000000086700000, 0x0000000086700000| Untracked 
|  56|0x0000000086800000, 0x0000000086800000, 0x0000000086900000|  0%| F|  |TAMS 0x0000000086800000, 0x0000000086800000| Untracked 
|  57|0x0000000086900000, 0x0000000086900000, 0x0000000086a00000|  0%| F|  |TAMS 0x0000000086900000, 0x0000000086900000| Untracked 
|  58|0x0000000086a00000, 0x0000000086a00000, 0x0000000086b00000|  0%| F|  |TAMS 0x0000000086a00000, 0x0000000086a00000| Untracked 
|  59|0x0000000086b00000, 0x0000000086b00000, 0x0000000086c00000|  0%| F|  |TAMS 0x0000000086b00000, 0x0000000086b00000| Untracked 
|  60|0x0000000086c00000, 0x0000000086c00000, 0x0000000086d00000|  0%| F|  |TAMS 0x0000000086c00000, 0x0000000086c00000| Untracked 
|  61|0x0000000086d00000, 0x0000000086d00000, 0x0000000086e00000|  0%| F|  |TAMS 0x0000000086d00000, 0x0000000086d00000| Untracked 
|  62|0x0000000086e00000, 0x0000000086e00000, 0x0000000086f00000|  0%| F|  |TAMS 0x0000000086e00000, 0x0000000086e00000| Untracked 
|  63|0x0000000086f00000, 0x0000000086f00000, 0x0000000087000000|  0%| F|  |TAMS 0x0000000086f00000, 0x0000000086f00000| Untracked 
|  64|0x0000000087000000, 0x0000000087000000, 0x0000000087100000|  0%| F|  |TAMS 0x0000000087000000, 0x0000000087000000| Untracked 
|  65|0x0000000087100000, 0x0000000087100000, 0x0000000087200000|  0%| F|  |TAMS 0x0000000087100000, 0x0000000087100000| Untracked 
|  66|0x0000000087200000, 0x0000000087200000, 0x0000000087300000|  0%| F|  |TAMS 0x0000000087200000, 0x0000000087200000| Untracked 
|  67|0x0000000087300000, 0x0000000087300000, 0x0000000087400000|  0%| F|  |TAMS 0x0000000087300000, 0x0000000087300000| Untracked 
|  68|0x0000000087400000, 0x0000000087400000, 0x0000000087500000|  0%| F|  |TAMS 0x0000000087400000, 0x0000000087400000| Untracked 
|  69|0x0000000087500000, 0x0000000087500000, 0x0000000087600000|  0%| F|  |TAMS 0x0000000087500000, 0x0000000087500000| Untracked 
|  70|0x0000000087600000, 0x0000000087600000, 0x0000000087700000|  0%| F|  |TAMS 0x0000000087600000, 0x0000000087600000| Untracked 
|  71|0x0000000087700000, 0x0000000087700000, 0x0000000087800000|  0%| F|  |TAMS 0x0000000087700000, 0x0000000087700000| Untracked 
|  72|0x0000000087800000, 0x0000000087800000, 0x0000000087900000|  0%| F|  |TAMS 0x0000000087800000, 0x0000000087800000| Untracked 
|  73|0x0000000087900000, 0x0000000087900000, 0x0000000087a00000|  0%| F|  |TAMS 0x0000000087900000, 0x0000000087900000| Untracked 
|  74|0x0000000087a00000, 0x0000000087a00000, 0x0000000087b00000|  0%| F|  |TAMS 0x0000000087a00000, 0x0000000087a00000| Untracked 
|  75|0x0000000087b00000, 0x0000000087b00000, 0x0000000087c00000|  0%| F|  |TAMS 0x0000000087b00000, 0x0000000087b00000| Untracked 
|  76|0x0000000087c00000, 0x0000000087c00000, 0x0000000087d00000|  0%| F|  |TAMS 0x0000000087c00000, 0x0000000087c00000| Untracked 
|  77|0x0000000087d00000, 0x0000000087dc4e30, 0x0000000087e00000| 76%| E|  |TAMS 0x0000000087d00000, 0x0000000087d00000| Complete 
|  78|0x0000000087e00000, 0x0000000087f00000, 0x0000000087f00000|100%| E|CS|TAMS 0x0000000087e00000, 0x0000000087e00000| Complete 
|  79|0x0000000087f00000, 0x0000000088000000, 0x0000000088000000|100%| E|CS|TAMS 0x0000000087f00000, 0x0000000087f00000| Complete 
|  80|0x0000000088000000, 0x0000000088100000, 0x0000000088100000|100%| E|CS|TAMS 0x0000000088000000, 0x0000000088000000| Complete 
|  81|0x0000000088100000, 0x0000000088200000, 0x0000000088200000|100%| E|CS|TAMS 0x0000000088100000, 0x0000000088100000| Complete 
|  82|0x0000000088200000, 0x0000000088300000, 0x0000000088300000|100%| E|CS|TAMS 0x0000000088200000, 0x0000000088200000| Complete 
|  83|0x0000000088300000, 0x0000000088400000, 0x0000000088400000|100%| E|CS|TAMS 0x0000000088300000, 0x0000000088300000| Complete 
|  84|0x0000000088400000, 0x0000000088500000, 0x0000000088500000|100%| E|CS|TAMS 0x0000000088400000, 0x0000000088400000| Complete 
|  85|0x0000000088500000, 0x0000000088600000, 0x0000000088600000|100%| E|CS|TAMS 0x0000000088500000, 0x0000000088500000| Complete 
|  86|0x0000000088600000, 0x0000000088700000, 0x0000000088700000|100%| E|CS|TAMS 0x0000000088600000, 0x0000000088600000| Complete 
|  87|0x0000000088700000, 0x0000000088800000, 0x0000000088800000|100%| E|CS|TAMS 0x0000000088700000, 0x0000000088700000| Complete 
|  88|0x0000000088800000, 0x0000000088900000, 0x0000000088900000|100%| E|CS|TAMS 0x0000000088800000, 0x0000000088800000| Complete 
|  89|0x0000000088900000, 0x0000000088a00000, 0x0000000088a00000|100%| E|CS|TAMS 0x0000000088900000, 0x0000000088900000| Complete 
|  90|0x0000000088a00000, 0x0000000088b00000, 0x0000000088b00000|100%| E|CS|TAMS 0x0000000088a00000, 0x0000000088a00000| Complete 
|  91|0x0000000088b00000, 0x0000000088c00000, 0x0000000088c00000|100%| E|CS|TAMS 0x0000000088b00000, 0x0000000088b00000| Complete 
|  92|0x0000000088c00000, 0x0000000088d00000, 0x0000000088d00000|100%| E|CS|TAMS 0x0000000088c00000, 0x0000000088c00000| Complete 
|  93|0x0000000088d00000, 0x0000000088e00000, 0x0000000088e00000|100%| E|CS|TAMS 0x0000000088d00000, 0x0000000088d00000| Complete 
|  94|0x0000000088e00000, 0x0000000088f00000, 0x0000000088f00000|100%| E|CS|TAMS 0x0000000088e00000, 0x0000000088e00000| Complete 
|  95|0x0000000088f00000, 0x0000000088f496b0, 0x0000000089000000| 28%| S|CS|TAMS 0x0000000088f00000, 0x0000000088f00000| Complete 
|  96|0x0000000089000000, 0x0000000089100000, 0x0000000089100000|100%| S|CS|TAMS 0x0000000089000000, 0x0000000089000000| Complete 
|  97|0x0000000089100000, 0x0000000089200000, 0x0000000089200000|100%| S|CS|TAMS 0x0000000089100000, 0x0000000089100000| Complete 
|  98|0x0000000089200000, 0x0000000089300000, 0x0000000089300000|100%| E|CS|TAMS 0x0000000089200000, 0x0000000089200000| Complete 
|  99|0x0000000089300000, 0x0000000089400000, 0x0000000089400000|100%| E|CS|TAMS 0x0000000089300000, 0x0000000089300000| Complete 
| 100|0x0000000089400000, 0x0000000089500000, 0x0000000089500000|100%| E|CS|TAMS 0x0000000089400000, 0x0000000089400000| Complete 
| 101|0x0000000089500000, 0x0000000089600000, 0x0000000089600000|100%| E|CS|TAMS 0x0000000089500000, 0x0000000089500000| Complete 
| 106|0x0000000089a00000, 0x0000000089b00000, 0x0000000089b00000|100%| E|CS|TAMS 0x0000000089a00000, 0x0000000089a00000| Complete 
| 125|0x000000008ad00000, 0x000000008ae00000, 0x000000008ae00000|100%| E|CS|TAMS 0x000000008ad00000, 0x000000008ad00000| Complete 

Card table byte_map: [0x0000014175380000,0x0000014175770000] _byte_map_base: 0x0000014174f68000

Marking Bits (Prev, Next): (CMBitMap*) 0x000001415e1d8a00, (CMBitMap*) 0x000001415e1d89c0
 Prev Bits: [0x0000014177aa0000, 0x00000141799e0000)
 Next Bits: [0x0000014175b60000, 0x0000014177aa0000)

Polling page: 0x000001415c0f0000

Metaspace:

Usage:
  Non-class:     73.54 MB used.
      Class:     11.13 MB used.
       Both:     84.67 MB used.

Virtual space:
  Non-class space:       80.00 MB reserved,      73.88 MB ( 92%) committed,  10 nodes.
      Class space:        1.00 GB reserved,      11.44 MB (  1%) committed,  1 nodes.
             Both:        1.08 GB reserved,      85.31 MB (  8%) committed. 

Chunk freelists:
   Non-Class:  1.97 MB
       Class:  563.00 KB
        Both:  2.52 MB

MaxMetaspaceSize: unlimited
CompressedClassSpaceSize: 1.00 GB
Initial GC threshold: 21.00 MB
Current GC threshold: 142.19 MB
CDS: on
MetaspaceReclaimPolicy: balanced
 - commit_granule_bytes: 65536.
 - commit_granule_words: 8192.
 - virtual_space_node_default_size: 1048576.
 - enlarge_chunks_in_place: 1.
 - new_chunks_are_fully_committed: 0.
 - uncommit_free_chunks: 1.
 - use_allocation_guard: 0.
 - handle_deallocations: 1.


Internal statistics:

num_allocs_failed_limit: 9.
num_arena_births: 846.
num_arena_deaths: 0.
num_vsnodes_births: 11.
num_vsnodes_deaths: 0.
num_space_committed: 1365.
num_space_uncommitted: 0.
num_chunks_returned_to_freelist: 9.
num_chunks_taken_from_freelist: 3997.
num_chunk_merges: 6.
num_chunk_splits: 2930.
num_chunks_enlarged: 2310.
num_purges: 0.
num_inconsistent_stats: 0.

CodeHeap 'non-profiled nmethods': size=120000Kb used=5949Kb max_used=5949Kb free=114050Kb
 bounds [0x000001416d730000, 0x000001416dd00000, 0x0000014174c60000]
CodeHeap 'profiled nmethods': size=120000Kb used=21245Kb max_used=21245Kb free=98754Kb
 bounds [0x0000014166200000, 0x00000141676d0000, 0x000001416d730000]
CodeHeap 'non-nmethods': size=5760Kb used=1373Kb max_used=1527Kb free=4386Kb
 bounds [0x0000014165c60000, 0x0000014165ed0000, 0x0000014166200000]
 total_blobs=10990 nmethods=10271 adapters=631
 compilation: enabled
              stopped_count=0, restarted_count=0
 full_count=0

Compilation events (20 events):
Event: 415.731 Thread 0x000001417c40db00 11871       3       org.hibernate.persister.entity.AbstractEntityPersister::createRootTableGroup (210 bytes)
Event: 415.736 Thread 0x000001417c40db00 nmethod 11871 0x00000141676b2f90 code [0x00000141676b33a0, 0x00000141676b5918]
Event: 415.736 Thread 0x000001417c40db00 11873       3       org.hibernate.query.sqm.sql.BaseSqmToSqlAstConverter::consumeJoins (194 bytes)
Event: 415.738 Thread 0x000001417c40db00 nmethod 11873 0x00000141676b6690 code [0x00000141676b6980, 0x00000141676b7ea8]
Event: 415.738 Thread 0x000001417c40db00 11875       3       org.hibernate.query.sqm.sql.BaseSqmToSqlAstConverter::registerSqmFromTableGroup (62 bytes)
Event: 415.740 Thread 0x000001417c40db00 nmethod 11875 0x00000141676b8390 code [0x00000141676b8640, 0x00000141676b9988]
Event: 415.740 Thread 0x000001417c40db00 11874       3       org.hibernate.sql.ast.spi.SqlAliasBaseManager::createSqlAliasBase (67 bytes)
Event: 415.742 Thread 0x000001417c40db00 nmethod 11874 0x00000141676b9f90 code [0x00000141676ba2e0, 0x00000141676bb908]
Event: 415.743 Thread 0x000001417c40db00 11876       3       org.hibernate.sql.ast.spi.AbstractSqlAstTranslator::getRowsToSkip (71 bytes)
Event: 415.743 Thread 0x000001417c40db00 nmethod 11876 0x00000141676bc110 code [0x00000141676bc2e0, 0x00000141676bca58]
Event: 415.743 Thread 0x000001417c40db00 11872       3       java.util.Calendar::get (10 bytes)
Event: 415.744 Thread 0x000001417c40db00 nmethod 11872 0x00000141676bcc10 code [0x00000141676bcdc0, 0x00000141676bd028]
Event: 415.750 Thread 0x000001417c40db00 11877   !   3       org.hibernate.sql.ast.spi.AbstractSqlAstTranslator::visitSelectStatement (110 bytes)
Event: 415.753 Thread 0x000001417c40db00 nmethod 11877 0x00000141676bd190 code [0x00000141676bd460, 0x00000141676be598]
Event: 415.787 Thread 0x000001417c40db00 11878       3       java.util.concurrent.locks.ReentrantReadWriteLock$Sync$ThreadLocalHoldCounter::initialValue (5 bytes)
Event: 415.788 Thread 0x000001417c40db00 nmethod 11878 0x00000141676bed90 code [0x00000141676bef40, 0x00000141676bf258]
Event: 415.788 Thread 0x000001417c40db00 11879       3       java.util.concurrent.locks.ReentrantReadWriteLock$Sync$ThreadLocalHoldCounter::initialValue (8 bytes)
Event: 415.788 Thread 0x000001417c40db00 nmethod 11879 0x00000141676bf390 code [0x00000141676bf540, 0x00000141676bf7f8]
Event: 415.806 Thread 0x000001417c40db00 11880       3       java.util.HashSet::spliterator (16 bytes)
Event: 415.806 Thread 0x000001417c40db00 nmethod 11880 0x00000141676bf910 code [0x00000141676bfac0, 0x00000141676bfc88]

GC Heap History (20 events):
Event: 8.478 GC heap before
{Heap before GC invocations=16 (full 0):
 garbage-first heap   total 58368K, used 29860K [0x0000000083000000, 0x0000000100000000)
  region size 1024K, 3 young (3072K), 2 survivors (2048K)
 Metaspace       used 47256K, committed 47744K, reserved 1097728K
  class space    used 6268K, committed 6528K, reserved 1048576K
}
Event: 8.483 GC heap after
{Heap after GC invocations=17 (full 0):
 garbage-first heap   total 58368K, used 28806K [0x0000000083000000, 0x0000000100000000)
  region size 1024K, 1 young (1024K), 1 survivors (1024K)
 Metaspace       used 47256K, committed 47744K, reserved 1097728K
  class space    used 6268K, committed 6528K, reserved 1048576K
}
Event: 9.234 GC heap before
{Heap before GC invocations=17 (full 0):
 garbage-first heap   total 58368K, used 46214K [0x0000000083000000, 0x0000000100000000)
  region size 1024K, 18 young (18432K), 1 survivors (1024K)
 Metaspace       used 51596K, committed 52096K, reserved 1097728K
  class space    used 6867K, committed 7104K, reserved 1048576K
}
Event: 9.236 GC heap after
{Heap after GC invocations=18 (full 0):
 garbage-first heap   total 110592K, used 29385K [0x0000000083000000, 0x0000000100000000)
  region size 1024K, 1 young (1024K), 1 survivors (1024K)
 Metaspace       used 51596K, committed 52096K, reserved 1097728K
  class space    used 6867K, committed 7104K, reserved 1048576K
}
Event: 10.925 GC heap before
{Heap before GC invocations=19 (full 0):
 garbage-first heap   total 106496K, used 86729K [0x0000000083000000, 0x0000000100000000)
  region size 1024K, 58 young (59392K), 1 survivors (1024K)
 Metaspace       used 65147K, committed 65664K, reserved 1105920K
  class space    used 8931K, committed 9152K, reserved 1048576K
}
Event: 10.932 GC heap after
{Heap after GC invocations=20 (full 0):
 garbage-first heap   total 106496K, used 32642K [0x0000000083000000, 0x0000000100000000)
  region size 1024K, 4 young (4096K), 4 survivors (4096K)
 Metaspace       used 65147K, committed 65664K, reserved 1105920K
  class space    used 8931K, committed 9152K, reserved 1048576K
}
Event: 10.959 GC heap before
{Heap before GC invocations=20 (full 0):
 garbage-first heap   total 106496K, used 33666K [0x0000000083000000, 0x0000000100000000)
  region size 1024K, 5 young (5120K), 4 survivors (4096K)
 Metaspace       used 65254K, committed 65792K, reserved 1105920K
  class space    used 8947K, committed 9216K, reserved 1048576K
}
Event: 10.965 GC heap after
{Heap after GC invocations=21 (full 0):
 garbage-first heap   total 106496K, used 32991K [0x0000000083000000, 0x0000000100000000)
  region size 1024K, 1 young (1024K), 1 survivors (1024K)
 Metaspace       used 65254K, committed 65792K, reserved 1105920K
  class space    used 8947K, committed 9216K, reserved 1048576K
}
Event: 13.203 GC heap before
{Heap before GC invocations=21 (full 0):
 garbage-first heap   total 106496K, used 84191K [0x0000000083000000, 0x0000000100000000)
  region size 1024K, 51 young (52224K), 1 survivors (1024K)
 Metaspace       used 71516K, committed 72064K, reserved 1114112K
  class space    used 9753K, committed 9984K, reserved 1048576K
}
Event: 13.210 GC heap after
{Heap after GC invocations=22 (full 0):
 garbage-first heap   total 106496K, used 37091K [0x0000000083000000, 0x0000000100000000)
  region size 1024K, 5 young (5120K), 5 survivors (5120K)
 Metaspace       used 71516K, committed 72064K, reserved 1114112K
  class space    used 9753K, committed 9984K, reserved 1048576K
}
Event: 15.793 GC heap before
{Heap before GC invocations=22 (full 0):
 garbage-first heap   total 106496K, used 84195K [0x0000000083000000, 0x0000000100000000)
  region size 1024K, 51 young (52224K), 5 survivors (5120K)
 Metaspace       used 79147K, committed 79744K, reserved 1122304K
  class space    used 10781K, committed 11072K, reserved 1048576K
}
Event: 15.803 GC heap after
{Heap after GC invocations=23 (full 0):
 garbage-first heap   total 106496K, used 42133K [0x0000000083000000, 0x0000000100000000)
  region size 1024K, 6 young (6144K), 6 survivors (6144K)
 Metaspace       used 79147K, committed 79744K, reserved 1122304K
  class space    used 10781K, committed 11072K, reserved 1048576K
}
Event: 301.871 GC heap before
{Heap before GC invocations=23 (full 0):
 garbage-first heap   total 106496K, used 81045K [0x0000000083000000, 0x0000000100000000)
  region size 1024K, 45 young (46080K), 6 survivors (6144K)
 Metaspace       used 83827K, committed 84416K, reserved 1122304K
  class space    used 11385K, committed 11648K, reserved 1048576K
}
Event: 301.896 GC heap after
{Heap after GC invocations=24 (full 0):
 garbage-first heap   total 106496K, used 43914K [0x0000000083000000, 0x0000000100000000)
  region size 1024K, 2 young (2048K), 2 survivors (2048K)
 Metaspace       used 83827K, committed 84416K, reserved 1122304K
  class space    used 11385K, committed 11648K, reserved 1048576K
}
Event: 407.838 GC heap before
{Heap before GC invocations=24 (full 0):
 garbage-first heap   total 106496K, used 84874K [0x0000000083000000, 0x0000000100000000)
  region size 1024K, 42 young (43008K), 2 survivors (2048K)
 Metaspace       used 85497K, committed 86080K, reserved 1130496K
  class space    used 11393K, committed 11712K, reserved 1048576K
}
Event: 407.845 GC heap after
{Heap after GC invocations=25 (full 0):
 garbage-first heap   total 106496K, used 44284K [0x0000000083000000, 0x0000000100000000)
  region size 1024K, 3 young (3072K), 3 survivors (3072K)
 Metaspace       used 85497K, committed 86080K, reserved 1130496K
  class space    used 11393K, committed 11712K, reserved 1048576K
}
Event: 413.328 GC heap before
{Heap before GC invocations=25 (full 0):
 garbage-first heap   total 106496K, used 86268K [0x0000000083000000, 0x0000000100000000)
  region size 1024K, 44 young (45056K), 3 survivors (3072K)
 Metaspace       used 86457K, committed 87040K, reserved 1130496K
  class space    used 11394K, committed 11712K, reserved 1048576K
}
Event: 413.334 GC heap after
{Heap after GC invocations=26 (full 0):
 garbage-first heap   total 106496K, used 44251K [0x0000000083000000, 0x0000000100000000)
  region size 1024K, 3 young (3072K), 3 survivors (3072K)
 Metaspace       used 86457K, committed 87040K, reserved 1130496K
  class space    used 11394K, committed 11712K, reserved 1048576K
}
Event: 413.816 GC heap before
{Heap before GC invocations=26 (full 0):
 garbage-first heap   total 106496K, used 49371K [0x0000000083000000, 0x0000000100000000)
  region size 1024K, 9 young (9216K), 3 survivors (3072K)
 Metaspace       used 86669K, committed 87296K, reserved 1130496K
  class space    used 11394K, committed 11712K, reserved 1048576K
}
Event: 413.823 GC heap after
{Heap after GC invocations=27 (full 0):
 garbage-first heap   total 106496K, used 44246K [0x0000000083000000, 0x0000000100000000)
  region size 1024K, 3 young (3072K), 3 survivors (3072K)
 Metaspace       used 86669K, committed 87296K, reserved 1130496K
  class space    used 11394K, committed 11712K, reserved 1048576K
}

Deoptimization events (20 events):
Event: 52.698 Thread 0x0000014106c746e0 DEOPT PACKING pc=0x000001416db14d04 sp=0x000000169e0fd3f0
Event: 52.698 Thread 0x0000014106c746e0 DEOPT UNPACKING pc=0x0000014165cb23a3 sp=0x000000169e0fd368 mode 2
Event: 408.008 Thread 0x0000014106c77230 Uncommon trap: trap_request=0xffffffd6 fr.pc=0x000001416dcee744 relative=0x00000000000003a4
Event: 408.008 Thread 0x0000014106c77230 Uncommon trap: reason=array_check action=maybe_recompile pc=0x000001416dcee744 method=org.hibernate.internal.util.collections.StandardStack.push(Ljava/lang/Object;)V @ 43 c2
Event: 408.008 Thread 0x0000014106c77230 DEOPT PACKING pc=0x000001416dcee744 sp=0x000000169e7fb7f0
Event: 408.009 Thread 0x0000014106c75080 Uncommon trap: trap_request=0xffffffd6 fr.pc=0x000001416dcee744 relative=0x00000000000003a4
Event: 408.009 Thread 0x0000014106c75080 Uncommon trap: reason=array_check action=maybe_recompile pc=0x000001416dcee744 method=org.hibernate.internal.util.collections.StandardStack.push(Ljava/lang/Object;)V @ 43 c2
Event: 408.009 Thread 0x0000014106c75080 DEOPT PACKING pc=0x000001416dcee744 sp=0x000000169e3fb820
Event: 408.011 Thread 0x0000014106c746e0 Uncommon trap: trap_request=0xffffffd6 fr.pc=0x000001416dcee744 relative=0x00000000000003a4
Event: 408.011 Thread 0x0000014106c75550 Uncommon trap: trap_request=0xffffffd6 fr.pc=0x000001416dcee744 relative=0x00000000000003a4
Event: 408.011 Thread 0x0000014106c746e0 Uncommon trap: reason=array_check action=maybe_recompile pc=0x000001416dcee744 method=org.hibernate.internal.util.collections.StandardStack.push(Ljava/lang/Object;)V @ 43 c2
Event: 408.011 Thread 0x0000014106c75550 Uncommon trap: reason=array_check action=maybe_recompile pc=0x000001416dcee744 method=org.hibernate.internal.util.collections.StandardStack.push(Ljava/lang/Object;)V @ 43 c2
Event: 408.011 Thread 0x0000014106c746e0 DEOPT PACKING pc=0x000001416dcee744 sp=0x000000169e0fb9d0
Event: 408.011 Thread 0x0000014106c75550 DEOPT PACKING pc=0x000001416dcee744 sp=0x000000169e6fb8b0
Event: 408.012 Thread 0x0000014106c75550 DEOPT UNPACKING pc=0x0000014165cb23a3 sp=0x000000169e6fb870 mode 2
Event: 408.016 Thread 0x0000014106c75080 DEOPT UNPACKING pc=0x0000014165cb23a3 sp=0x000000169e3fb7e0 mode 2
Event: 408.020 Thread 0x0000014106c746e0 DEOPT UNPACKING pc=0x0000014165cb23a3 sp=0x000000169e0fb990 mode 2
Event: 408.028 Thread 0x0000014106c77230 DEOPT UNPACKING pc=0x0000014165cb23a3 sp=0x000000169e7fb7b0 mode 2
Event: 413.200 Thread 0x0000014106c76d60 DEOPT PACKING pc=0x000001416713519d sp=0x000000169e5fce50
Event: 413.200 Thread 0x0000014106c76d60 DEOPT UNPACKING pc=0x0000014165cb2b43 sp=0x000000169e5fc2e0 mode 0

Classes unloaded (0 events):
No events

Classes redefined (0 events):
No events

Internal exceptions (20 events):
Event: 12.182 Thread 0x000001417dfc78d0 Exception <a 'sun/nio/fs/WindowsException'{0x0000000087824fd8}> (0x0000000087824fd8) 
thrown [c:\jenkins\workspace\zulu17-build-win64\zulu-src.git\src\hotspot\share\prims\jni.cpp, line 516]
Event: 12.292 Thread 0x000001417dfc78d0 Exception <a 'java/lang/IncompatibleClassChangeError'{0x00000000875a5030}: Found class java.lang.Object, but interface was expected> (0x00000000875a5030) 
thrown [c:\jenkins\workspace\zulu17-build-win64\zulu-src.git\src\hotspot\share\interpreter\linkResolver.cpp, line 833]
Event: 12.424 Thread 0x000001417dfc78d0 Exception <a 'java/lang/NoSuchMethodError'{0x0000000087387d40}: 'void java.lang.invoke.DirectMethodHandle$Holder.invokeVirtual(java.lang.Object, java.lang.Object, long)'> (0x0000000087387d40) 
thrown [c:\jenkins\workspace\zulu17-build-win64\zulu-src.git\src\hotspot\share\interpreter\linkResolver.cpp, line 766]
Event: 12.623 Thread 0x000001417dfc78d0 Exception <a 'java/lang/NoSuchMethodError'{0x0000000086f3c328}: 'int java.lang.invoke.DirectMethodHandle$Holder.invokeStaticInit(java.lang.Object, java.lang.Object, java.lang.Object, java.lang.Object)'> (0x0000000086f3c328) 
thrown [c:\jenkins\workspace\zulu17-build-win64\zulu-src.git\src\hotspot\share\interpreter\linkResolver.cpp, line 766]
Event: 12.834 Thread 0x000001417dfc78d0 Exception <a 'java/lang/IncompatibleClassChangeError'{0x0000000086b0b838}: Found class java.lang.Object, but interface was expected> (0x0000000086b0b838) 
thrown [c:\jenkins\workspace\zulu17-build-win64\zulu-src.git\src\hotspot\share\interpreter\linkResolver.cpp, line 833]
Event: 12.852 Thread 0x000001417dfc78d0 Implicit null exception at 0x000001416d8b5d40 to 0x000001416d8b5f58
Event: 13.530 Thread 0x000001417dfc78d0 Implicit null exception at 0x000001416d7ef0ec to 0x000001416d7ef19c
Event: 13.530 Thread 0x000001417dfc78d0 Implicit null exception at 0x000001416d7ef0ec to 0x000001416d7ef19c
Event: 14.070 Thread 0x000001417dfc78d0 Exception <a 'java/lang/NoSuchMethodError'{0x0000000088c0fc68}: 'java.lang.Object java.lang.invoke.DirectMethodHandle$Holder.newInvokeSpecial(java.lang.Object, java.lang.Object, int, java.lang.Object, java.lang.Object)'> (0x0000000088c0fc68) 
thrown [c:\jenkins\workspace\zulu17-build-win64\zulu-src.git\src\hotspot\share\interpreter\linkResolver.cpp, line 766]
Event: 14.072 Thread 0x000001417dfc78d0 Exception <a 'java/lang/NoSuchMethodError'{0x0000000088c1af00}: 'java.lang.Object java.lang.invoke.DirectMethodHandle$Holder.invokeSpecial(java.lang.Object, java.lang.Object, int, java.lang.Object, int, java.lang.Object)'> (0x0000000088c1af00) 
thrown [c:\jenkins\workspace\zulu17-build-win64\zulu-src.git\src\hotspot\share\interpreter\linkResolver.cpp, line 766]
Event: 14.072 Thread 0x000001417dfc78d0 Exception <a 'java/lang/NoSuchMethodError'{0x0000000088c22f20}: 'java.lang.Object java.lang.invoke.DirectMethodHandle$Holder.newInvokeSpecial(java.lang.Object, java.lang.Object, int, java.lang.Object, int)'> (0x0000000088c22f20) 
thrown [c:\jenkins\workspace\zulu17-build-win64\zulu-src.git\src\hotspot\share\interpreter\linkResolver.cpp, line 766]
Event: 14.073 Thread 0x000001417dfc78d0 Exception <a 'java/lang/NoSuchMethodError'{0x0000000088c27020}: 'java.lang.Object java.lang.invoke.DirectMethodHandle$Holder.invokeSpecial(java.lang.Object, java.lang.Object, java.lang.Object, int, java.lang.Object, int)'> (0x0000000088c27020) 
thrown [c:\jenkins\workspace\zulu17-build-win64\zulu-src.git\src\hotspot\share\interpreter\linkResolver.cpp, line 766]
Event: 14.203 Thread 0x000001417dfc78d0 Exception <a 'java/lang/IncompatibleClassChangeError'{0x0000000088a3b608}: Found class java.lang.Object, but interface was expected> (0x0000000088a3b608) 
thrown [c:\jenkins\workspace\zulu17-build-win64\zulu-src.git\src\hotspot\share\interpreter\linkResolver.cpp, line 833]
Event: 14.293 Thread 0x000001417dfc78d0 Implicit null exception at 0x000001416da2f40d to 0x000001416da2f5d8
Event: 14.481 Thread 0x000001417dfc78d0 Exception <a 'sun/nio/fs/WindowsException'{0x000000008860d9d0}> (0x000000008860d9d0) 
thrown [c:\jenkins\workspace\zulu17-build-win64\zulu-src.git\src\hotspot\share\prims\jni.cpp, line 516]
Event: 52.047 Thread 0x0000014106c78a40 Exception <a 'java/lang/NoSuchMethodError'{0x00000000890ae030}: 'java.lang.Object java.lang.invoke.DirectMethodHandle$Holder.invokeSpecial(java.lang.Object, java.lang.Object, java.lang.Object, java.lang.Object, java.lang.Object, long)'> (0x00000000890ae030) 
thrown [c:\jenkins\workspace\zulu17-build-win64\zulu-src.git\src\hotspot\share\interpreter\linkResolver.cpp, line 766]
Event: 52.047 Thread 0x0000014106c78a40 Exception <a 'java/lang/NoSuchMethodError'{0x00000000890b1a70}: 'java.lang.Object java.lang.invoke.Invokers$Holder.linkToTargetMethod(java.lang.Object, java.lang.Object, java.lang.Object, long, java.lang.Object)'> (0x00000000890b1a70) 
thrown [c:\jenkins\workspace\zulu17-build-win64\zulu-src.git\src\hotspot\share\interpreter\linkResolver.cpp, line 766]
Event: 52.216 Thread 0x0000014106c78a40 Implicit null exception at 0x000001416daae7a0 to 0x000001416dab42f8
Event: 52.670 Thread 0x0000014106c75080 Exception <a 'java/lang/IncompatibleClassChangeError'{0x000000008842cad0}: Found class java.lang.Object, but interface was expected> (0x000000008842cad0) 
thrown [c:\jenkins\workspace\zulu17-build-win64\zulu-src.git\src\hotspot\share\interpreter\linkResolver.cpp, line 833]
Event: 52.670 Thread 0x0000014106c746e0 Exception <a 'java/lang/IncompatibleClassChangeError'{0x000000008846f1f8}: Found class java.lang.Object, but interface was expected> (0x000000008846f1f8) 
thrown [c:\jenkins\workspace\zulu17-build-win64\zulu-src.git\src\hotspot\share\interpreter\linkResolver.cpp, line 833]

VM Operations (20 events):
Event: 412.918 Executing VM operation: ICBufferFull
Event: 412.924 Executing VM operation: ICBufferFull done
Event: 413.301 Executing VM operation: ICBufferFull
Event: 413.319 Executing VM operation: ICBufferFull done
Event: 413.328 Executing VM operation: G1CollectForAllocation
Event: 413.338 Executing VM operation: G1CollectForAllocation done
Event: 413.805 Executing VM operation: ICBufferFull
Event: 413.807 Executing VM operation: ICBufferFull done
Event: 413.816 Executing VM operation: CollectForMetadataAllocation
Event: 413.824 Executing VM operation: CollectForMetadataAllocation done
Event: 413.944 Executing VM operation: G1Concurrent
Event: 413.966 Executing VM operation: G1Concurrent done
Event: 414.000 Executing VM operation: G1Concurrent
Event: 414.000 Executing VM operation: G1Concurrent done
Event: 414.773 Executing VM operation: ICBufferFull
Event: 414.774 Executing VM operation: ICBufferFull done
Event: 415.050 Executing VM operation: ICBufferFull
Event: 415.050 Executing VM operation: ICBufferFull done
Event: 415.659 Executing VM operation: ICBufferFull
Event: 415.659 Executing VM operation: ICBufferFull done

Events (20 events):
Event: 408.238 Thread 0x000001417c410410 flushing nmethod 0x0000014167051510
Event: 408.238 Thread 0x000001417c410410 flushing nmethod 0x000001416705a910
Event: 408.238 Thread 0x000001417c410410 flushing nmethod 0x0000014167073510
Event: 408.238 Thread 0x000001417c410410 flushing nmethod 0x000001416707f790
Event: 408.238 Thread 0x000001417c410410 flushing nmethod 0x0000014167083290
Event: 408.238 Thread 0x000001417c410410 flushing nmethod 0x0000014167083d10
Event: 408.238 Thread 0x000001417c410410 flushing nmethod 0x000001416708d390
Event: 408.239 Thread 0x000001417c410410 flushing nmethod 0x00000141670e1290
Event: 408.239 Thread 0x000001417c410410 flushing nmethod 0x00000141670ed690
Event: 408.239 Thread 0x000001417c410410 flushing nmethod 0x0000014167105390
Event: 408.240 Thread 0x000001417c410410 flushing nmethod 0x0000014167156190
Event: 408.240 Thread 0x000001417c410410 flushing nmethod 0x000001416716d790
Event: 408.240 Thread 0x000001417c410410 flushing nmethod 0x0000014167171e90
Event: 408.733 Thread 0x00000141027db850 Thread exited: 0x00000141027db850
Event: 409.470 Thread 0x00000141085ef5c0 Thread exited: 0x00000141085ef5c0
Event: 409.869 Thread 0x0000014100480840 Thread added: 0x0000014100480840
Event: 411.642 Thread 0x0000014100480840 Thread exited: 0x0000014100480840
Event: 411.954 Thread 0x0000014100480840 Thread added: 0x0000014100480840
Event: 412.922 Thread 0x00000141006753e0 Thread added: 0x00000141006753e0
Event: 413.562 Thread 0x0000014100480840 Thread exited: 0x0000014100480840


Dynamic libraries:
0x00007ff7766a0000 - 0x00007ff7766ae000 	C:\Program Files\Zulu\zulu-17\bin\java.exe
0x00007fff357f0000 - 0x00007fff35a07000 	C:\Windows\SYSTEM32\ntdll.dll
0x00007fff35350000 - 0x00007fff35414000 	C:\Windows\System32\KERNEL32.DLL
0x00007fff32c60000 - 0x00007fff33006000 	C:\Windows\System32\KERNELBASE.dll
0x00007fff33130000 - 0x00007fff33241000 	C:\Windows\System32\ucrtbase.dll
0x00007fff14810000 - 0x00007fff14828000 	C:\Program Files\Zulu\zulu-17\bin\jli.dll
0x00007fff2d620000 - 0x00007fff2d63b000 	C:\Program Files\Zulu\zulu-17\bin\VCRUNTIME140.dll
0x00007fff33540000 - 0x00007fff336ee000 	C:\Windows\System32\USER32.dll
0x00007fff188c0000 - 0x00007fff18b53000 	C:\Windows\WinSxS\amd64_microsoft.windows.common-controls_6595b64144ccf1df_6.0.22621.2506_none_270c5ae97388e100\COMCTL32.dll
0x00007fff33460000 - 0x00007fff33486000 	C:\Windows\System32\win32u.dll
0x00007fff35420000 - 0x00007fff354c7000 	C:\Windows\System32\msvcrt.dll
0x00007fff35780000 - 0x00007fff357a9000 	C:\Windows\System32\GDI32.dll
0x00007fff33010000 - 0x00007fff33128000 	C:\Windows\System32\gdi32full.dll
0x00007fff33250000 - 0x00007fff332ea000 	C:\Windows\System32\msvcp_win.dll
0x00007fff34650000 - 0x00007fff34681000 	C:\Windows\System32\IMM32.DLL
0x00007fff32690000 - 0x00007fff32830000 	C:\Program Files\Avecto\Privilege Guard Client\PGHook.dll
0x00007fff354d0000 - 0x00007fff35583000 	C:\Windows\System32\ADVAPI32.dll
0x00007fff355a0000 - 0x00007fff35648000 	C:\Windows\System32\sechost.dll
0x00007fff33510000 - 0x00007fff33538000 	C:\Windows\System32\bcrypt.dll
0x00007fff348a0000 - 0x00007fff349b7000 	C:\Windows\System32\RPCRT4.dll
0x00007fff2d560000 - 0x00007fff2d56c000 	C:\Program Files\Zulu\zulu-17\bin\vcruntime140_1.dll
0x00007fff13030000 - 0x00007fff130bd000 	C:\Program Files\Zulu\zulu-17\bin\msvcp140.dll
0x00007ffe82f50000 - 0x00007ffe83bb0000 	C:\Program Files\Zulu\zulu-17\bin\server\jvm.dll
0x00007fff34e30000 - 0x00007fff34e38000 	C:\Windows\System32\PSAPI.DLL
0x00007fff10d80000 - 0x00007fff10d89000 	C:\Windows\SYSTEM32\WSOCK32.dll
0x00007fff35650000 - 0x00007fff356c1000 	C:\Windows\System32\WS2_32.dll
0x00007fff2aad0000 - 0x00007fff2ab04000 	C:\Windows\SYSTEM32\WINMM.dll
0x00007fff2b080000 - 0x00007fff2b08a000 	C:\Windows\SYSTEM32\VERSION.dll
0x00007fff318a0000 - 0x00007fff318b8000 	C:\Windows\SYSTEM32\kernel.appcore.dll
0x00007fff14800000 - 0x00007fff1480a000 	C:\Program Files\Zulu\zulu-17\bin\jimage.dll
0x00007fff19f80000 - 0x00007fff1a1b3000 	C:\Windows\SYSTEM32\DBGHELP.DLL
0x00007fff34aa0000 - 0x00007fff34e29000 	C:\Windows\System32\combase.dll
0x00007fff349c0000 - 0x00007fff34a97000 	C:\Windows\System32\OLEAUT32.dll
0x00007fff10d10000 - 0x00007fff10d42000 	C:\Windows\SYSTEM32\dbgcore.DLL
0x00007fff33490000 - 0x00007fff3350a000 	C:\Windows\System32\bcryptPrimitives.dll
0x00007fff22ce0000 - 0x00007fff22cee000 	C:\Program Files\Zulu\zulu-17\bin\instrument.dll
0x00007fff13000000 - 0x00007fff13025000 	C:\Program Files\Zulu\zulu-17\bin\java.dll
0x00007fff01b10000 - 0x00007fff01be7000 	C:\Program Files\Zulu\zulu-17\bin\jsvml.dll
0x00007fff33d30000 - 0x00007fff3458b000 	C:\Windows\System32\SHELL32.dll
0x00007fff305d0000 - 0x00007fff30ec6000 	C:\Windows\SYSTEM32\windows.storage.dll
0x00007fff30490000 - 0x00007fff305ce000 	C:\Windows\SYSTEM32\wintypes.dll
0x00007fff33970000 - 0x00007fff33a63000 	C:\Windows\System32\SHCORE.dll
0x00007fff345f0000 - 0x00007fff3464e000 	C:\Windows\System32\shlwapi.dll
0x00007fff32a60000 - 0x00007fff32a86000 	C:\Windows\SYSTEM32\profapi.dll
0x00007fff12fc0000 - 0x00007fff12fd8000 	C:\Program Files\Zulu\zulu-17\bin\zip.dll
0x00007fff147e0000 - 0x00007fff147f9000 	C:\Program Files\Zulu\zulu-17\bin\net.dll
0x00007fff318c0000 - 0x00007fff319f7000 	C:\Windows\SYSTEM32\WINHTTP.dll
0x00007fff31e50000 - 0x00007fff31eb9000 	C:\Windows\system32\mswsock.dll
0x00007fff12fe0000 - 0x00007fff12ff6000 	C:\Program Files\Zulu\zulu-17\bin\nio.dll
0x00007fff132d0000 - 0x00007fff132ea000 	C:\Program Files\JetBrains\IntelliJ IDEA Community Edition 2022.3.3\bin\breakgen64.dll
0x00007fff132a0000 - 0x00007fff132a9000 	C:\Program Files\Zulu\zulu-17\bin\management.dll
0x00007fff12ae0000 - 0x00007fff12aeb000 	C:\Program Files\Zulu\zulu-17\bin\management_ext.dll
0x00007fff31120000 - 0x00007fff3114d000 	C:\Windows\SYSTEM32\IPHLPAPI.DLL
0x00007fff33cd0000 - 0x00007fff33cd9000 	C:\Windows\System32\NSI.dll
0x00007fff2af20000 - 0x00007fff2af39000 	C:\Windows\SYSTEM32\dhcpcsvc6.DLL
0x00007fff2af00000 - 0x00007fff2af1f000 	C:\Windows\SYSTEM32\dhcpcsvc.DLL
0x00007fff31150000 - 0x00007fff31249000 	C:\Windows\SYSTEM32\DNSAPI.dll
0x00007fff19a00000 - 0x00007fff19a0a000 	C:\Windows\System32\rasadhlp.dll
0x00007fff284f0000 - 0x00007fff28573000 	C:\Windows\System32\fwpuclnt.dll
0x00007fff12a80000 - 0x00007fff12a8d000 	C:\Program Files\Zulu\zulu-17\bin\sunmscapi.dll
0x00007fff332f0000 - 0x00007fff33456000 	C:\Windows\System32\CRYPT32.dll
0x00007fff322c0000 - 0x00007fff322ee000 	C:\Windows\SYSTEM32\ncrypt.dll
0x00007fff32210000 - 0x00007fff32247000 	C:\Windows\SYSTEM32\NTASN1.dll
0x00007fff32150000 - 0x00007fff3216b000 	C:\Windows\SYSTEM32\CRYPTSP.dll
0x00007fff31800000 - 0x00007fff31835000 	C:\Windows\system32\rsaenh.dll
0x00007fff31ef0000 - 0x00007fff31f1c000 	C:\Windows\SYSTEM32\USERENV.dll
0x00007fff32130000 - 0x00007fff3213c000 	C:\Windows\SYSTEM32\CRYPTBASE.dll
0x00007fff12b20000 - 0x00007fff12b30000 	C:\Program Files\Zulu\zulu-17\bin\verify.dll
0x00007fff12ec0000 - 0x00007fff12ec8000 	C:\Windows\system32\wshunix.dll

dbghelp: loaded successfully - version: 4.0.5 - missing functions: none
symbol engine: initialized successfully - sym options: 0x614 - pdb path: .;C:\Program Files\Zulu\zulu-17\bin;C:\Windows\SYSTEM32;C:\Windows\WinSxS\amd64_microsoft.windows.common-controls_6595b64144ccf1df_6.0.22621.2506_none_270c5ae97388e100;C:\Program Files\Avecto\Privilege Guard Client;C:\Program Files\Zulu\zulu-17\bin\server;C:\Program Files\JetBrains\IntelliJ IDEA Community Edition 2022.3.3\bin

VM Arguments:
jvm_args: -javaagent:C:\Program Files\JetBrains\IntelliJ IDEA Community Edition 2022.3.3\lib\idea_rt.jar=58032:C:\Program Files\JetBrains\IntelliJ IDEA Community Edition 2022.3.3\bin -Dfile.encoding=UTF-8 
java_command: com.cognizant.PolicyPlansApplication
java_class_path (initial): C:\Users\2317213\Documents\workspace-spring-tool-suite-4-4.17.2\policy-plans\target\classes;C:\Users\2317213\.m2\repository\org\springframework\boot\spring-boot-starter\3.2.2\spring-boot-starter-3.2.2.jar;C:\Users\2317213\.m2\repository\org\springframework\boot\spring-boot\3.2.2\spring-boot-3.2.2.jar;C:\Users\2317213\.m2\repository\org\springframework\spring-context\6.1.3\spring-context-6.1.3.jar;C:\Users\2317213\.m2\repository\org\springframework\boot\spring-boot-autoconfigure\3.2.2\spring-boot-autoconfigure-3.2.2.jar;C:\Users\2317213\.m2\repository\org\springframework\boot\spring-boot-starter-logging\3.2.2\spring-boot-starter-logging-3.2.2.jar;C:\Users\2317213\.m2\repository\ch\qos\logback\logback-classic\1.4.14\logback-classic-1.4.14.jar;C:\Users\2317213\.m2\repository\ch\qos\logback\logback-core\1.4.14\logback-core-1.4.14.jar;C:\Users\2317213\.m2\repository\org\apache\logging\log4j\log4j-to-slf4j\2.21.1\log4j-to-slf4j-2.21.1.jar;C:\Users\2317213\.m2\repository\org\apache\logging\log4j\log4j-api\2.21.1\log4j-api-2.21.1.jar;C:\Users\2317213\.m2\repository\org\slf4j\jul-to-slf4j\2.0.11\jul-to-slf4j-2.0.11.jar;C:\Users\2317213\.m2\repository\jakarta\annotation\jakarta.annotation-api\2.1.1\jakarta.annotation-api-2.1.1.jar;C:\Users\2317213\.m2\repository\org\springframework\spring-core\6.1.3\spring-core-6.1.3.jar;C:\Users\2317213\.m2\repository\org\springframework\spring-jcl\6.1.3\spring-jcl-6.1.3.jar;C:\Users\2317213\.m2\repository\org\yaml\snakeyaml\2.2\snakeyaml-2.2.jar;C:\Users\2317213\.m2\repository\org\springframework\boot\spring-boot-starter-data-jpa\3.2.2\spring-boot-starter-data-jpa-3.2.2.jar;C:\Users\2317213\.m2\repository\org\springframework\boot\spring-boot-starter-aop\3.2.2\spring-boot-starter-aop-3.2.2.jar;C:\Users\2317213\.m2\repository\org\springframework\spring-aop\6.1.3\spring-aop-6.1.3.jar;C:\Users\2317213\.m2\repository\org\aspectj\aspectjweaver\1.9.21\aspectjweaver-1.9.21.jar;C:\Users\2317213\.m2\repository\org\springf
Launcher Type: SUN_STANDARD

[Global flags]
     intx CICompilerCount                          = 4                                         {product} {ergonomic}
     uint ConcGCThreads                            = 2                                         {product} {ergonomic}
     uint G1ConcRefinementThreads                  = 8                                         {product} {ergonomic}
   size_t G1HeapRegionSize                         = 1048576                                   {product} {ergonomic}
    uintx GCDrainStackTargetSize                   = 64                                        {product} {ergonomic}
   size_t InitialHeapSize                          = 132120576                                 {product} {ergonomic}
   size_t MarkStackSize                            = 4194304                                   {product} {ergonomic}
   size_t MaxHeapSize                              = 2097152000                                {product} {ergonomic}
   size_t MaxNewSize                               = 1258291200                                {product} {ergonomic}
   size_t MinHeapDeltaBytes                        = 1048576                                   {product} {ergonomic}
   size_t MinHeapSize                              = 8388608                                   {product} {ergonomic}
    uintx NonNMethodCodeHeapSize                   = 5839372                                {pd product} {ergonomic}
    uintx NonProfiledCodeHeapSize                  = 122909434                              {pd product} {ergonomic}
    uintx ProfiledCodeHeapSize                     = 122909434                              {pd product} {ergonomic}
    uintx ReservedCodeCacheSize                    = 251658240                              {pd product} {ergonomic}
     bool SegmentedCodeCache                       = true                                      {product} {ergonomic}
   size_t SoftMaxHeapSize                          = 2097152000                             {manageable} {ergonomic}
     bool UseCompressedClassPointers               = true                           {product lp64_product} {ergonomic}
     bool UseCompressedOops                        = true                           {product lp64_product} {ergonomic}
     bool UseG1GC                                  = true                                      {product} {ergonomic}
     bool UseLargePagesIndividualAllocation        = false                                  {pd product} {ergonomic}

Logging:
Log output configuration:
 #0: stdout all=warning uptime,level,tags
 #1: stderr all=off uptime,level,tags

Environment Variables:
JAVA_HOME=C:\Program Files\Zulu\zulu-17
PATH=C:\oraclexe\app\oracle\product\11.2.0\server\bin;C:\Program Files\Zulu\zulu-8\bin\;C:\Program Files\Zulu\zulu-17\bin\;C:\Windows\system32;C:\Windows;C:\Windows\System32\Wbem;C:\Windows\System32\WindowsPowerShell\v1.0\;C:\Windows\System32\OpenSSH\;C:\Program Files\nodejs\;C:\Program Files\Git\cmd;C:\Program Files\MySQL\MySQL Shell 8.0\bin\;C:\Users\2317213\AppData\Local\Microsoft\WindowsApps;C:\Users\2317213\AppData\Local\Programs\Microsoft VS Code\bin;C:\Program Files\JetBrains\IntelliJ IDEA Community Edition 2022.3.3\bin;;C:\Users\2317213\AppData\Roaming\npm;C:\Maven\apache-maven-3.9.6\bin;
USERNAME=2317213
OS=Windows_NT
PROCESSOR_IDENTIFIER=Intel64 Family 6 Model 142 Stepping 12, GenuineIntel



---------------  S Y S T E M  ---------------

OS:
 Windows 11 , 64 bit Build 22621 (10.0.22621.3085)
OS uptime: 6 days 1:11 hours
Hyper-V role detected

CPU: total 8 (initial active 8) (4 cores per cpu, 2 threads per core) family 6 model 142 stepping 12 microcode 0xde, cx8, cmov, fxsr, ht, mmx, 3dnowpref, sse, sse2, sse3, ssse3, sse4.1, sse4.2, popcnt, lzcnt, tsc, tscinvbit, avx, avx2, aes, erms, clmul, bmi1, bmi2, adx, fma, vzeroupper, clflush, clflushopt, hv

Memory: 4k page, system-wide physical 7998M (582M free)
TotalPageFile size 24382M (AvailPageFile size 5M)
current process WorkingSet (physical memory assigned to process): 272M, peak: 349M
current process commit charge ("private bytes"): 356M, peak: 411M

vm_info: OpenJDK 64-Bit Server VM (17.0.2+8-LTS) for windows-amd64 JRE (17.0.2+8-LTS) (Zulu17.32+13-CA), built on Jan  8 2022 13:06:16 by "zulu_re" with MS VC++ 16.10 / 16.11 (VS2019)

END.
