#
# There is insufficient memory for the Java Runtime Environment to continue.
# Native memory allocation (mmap) failed to map 268435456 bytes for G1 virtual space
# Possible reasons:
#   The system is out of physical RAM or swap space
#   The process is running with CompressedOops enabled, and the Java Heap may be blocking the growth of the native heap
# Possible solutions:
#   Reduce memory load on the system
#   Increase physical memory or swap space
#   Check if swap backing store is full
#   Decrease Java heap size (-Xmx/-Xms)
#   Decrease number of Java threads
#   Decrease Java thread stack sizes (-Xss)
#   Set larger code cache with -XX:ReservedCodeCacheSize=
#   JVM is running with Unscaled Compressed Oops mode in which the Java heap is
#     placed in the first 4GB address space. The Java Heap base address is the
#     maximum limit for the native heap growth. Please use -XX:HeapBaseMinAddress
#     to set the Java Heap base and to place the Java Heap above 4GB virtual address.
# This output file may be truncated or incomplete.
#
#  Out of Memory Error (os_windows.cpp:3532), pid=18852, tid=13872
#
# JRE version: OpenJDK Runtime Environment Zulu17.32+13-CA (17.0.2+8) (build 17.0.2+8-LTS)
# Java VM: OpenJDK 64-Bit Server VM Zulu17.32+13-CA (17.0.2+8-LTS, mixed mode, sharing, tiered, compressed oops, compressed class ptrs, g1 gc, windows-amd64)
# No core dump will be written. Minidumps are not enabled by default on client versions of Windows
#

---------------  S U M M A R Y ------------

Command Line: -Dclassworlds.conf=C:\Maven\apache-maven-3.9.6\bin\m2.conf -Dmaven.home=C:\Maven\apache-maven-3.9.6 -Dlibrary.jansi.path=C:\Maven\apache-maven-3.9.6\lib\jansi-native -Dmaven.multiModuleProjectDirectory=C:\Users\2317213\Documents\workspace-spring-tool-suite-4-4.17.2\policy-plans org.codehaus.plexus.classworlds.launcher.Launcher clean verify sonar:sonar -Pcoverage -Dsonar.projectKey=policy-plans -Dsonar.projectName='policy-plans' -Dsonar.host.url=http://localhost:9000 -Dsonar.token=sqp_5276df546789d8ae252ee24e8968dfba0b24f04d -Dsonar.exclusions=src/**/**/**/**/entities/**/*,src/**/**/**/**/dto/**/*,src/**/**/**/**/auth/**/*,src/**/**/**/**/configuration/*,src/**/**/**/**/auth/**/*

Host: Intel(R) Core(TM) i5-8265U CPU @ 1.60GHz, 8 cores, 7G,  Windows 11 , 64 bit Build 22621 (10.0.22621.3085)
Time: Fri Apr 19 17:18:43 2024 India Standard Time elapsed time: 36.926537 seconds (0d 0h 0m 36s)

---------------  T H R E A D  ---------------

Current thread (0x0000018ba7201040):  VMThread "VM Thread" [stack: 0x00000079fad00000,0x00000079fae00000] [id=13872]

Stack: [0x00000079fad00000,0x00000079fae00000]
Native frames: (J=compiled Java code, j=interpreted, Vv=VM code, C=native code)
V  [jvm.dll+0x6769fa]
V  [jvm.dll+0x831784]
V  [jvm.dll+0x832f2e]
V  [jvm.dll+0x833593]
V  [jvm.dll+0x2455e5]
V  [jvm.dll+0x673919]
V  [jvm.dll+0x668252]
V  [jvm.dll+0x30432b]
V  [jvm.dll+0x30b836]
V  [jvm.dll+0x35b5fe]
V  [jvm.dll+0x35b82f]
V  [jvm.dll+0x2db2d8]
V  [jvm.dll+0x2d95a4]
V  [jvm.dll+0x2d8bac]
V  [jvm.dll+0x31c86b]
V  [jvm.dll+0x837a6b]
V  [jvm.dll+0x8387a4]
V  [jvm.dll+0x838cbd]
V  [jvm.dll+0x839094]
V  [jvm.dll+0x839160]
V  [jvm.dll+0x7e15ca]
V  [jvm.dll+0x675885]
C  [ucrtbase.dll+0x29363]
C  [KERNEL32.DLL+0x1257d]
C  [ntdll.dll+0x5aa58]

VM_Operation (0x00000079fa7fc360): G1CollectForAllocation, mode: safepoint, requested by thread 0x0000018b86ff09a0


---------------  P R O C E S S  ---------------

Threads class SMR info:
_java_thread_list=0x0000018b86ff4970, length=12, elements={
0x0000018b86ff09a0, 0x0000018ba7203ae0, 0x0000018ba7205a20, 0x0000018ba721f070,
0x0000018ba7220ca0, 0x0000018ba7224630, 0x0000018ba7224ef0, 0x0000018ba7226b50,
0x0000018ba7230df0, 0x0000018ba72326b0, 0x0000018ba7d02f30, 0x0000018ba7d10460
}

Java Threads: ( => current thread )
  0x0000018b86ff09a0 JavaThread "main" [_thread_blocked, id=21028, stack(0x00000079fa700000,0x00000079fa800000)]
  0x0000018ba7203ae0 JavaThread "Reference Handler" daemon [_thread_blocked, id=26980, stack(0x00000079fae00000,0x00000079faf00000)]
  0x0000018ba7205a20 JavaThread "Finalizer" daemon [_thread_blocked, id=17056, stack(0x00000079faf00000,0x00000079fb000000)]
  0x0000018ba721f070 JavaThread "Signal Dispatcher" daemon [_thread_blocked, id=24468, stack(0x00000079fb000000,0x00000079fb100000)]
  0x0000018ba7220ca0 JavaThread "Attach Listener" daemon [_thread_blocked, id=28888, stack(0x00000079fb100000,0x00000079fb200000)]
  0x0000018ba7224630 JavaThread "Service Thread" daemon [_thread_blocked, id=12032, stack(0x00000079fb200000,0x00000079fb300000)]
  0x0000018ba7224ef0 JavaThread "Monitor Deflation Thread" daemon [_thread_blocked, id=14408, stack(0x00000079fb300000,0x00000079fb400000)]
  0x0000018ba7226b50 JavaThread "C2 CompilerThread0" daemon [_thread_blocked, id=25368, stack(0x00000079fb400000,0x00000079fb500000)]
  0x0000018ba7230df0 JavaThread "C1 CompilerThread0" daemon [_thread_blocked, id=15144, stack(0x00000079fb500000,0x00000079fb600000)]
  0x0000018ba72326b0 JavaThread "Sweeper thread" daemon [_thread_blocked, id=31920, stack(0x00000079fb600000,0x00000079fb700000)]
  0x0000018ba7d02f30 JavaThread "Notification Thread" daemon [_thread_blocked, id=14404, stack(0x00000079fb700000,0x00000079fb800000)]
  0x0000018ba7d10460 JavaThread "Common-Cleaner" daemon [_thread_blocked, id=8128, stack(0x00000079fb900000,0x00000079fba00000)]

Other Threads:
=>0x0000018ba7201040 VMThread "VM Thread" [stack: 0x00000079fad00000,0x00000079fae00000] [id=13872]
  0x0000018ba720aa10 WatcherThread [stack: 0x00000079fb800000,0x00000079fb900000] [id=14976]
  0x0000018b87031770 GCTaskThread "GC Thread#0" [stack: 0x00000079fa800000,0x00000079fa900000] [id=23148]
  0x0000018ba85bac20 GCTaskThread "GC Thread#1" [stack: 0x00000079fba00000,0x00000079fbb00000] [id=24884]
  0x0000018ba8735c80 GCTaskThread "GC Thread#2" [stack: 0x00000079fbb00000,0x00000079fbc00000] [id=32316]
  0x0000018ba85d5d50 GCTaskThread "GC Thread#3" [stack: 0x00000079fbc00000,0x00000079fbd00000] [id=20128]
  0x0000018ba85d6000 GCTaskThread "GC Thread#4" [stack: 0x00000079fbd00000,0x00000079fbe00000] [id=27420]
  0x0000018ba85d66b0 GCTaskThread "GC Thread#5" [stack: 0x00000079fbe00000,0x00000079fbf00000] [id=26228]
  0x0000018ba85d7e90 GCTaskThread "GC Thread#6" [stack: 0x00000079fbf00000,0x00000079fc000000] [id=32428]
  0x0000018ba85d6bc0 GCTaskThread "GC Thread#7" [stack: 0x00000079fc000000,0x00000079fc100000] [id=26416]
  0x0000018b87041fc0 ConcurrentGCThread "G1 Main Marker" [stack: 0x00000079fa900000,0x00000079faa00000] [id=26384]
  0x0000018b870438f0 ConcurrentGCThread "G1 Conc#0" [stack: 0x00000079faa00000,0x00000079fab00000] [id=31648]
  0x0000018ba85d86a0 ConcurrentGCThread "G1 Conc#1" [stack: 0x00000079fc200000,0x00000079fc300000] [id=6436]
  0x0000018ba70b6970 ConcurrentGCThread "G1 Refine#0" [stack: 0x00000079fab00000,0x00000079fac00000] [id=32516]
  0x0000018baa952d90 ConcurrentGCThread "G1 Refine#1" [stack: 0x00000079fa500000,0x00000079fa600000] [id=15108]
  0x0000018baab8e040 ConcurrentGCThread "G1 Refine#2" [stack: 0x00000079fa600000,0x00000079fa700000] [id=19596]
  0x0000018ba70b71a0 ConcurrentGCThread "G1 Service" [stack: 0x00000079fac00000,0x00000079fad00000] [id=27236]

Threads with active compile tasks:

VM state: at safepoint (normal execution)

VM Mutex/Monitor currently owned by a thread:  ([mutex/lock_event])
[0x0000018b86febb50] Threads_lock - owner thread: 0x0000018ba7201040
[0x0000018b86fec570] Heap_lock - owner thread: 0x0000018b86ff09a0

Heap address: 0x0000000083000000, size: 2000 MB, Compressed Oops mode: 32-bit

CDS archive(s) mapped at: [0x0000000800000000-0x0000000800bc0000-0x0000000800bc0000), size 12320768, SharedBaseAddress: 0x0000000800000000, ArchiveRelocationMode: 0.
Compressed class space mapped at: 0x0000000800c00000-0x0000000840c00000, reserved size: 1073741824
Narrow klass base: 0x0000000800000000, Narrow klass shift: 0, Narrow klass range: 0x100000000

GC Precious Log:
 CPUs: 8 total, 8 available
 Memory: 7998M
 Large Page Support: Disabled
 NUMA Support: Disabled
 Compressed Oops: Enabled (32-bit)
 Heap Region Size: 1M
 Heap Min Capacity: 8M
 Heap Initial Capacity: 126M
 Heap Max Capacity: 2000M
 Pre-touch: Disabled
 Parallel Workers: 8
 Concurrent Workers: 2
 Concurrent Refinement Workers: 8
 Periodic GC: Disabled

Heap:
 garbage-first heap   total 155648K, used 81920K [0x0000000083000000, 0x0000000100000000)
  region size 1024K, 1 young (1024K), 1 survivors (1024K)
 Metaspace       used 31486K, committed 31808K, reserved 1081344K
  class space    used 3508K, committed 3648K, reserved 1048576K

Heap Regions: E=young(eden), S=young(survivor), O=old, HS=humongous(starts), HC=humongous(continues), CS=collection set, F=free, OA=open archive, CA=closed archive, TAMS=top-at-mark-start (previous, next)
|   0|0x0000000083000000, 0x0000000083100000, 0x0000000083100000|100%| O|  |TAMS 0x0000000083100000, 0x0000000083000000| Untracked 
|   1|0x0000000083100000, 0x0000000083200000, 0x0000000083200000|100%| O|  |TAMS 0x0000000083200000, 0x0000000083100000| Untracked 
|   2|0x0000000083200000, 0x0000000083300000, 0x0000000083300000|100%| O|  |TAMS 0x0000000083300000, 0x0000000083200000| Untracked 
|   3|0x0000000083300000, 0x0000000083400000, 0x0000000083400000|100%| O|  |TAMS 0x0000000083400000, 0x0000000083300000| Untracked 
|   4|0x0000000083400000, 0x0000000083500000, 0x0000000083500000|100%| O|  |TAMS 0x0000000083500000, 0x0000000083400000| Untracked 
|   5|0x0000000083500000, 0x0000000083600000, 0x0000000083600000|100%| O|  |TAMS 0x0000000083500000, 0x0000000083500000| Untracked 
|   6|0x0000000083600000, 0x0000000083700000, 0x0000000083700000|100%| O|  |TAMS 0x0000000083700000, 0x0000000083600000| Untracked 
|   7|0x0000000083700000, 0x0000000083800000, 0x0000000083800000|100%| O|  |TAMS 0x0000000083800000, 0x0000000083700000| Untracked 
|   8|0x0000000083800000, 0x0000000083900000, 0x0000000083900000|100%| O|  |TAMS 0x0000000083900000, 0x0000000083800000| Untracked 
|   9|0x0000000083900000, 0x0000000083a00000, 0x0000000083a00000|100%| O|  |TAMS 0x0000000083a00000, 0x0000000083900000| Untracked 
|  10|0x0000000083a00000, 0x0000000083b00000, 0x0000000083b00000|100%| O|  |TAMS 0x0000000083b00000, 0x0000000083a00000| Untracked 
|  11|0x0000000083b00000, 0x0000000083c00000, 0x0000000083c00000|100%| O|  |TAMS 0x0000000083c00000, 0x0000000083b00000| Untracked 
|  12|0x0000000083c00000, 0x0000000083d00000, 0x0000000083d00000|100%| O|  |TAMS 0x0000000083d00000, 0x0000000083c00000| Untracked 
|  13|0x0000000083d00000, 0x0000000083e00000, 0x0000000083e00000|100%| O|  |TAMS 0x0000000083e00000, 0x0000000083d00000| Untracked 
|  14|0x0000000083e00000, 0x0000000083f00000, 0x0000000083f00000|100%| O|  |TAMS 0x0000000083f00000, 0x0000000083e00000| Untracked 
|  15|0x0000000083f00000, 0x0000000084000000, 0x0000000084000000|100%| O|  |TAMS 0x0000000084000000, 0x0000000083f00000| Untracked 
|  16|0x0000000084000000, 0x0000000084100000, 0x0000000084100000|100%| O|  |TAMS 0x0000000084100000, 0x0000000084000000| Untracked 
|  17|0x0000000084100000, 0x0000000084200000, 0x0000000084200000|100%| O|  |TAMS 0x0000000084100000, 0x0000000084100000| Untracked 
|  18|0x0000000084200000, 0x0000000084300000, 0x0000000084300000|100%| O|  |TAMS 0x0000000084300000, 0x0000000084200000| Untracked 
|  19|0x0000000084300000, 0x0000000084400000, 0x0000000084400000|100%| O|  |TAMS 0x0000000084400000, 0x0000000084300000| Untracked 
|  20|0x0000000084400000, 0x0000000084500000, 0x0000000084500000|100%| O|  |TAMS 0x0000000084500000, 0x0000000084400000| Untracked 
|  21|0x0000000084500000, 0x0000000084600000, 0x0000000084600000|100%| O|  |TAMS 0x0000000084600000, 0x0000000084500000| Untracked 
|  22|0x0000000084600000, 0x0000000084700000, 0x0000000084700000|100%| O|  |TAMS 0x0000000084700000, 0x0000000084600000| Untracked 
|  23|0x0000000084700000, 0x0000000084800000, 0x0000000084800000|100%| O|  |TAMS 0x0000000084800000, 0x0000000084700000| Untracked 
|  24|0x0000000084800000, 0x0000000084900000, 0x0000000084900000|100%| O|  |TAMS 0x0000000084800000, 0x0000000084800000| Untracked 
|  25|0x0000000084900000, 0x0000000084a00000, 0x0000000084a00000|100%| O|  |TAMS 0x0000000084900000, 0x0000000084900000| Untracked 
|  26|0x0000000084a00000, 0x0000000084b00000, 0x0000000084b00000|100%|HS|  |TAMS 0x0000000084b00000, 0x0000000084a00000| Complete 
|  27|0x0000000084b00000, 0x0000000084c00000, 0x0000000084c00000|100%| O|  |TAMS 0x0000000084b00000, 0x0000000084b00000| Untracked 
|  28|0x0000000084c00000, 0x0000000084c00000, 0x0000000084d00000|  0%| F|  |TAMS 0x0000000084c00000, 0x0000000084c00000| Untracked 
|  29|0x0000000084d00000, 0x0000000084e00000, 0x0000000084e00000|100%| O|  |TAMS 0x0000000084e00000, 0x0000000084d00000| Untracked 
|  30|0x0000000084e00000, 0x0000000084f00000, 0x0000000084f00000|100%| O|  |TAMS 0x0000000084f00000, 0x0000000084e00000| Untracked 
|  31|0x0000000084f00000, 0x0000000085000000, 0x0000000085000000|100%| O|  |TAMS 0x0000000085000000, 0x0000000084f00000| Untracked 
|  32|0x0000000085000000, 0x0000000085100000, 0x0000000085100000|100%| O|  |TAMS 0x0000000085100000, 0x0000000085000000| Untracked 
|  33|0x0000000085100000, 0x0000000085200000, 0x0000000085200000|100%| O|  |TAMS 0x0000000085200000, 0x0000000085100000| Untracked 
|  34|0x0000000085200000, 0x0000000085300000, 0x0000000085300000|100%| O|  |TAMS 0x0000000085300000, 0x0000000085200000| Untracked 
|  35|0x0000000085300000, 0x0000000085400000, 0x0000000085400000|100%| O|  |TAMS 0x0000000085400000, 0x0000000085300000| Untracked 
|  36|0x0000000085400000, 0x0000000085500000, 0x0000000085500000|100%| O|  |TAMS 0x0000000085500000, 0x0000000085400000| Untracked 
|  37|0x0000000085500000, 0x0000000085600000, 0x0000000085600000|100%|HS|  |TAMS 0x0000000085600000, 0x0000000085500000| Complete 
|  38|0x0000000085600000, 0x0000000085600000, 0x0000000085700000|  0%| F|  |TAMS 0x0000000085600000, 0x0000000085600000| Untracked 
|  39|0x0000000085700000, 0x0000000085800000, 0x0000000085800000|100%| O|  |TAMS 0x0000000085700000, 0x0000000085700000| Untracked 
|  40|0x0000000085800000, 0x0000000085800000, 0x0000000085900000|  0%| F|  |TAMS 0x0000000085800000, 0x0000000085800000| Untracked 
|  41|0x0000000085900000, 0x0000000085a00000, 0x0000000085a00000|100%|HS|  |TAMS 0x0000000085a00000, 0x0000000085900000| Complete 
|  42|0x0000000085a00000, 0x0000000085b00000, 0x0000000085b00000|100%|HC|  |TAMS 0x0000000085b00000, 0x0000000085a00000| Complete 
|  43|0x0000000085b00000, 0x0000000085c00000, 0x0000000085c00000|100%| O|  |TAMS 0x0000000085c00000, 0x0000000085b00000| Untracked 
|  44|0x0000000085c00000, 0x0000000085d00000, 0x0000000085d00000|100%| O|  |TAMS 0x0000000085d00000, 0x0000000085c00000| Untracked 
|  45|0x0000000085d00000, 0x0000000085e00000, 0x0000000085e00000|100%| O|  |TAMS 0x0000000085e00000, 0x0000000085d00000| Untracked 
|  46|0x0000000085e00000, 0x0000000085f00000, 0x0000000085f00000|100%| O|  |TAMS 0x0000000085f00000, 0x0000000085e00000| Untracked 
|  47|0x0000000085f00000, 0x0000000086000000, 0x0000000086000000|100%|HS|  |TAMS 0x0000000085f00000, 0x0000000085f00000| Complete 
|  48|0x0000000086000000, 0x0000000086100000, 0x0000000086100000|100%| O|  |TAMS 0x0000000086100000, 0x0000000086000000| Untracked 
|  49|0x0000000086100000, 0x0000000086100000, 0x0000000086200000|  0%| F|  |TAMS 0x0000000086100000, 0x0000000086100000| Untracked 
|  50|0x0000000086200000, 0x0000000086200000, 0x0000000086300000|  0%| F|  |TAMS 0x0000000086200000, 0x0000000086200000| Untracked 
|  51|0x0000000086300000, 0x0000000086400000, 0x0000000086400000|100%| O|  |TAMS 0x0000000086400000, 0x0000000086300000| Untracked 
|  52|0x0000000086400000, 0x0000000086400000, 0x0000000086500000|  0%| F|  |TAMS 0x0000000086400000, 0x0000000086400000| Untracked 
|  53|0x0000000086500000, 0x0000000086600000, 0x0000000086600000|100%| O|  |TAMS 0x0000000086600000, 0x0000000086500000| Untracked 
|  54|0x0000000086600000, 0x0000000086600000, 0x0000000086700000|  0%| F|  |TAMS 0x0000000086600000, 0x0000000086600000| Untracked 
|  55|0x0000000086700000, 0x0000000086700000, 0x0000000086800000|  0%| F|  |TAMS 0x0000000086700000, 0x0000000086700000| Untracked 
|  56|0x0000000086800000, 0x0000000086800000, 0x0000000086900000|  0%| F|  |TAMS 0x0000000086800000, 0x0000000086800000| Untracked 
|  57|0x0000000086900000, 0x0000000086900000, 0x0000000086a00000|  0%| F|  |TAMS 0x0000000086900000, 0x0000000086900000| Untracked 
|  58|0x0000000086a00000, 0x0000000086a00000, 0x0000000086b00000|  0%| F|  |TAMS 0x0000000086a00000, 0x0000000086a00000| Untracked 
|  59|0x0000000086b00000, 0x0000000086b00000, 0x0000000086c00000|  0%| F|  |TAMS 0x0000000086b00000, 0x0000000086b00000| Untracked 
|  60|0x0000000086c00000, 0x0000000086c00000, 0x0000000086d00000|  0%| F|  |TAMS 0x0000000086c00000, 0x0000000086c00000| Untracked 
|  61|0x0000000086d00000, 0x0000000086e00000, 0x0000000086e00000|100%| O|  |TAMS 0x0000000086e00000, 0x0000000086d00000| Untracked 
|  62|0x0000000086e00000, 0x0000000086e00000, 0x0000000086f00000|  0%| F|  |TAMS 0x0000000086e00000, 0x0000000086e00000| Untracked 
|  63|0x0000000086f00000, 0x0000000086f00000, 0x0000000087000000|  0%| F|  |TAMS 0x0000000086f00000, 0x0000000086f00000| Untracked 
|  64|0x0000000087000000, 0x0000000087000000, 0x0000000087100000|  0%| F|  |TAMS 0x0000000087000000, 0x0000000087000000| Untracked 
|  65|0x0000000087100000, 0x0000000087100000, 0x0000000087200000|  0%| F|  |TAMS 0x0000000087100000, 0x0000000087100000| Untracked 
|  66|0x0000000087200000, 0x0000000087300000, 0x0000000087300000|100%| O|  |TAMS 0x0000000087300000, 0x0000000087200000| Untracked 
|  67|0x0000000087300000, 0x0000000087400000, 0x0000000087400000|100%| O|  |TAMS 0x0000000087400000, 0x0000000087300000| Untracked 
|  68|0x0000000087400000, 0x0000000087500000, 0x0000000087500000|100%| O|  |TAMS 0x0000000087500000, 0x0000000087400000| Untracked 
|  69|0x0000000087500000, 0x0000000087600000, 0x0000000087600000|100%| O|  |TAMS 0x0000000087600000, 0x0000000087500000| Untracked 
|  70|0x0000000087600000, 0x0000000087700000, 0x0000000087700000|100%| O|  |TAMS 0x0000000087700000, 0x0000000087600000| Untracked 
|  71|0x0000000087700000, 0x0000000087800000, 0x0000000087800000|100%| O|  |TAMS 0x0000000087800000, 0x0000000087700000| Untracked 
|  72|0x0000000087800000, 0x0000000087900000, 0x0000000087900000|100%| O|  |TAMS 0x0000000087900000, 0x0000000087800000| Untracked 
|  73|0x0000000087900000, 0x0000000087900000, 0x0000000087a00000|  0%| F|  |TAMS 0x0000000087900000, 0x0000000087900000| Untracked 
|  74|0x0000000087a00000, 0x0000000087b00000, 0x0000000087b00000|100%|HS|  |TAMS 0x0000000087a00000, 0x0000000087a00000| Complete 
|  75|0x0000000087b00000, 0x0000000087c00000, 0x0000000087c00000|100%|HC|  |TAMS 0x0000000087b00000, 0x0000000087b00000| Complete 
|  76|0x0000000087c00000, 0x0000000087d00000, 0x0000000087d00000|100%|HS|  |TAMS 0x0000000087c00000, 0x0000000087c00000| Complete 
|  77|0x0000000087d00000, 0x0000000087e00000, 0x0000000087e00000|100%| O|  |TAMS 0x0000000087d00000, 0x0000000087d00000| Untracked 
|  78|0x0000000087e00000, 0x0000000087f00000, 0x0000000087f00000|100%|HS|  |TAMS 0x0000000087e00000, 0x0000000087e00000| Complete 
|  79|0x0000000087f00000, 0x0000000088000000, 0x0000000088000000|100%| O|  |TAMS 0x0000000087f00000, 0x0000000087f00000| Untracked 
|  80|0x0000000088000000, 0x0000000088100000, 0x0000000088100000|100%| O|  |TAMS 0x0000000088000000, 0x0000000088000000| Untracked 
|  81|0x0000000088100000, 0x0000000088200000, 0x0000000088200000|100%| O|  |TAMS 0x0000000088100000, 0x0000000088100000| Untracked 
|  82|0x0000000088200000, 0x0000000088300000, 0x0000000088300000|100%| O|  |TAMS 0x0000000088200000, 0x0000000088200000| Untracked 
|  83|0x0000000088300000, 0x0000000088400000, 0x0000000088400000|100%| O|  |TAMS 0x0000000088300000, 0x0000000088300000| Untracked 
|  84|0x0000000088400000, 0x0000000088500000, 0x0000000088500000|100%| O|  |TAMS 0x0000000088400000, 0x0000000088400000| Untracked 
|  85|0x0000000088500000, 0x0000000088600000, 0x0000000088600000|100%| O|  |TAMS 0x0000000088500000, 0x0000000088500000| Untracked 
|  86|0x0000000088600000, 0x0000000088700000, 0x0000000088700000|100%| O|  |TAMS 0x0000000088600000, 0x0000000088600000| Untracked 
|  87|0x0000000088700000, 0x0000000088800000, 0x0000000088800000|100%| O|  |TAMS 0x0000000088700000, 0x0000000088700000| Untracked 
|  88|0x0000000088800000, 0x0000000088900000, 0x0000000088900000|100%| O|  |TAMS 0x0000000088800000, 0x0000000088800000| Untracked 
|  89|0x0000000088900000, 0x0000000088a00000, 0x0000000088a00000|100%| O|  |TAMS 0x0000000088900000, 0x0000000088900000| Untracked 
|  90|0x0000000088a00000, 0x0000000088b00000, 0x0000000088b00000|100%| O|  |TAMS 0x0000000088a00000, 0x0000000088a00000| Untracked 
|  91|0x0000000088b00000, 0x0000000088c00000, 0x0000000088c00000|100%| O|  |TAMS 0x0000000088b00000, 0x0000000088b00000| Untracked 
|  92|0x0000000088c00000, 0x0000000088d00000, 0x0000000088d00000|100%| O|  |TAMS 0x0000000088c00000, 0x0000000088c00000| Untracked 
|  93|0x0000000088d00000, 0x0000000088e00000, 0x0000000088e00000|100%| O|  |TAMS 0x0000000088d00000, 0x0000000088d00000| Untracked 
|  94|0x0000000088e00000, 0x0000000088f00000, 0x0000000088f00000|100%| O|  |TAMS 0x0000000088e00000, 0x0000000088e00000| Untracked 
|  95|0x0000000088f00000, 0x0000000089000000, 0x0000000089000000|100%| O|  |TAMS 0x0000000088f00000, 0x0000000088f00000| Untracked 
|  96|0x0000000089000000, 0x0000000089000000, 0x0000000089100000|  0%| F|  |TAMS 0x0000000089000000, 0x0000000089000000| Untracked 
|  97|0x0000000089100000, 0x0000000089100000, 0x0000000089200000|  0%| F|  |TAMS 0x0000000089100000, 0x0000000089100000| Untracked 
|  98|0x0000000089200000, 0x0000000089200000, 0x0000000089300000|  0%| F|  |TAMS 0x0000000089200000, 0x0000000089200000| Untracked 
|  99|0x0000000089300000, 0x0000000089300000, 0x0000000089400000|  0%| F|  |TAMS 0x0000000089300000, 0x0000000089300000| Untracked 
| 100|0x0000000089400000, 0x0000000089400000, 0x0000000089500000|  0%| F|  |TAMS 0x0000000089400000, 0x0000000089400000| Untracked 
| 101|0x0000000089500000, 0x0000000089500000, 0x0000000089600000|  0%| F|  |TAMS 0x0000000089500000, 0x0000000089500000| Untracked 
| 102|0x0000000089600000, 0x0000000089600000, 0x0000000089700000|  0%| F|  |TAMS 0x0000000089600000, 0x0000000089600000| Untracked 
| 103|0x0000000089700000, 0x0000000089800000, 0x0000000089800000|100%| O|  |TAMS 0x0000000089700000, 0x0000000089700000| Untracked 
| 104|0x0000000089800000, 0x0000000089800000, 0x0000000089900000|  0%| F|  |TAMS 0x0000000089800000, 0x0000000089800000| Untracked 
| 105|0x0000000089900000, 0x0000000089900000, 0x0000000089a00000|  0%| F|  |TAMS 0x0000000089900000, 0x0000000089900000| Untracked 
| 106|0x0000000089a00000, 0x0000000089a00000, 0x0000000089b00000|  0%| F|  |TAMS 0x0000000089a00000, 0x0000000089a00000| Untracked 
| 107|0x0000000089b00000, 0x0000000089b00000, 0x0000000089c00000|  0%| F|  |TAMS 0x0000000089b00000, 0x0000000089b00000| Untracked 
| 108|0x0000000089c00000, 0x0000000089c00000, 0x0000000089d00000|  0%| F|  |TAMS 0x0000000089c00000, 0x0000000089c00000| Untracked 
| 109|0x0000000089d00000, 0x0000000089d00000, 0x0000000089e00000|  0%| F|  |TAMS 0x0000000089d00000, 0x0000000089d00000| Untracked 
| 110|0x0000000089e00000, 0x0000000089e00000, 0x0000000089f00000|  0%| F|  |TAMS 0x0000000089e00000, 0x0000000089e00000| Untracked 
| 111|0x0000000089f00000, 0x0000000089f00000, 0x000000008a000000|  0%| F|  |TAMS 0x0000000089f00000, 0x0000000089f00000| Untracked 
| 112|0x000000008a000000, 0x000000008a000000, 0x000000008a100000|  0%| F|  |TAMS 0x000000008a000000, 0x000000008a000000| Untracked 
| 113|0x000000008a100000, 0x000000008a100000, 0x000000008a200000|  0%| F|  |TAMS 0x000000008a100000, 0x000000008a100000| Untracked 
| 114|0x000000008a200000, 0x000000008a200000, 0x000000008a300000|  0%| F|  |TAMS 0x000000008a200000, 0x000000008a200000| Untracked 
| 115|0x000000008a300000, 0x000000008a300000, 0x000000008a400000|  0%| F|  |TAMS 0x000000008a300000, 0x000000008a300000| Untracked 
| 116|0x000000008a400000, 0x000000008a400000, 0x000000008a500000|  0%| F|  |TAMS 0x000000008a400000, 0x000000008a400000| Untracked 
| 117|0x000000008a500000, 0x000000008a500000, 0x000000008a600000|  0%| F|  |TAMS 0x000000008a500000, 0x000000008a500000| Untracked 
| 118|0x000000008a600000, 0x000000008a600000, 0x000000008a700000|  0%| F|  |TAMS 0x000000008a600000, 0x000000008a600000| Untracked 
| 119|0x000000008a700000, 0x000000008a700000, 0x000000008a800000|  0%| F|  |TAMS 0x000000008a700000, 0x000000008a700000| Untracked 
| 120|0x000000008a800000, 0x000000008a800000, 0x000000008a900000|  0%| F|  |TAMS 0x000000008a800000, 0x000000008a800000| Untracked 
| 121|0x000000008a900000, 0x000000008a900000, 0x000000008aa00000|  0%| F|  |TAMS 0x000000008a900000, 0x000000008a900000| Untracked 
| 122|0x000000008aa00000, 0x000000008aa00000, 0x000000008ab00000|  0%| F|  |TAMS 0x000000008aa00000, 0x000000008aa00000| Untracked 
| 123|0x000000008ab00000, 0x000000008ab00000, 0x000000008ac00000|  0%| F|  |TAMS 0x000000008ab00000, 0x000000008ab00000| Untracked 
| 124|0x000000008ac00000, 0x000000008ac00000, 0x000000008ad00000|  0%| F|  |TAMS 0x000000008ac00000, 0x000000008ac00000| Untracked 
| 125|0x000000008ad00000, 0x000000008ad00000, 0x000000008ae00000|  0%| F|  |TAMS 0x000000008ad00000, 0x000000008ad00000| Untracked 
| 126|0x000000008ae00000, 0x000000008ae00000, 0x000000008af00000|  0%| F|  |TAMS 0x000000008ae00000, 0x000000008ae00000| Untracked 
| 127|0x000000008af00000, 0x000000008af00000, 0x000000008b000000|  0%| F|  |TAMS 0x000000008af00000, 0x000000008af00000| Untracked 
| 128|0x000000008b000000, 0x000000008b000000, 0x000000008b100000|  0%| F|  |TAMS 0x000000008b000000, 0x000000008b000000| Untracked 
| 129|0x000000008b100000, 0x000000008b100000, 0x000000008b200000|  0%| F|  |TAMS 0x000000008b100000, 0x000000008b100000| Untracked 
| 130|0x000000008b200000, 0x000000008b200000, 0x000000008b300000|  0%| F|  |TAMS 0x000000008b200000, 0x000000008b200000| Untracked 
| 131|0x000000008b300000, 0x000000008b300000, 0x000000008b400000|  0%| F|  |TAMS 0x000000008b300000, 0x000000008b300000| Untracked 
| 132|0x000000008b400000, 0x000000008b400000, 0x000000008b500000|  0%| F|  |TAMS 0x000000008b400000, 0x000000008b400000| Untracked 
| 133|0x000000008b500000, 0x000000008b500000, 0x000000008b600000|  0%| F|  |TAMS 0x000000008b500000, 0x000000008b500000| Untracked 
| 134|0x000000008b600000, 0x000000008b600000, 0x000000008b700000|  0%| F|  |TAMS 0x000000008b600000, 0x000000008b600000| Untracked 
| 135|0x000000008b700000, 0x000000008b700000, 0x000000008b800000|  0%| F|  |TAMS 0x000000008b700000, 0x000000008b700000| Untracked 
| 136|0x000000008b800000, 0x000000008b800000, 0x000000008b900000|  0%| F|  |TAMS 0x000000008b800000, 0x000000008b800000| Untracked 
| 137|0x000000008b900000, 0x000000008b900000, 0x000000008ba00000|  0%| F|  |TAMS 0x000000008b900000, 0x000000008b900000| Untracked 
| 138|0x000000008ba00000, 0x000000008ba00000, 0x000000008bb00000|  0%| F|  |TAMS 0x000000008ba00000, 0x000000008ba00000| Untracked 
| 139|0x000000008bb00000, 0x000000008bb00000, 0x000000008bc00000|  0%| F|  |TAMS 0x000000008bb00000, 0x000000008bb00000| Untracked 
| 140|0x000000008bc00000, 0x000000008bc00000, 0x000000008bd00000|  0%| F|  |TAMS 0x000000008bc00000, 0x000000008bc00000| Untracked 
| 141|0x000000008bd00000, 0x000000008bd00000, 0x000000008be00000|  0%| F|  |TAMS 0x000000008bd00000, 0x000000008bd00000| Untracked 
| 142|0x000000008be00000, 0x000000008be00000, 0x000000008bf00000|  0%| F|  |TAMS 0x000000008be00000, 0x000000008be00000| Untracked 
| 143|0x000000008bf00000, 0x000000008bf00000, 0x000000008c000000|  0%| F|  |TAMS 0x000000008bf00000, 0x000000008bf00000| Untracked 
| 144|0x000000008c000000, 0x000000008c100000, 0x000000008c100000|100%| S|CS|TAMS 0x000000008c000000, 0x000000008c000000| Complete 
| 145|0x000000008c100000, 0x000000008c100000, 0x000000008c200000|  0%| F|  |TAMS 0x000000008c100000, 0x000000008c100000| Untracked 
| 146|0x000000008c200000, 0x000000008c200000, 0x000000008c300000|  0%| F|  |TAMS 0x000000008c200000, 0x000000008c200000| Untracked 
| 147|0x000000008c300000, 0x000000008c300000, 0x000000008c400000|  0%| F|  |TAMS 0x000000008c300000, 0x000000008c300000| Untracked 
| 148|0x000000008c400000, 0x000000008c400000, 0x000000008c500000|  0%| F|  |TAMS 0x000000008c400000, 0x000000008c400000| Untracked 
| 149|0x000000008c500000, 0x000000008c500000, 0x000000008c600000|  0%| F|  |TAMS 0x000000008c500000, 0x000000008c500000| Untracked 
| 150|0x000000008c600000, 0x000000008c600000, 0x000000008c700000|  0%| F|  |TAMS 0x000000008c600000, 0x000000008c600000| Untracked 
| 151|0x000000008c700000, 0x000000008c700000, 0x000000008c800000|  0%| F|  |TAMS 0x000000008c700000, 0x000000008c700000| Untracked 

Card table byte_map: [0x0000018ba00e0000,0x0000018ba04d0000] _byte_map_base: 0x0000018b9fcc8000

Marking Bits (Prev, Next): (CMBitMap*) 0x0000018b87031cd0, (CMBitMap*) 0x0000018b87031c90
 Prev Bits: [0x0000018ba2800000, 0x0000018ba4740000)
 Next Bits: [0x0000018ba08c0000, 0x0000018ba2800000)

Polling page: 0x0000018b870b0000

Metaspace:

Usage:
  Non-class:     27.32 MB used.
      Class:      3.43 MB used.
       Both:     30.75 MB used.

Virtual space:
  Non-class space:       32.00 MB reserved,      27.50 MB ( 86%) committed,  4 nodes.
      Class space:        1.00 GB reserved,       3.56 MB ( <1%) committed,  1 nodes.
             Both:        1.03 GB reserved,      31.06 MB (  3%) committed. 

Chunk freelists:
   Non-Class:  480.00 KB
       Class:  396.00 KB
        Both:  876.00 KB

MaxMetaspaceSize: unlimited
CompressedClassSpaceSize: 1.00 GB
Initial GC threshold: 21.00 MB
Current GC threshold: 51.56 MB
CDS: on
MetaspaceReclaimPolicy: balanced
 - commit_granule_bytes: 65536.
 - commit_granule_words: 8192.
 - virtual_space_node_default_size: 1048576.
 - enlarge_chunks_in_place: 1.
 - new_chunks_are_fully_committed: 0.
 - uncommit_free_chunks: 1.
 - use_allocation_guard: 0.
 - handle_deallocations: 1.


Internal statistics:

num_allocs_failed_limit: 9.
num_arena_births: 250.
num_arena_deaths: 0.
num_vsnodes_births: 5.
num_vsnodes_deaths: 0.
num_space_committed: 497.
num_space_uncommitted: 0.
num_chunks_returned_to_freelist: 9.
num_chunks_taken_from_freelist: 1421.
num_chunk_merges: 9.
num_chunk_splits: 991.
num_chunks_enlarged: 750.
num_purges: 0.
num_inconsistent_stats: 0.

CodeHeap 'non-profiled nmethods': size=120000Kb used=4586Kb max_used=4586Kb free=115413Kb
 bounds [0x0000018b97d60000, 0x0000018b981e0000, 0x0000018b9f290000]
CodeHeap 'profiled nmethods': size=120000Kb used=16845Kb max_used=16845Kb free=103154Kb
 bounds [0x0000018b90830000, 0x0000018b918b0000, 0x0000018b97d60000]
CodeHeap 'non-nmethods': size=5760Kb used=1217Kb max_used=1306Kb free=4542Kb
 bounds [0x0000018b90290000, 0x0000018b90500000, 0x0000018b90830000]
 total_blobs=8117 nmethods=7597 adapters=432
 compilation: enabled
              stopped_count=0, restarted_count=0
 full_count=0

Compilation events (20 events):
Event: 36.548 Thread 0x0000018bab049f10 nmethod 8534 0x0000018b981ce390 code [0x0000018b981ce520, 0x0000018b981ce738]
Event: 36.548 Thread 0x0000018bab049f10 8538       4       java.nio.HeapByteBuffer::<init> (23 bytes)
Event: 36.556 Thread 0x0000018bab049f10 nmethod 8538 0x0000018b981ce890 code [0x0000018b981cea20, 0x0000018b981cee18]
Event: 36.594 Thread 0x0000018ba7230df0 8539       3       sun.nio.fs.WindowsSecurityDescriptor::fromAttribute (137 bytes)
Event: 36.596 Thread 0x0000018ba7230df0 nmethod 8539 0x0000018b9189b910 code [0x0000018b9189bc00, 0x0000018b9189c9b8]
Event: 36.596 Thread 0x0000018ba7230df0 8540       3       sun.nio.fs.WindowsSecurityDescriptor::address (19 bytes)
Event: 36.596 Thread 0x0000018ba7230df0 nmethod 8540 0x0000018b9189ce90 code [0x0000018b9189d040, 0x0000018b9189d1f8]
Event: 36.596 Thread 0x0000018ba7230df0 8541       3       sun.nio.fs.WindowsSecurityDescriptor::release (75 bytes)
Event: 36.597 Thread 0x0000018ba7230df0 nmethod 8541 0x0000018b9189d290 code [0x0000018b9189d4c0, 0x0000018b9189dc18]
Event: 36.630 Thread 0x0000018ba7230df0 8542   !   3       jdk.nio.zipfs.ZipFileSystem::newInputStream (76 bytes)
Event: 36.632 Thread 0x0000018ba7230df0 nmethod 8542 0x0000018b9189de90 code [0x0000018b9189e1a0, 0x0000018b9189f598]
Event: 36.632 Thread 0x0000018ba7230df0 8543       3       jdk.nio.zipfs.ZipFileSystem::getEntry (62 bytes)
Event: 36.633 Thread 0x0000018ba7230df0 nmethod 8543 0x0000018b9189ff10 code [0x0000018b918a0120, 0x0000018b918a0788]
Event: 36.633 Thread 0x0000018ba7230df0 8544       3       jdk.nio.zipfs.ZipFileSystem::getInputStream (186 bytes)
Event: 36.635 Thread 0x0000018ba7230df0 nmethod 8544 0x0000018b918a0910 code [0x0000018b918a0c00, 0x0000018b918a1e78]
Event: 36.662 Thread 0x0000018ba7226b50 nmethod 8522 0x0000018b981cf110 code [0x0000018b981cf520, 0x0000018b981d4600]
Event: 36.682 Thread 0x0000018ba7226b50 8545   !   4       jdk.nio.zipfs.ZipFileSystem::buildNodeTree (123 bytes)
Event: 36.722 Thread 0x0000018ba7226b50 nmethod 8545 0x0000018b981d9290 code [0x0000018b981d94c0, 0x0000018b981da1b0]
Event: 36.821 Thread 0x0000018ba7230df0 8546   !   3       sun.nio.fs.WindowsFileSystemProvider::newByteChannel (71 bytes)
Event: 36.822 Thread 0x0000018ba7230df0 nmethod 8546 0x0000018b918a2490 code [0x0000018b918a2700, 0x0000018b918a3188]

GC Heap History (20 events):
Event: 22.448 GC heap after
{Heap after GC invocations=6 (full 0):
 garbage-first heap   total 129024K, used 41984K [0x0000000083000000, 0x0000000100000000)
  region size 1024K, 5 young (5120K), 5 survivors (5120K)
 Metaspace       used 17201K, committed 17408K, reserved 1064960K
  class space    used 1943K, committed 2048K, reserved 1048576K
}
Event: 25.719 GC heap before
{Heap before GC invocations=6 (full 0):
 garbage-first heap   total 129024K, used 97280K [0x0000000083000000, 0x0000000100000000)
  region size 1024K, 53 young (54272K), 5 survivors (5120K)
 Metaspace       used 21272K, committed 21504K, reserved 1073152K
  class space    used 2425K, committed 2560K, reserved 1048576K
}
Event: 25.742 GC heap after
{Heap after GC invocations=7 (full 0):
 garbage-first heap   total 129024K, used 52205K [0x0000000083000000, 0x0000000100000000)
  region size 1024K, 6 young (6144K), 6 survivors (6144K)
 Metaspace       used 21272K, committed 21504K, reserved 1073152K
  class space    used 2425K, committed 2560K, reserved 1048576K
}
Event: 28.112 GC heap before
{Heap before GC invocations=8 (full 0):
 garbage-first heap   total 129024K, used 101357K [0x0000000083000000, 0x0000000100000000)
  region size 1024K, 51 young (52224K), 6 survivors (6144K)
 Metaspace       used 26195K, committed 26560K, reserved 1073152K
  class space    used 2976K, committed 3136K, reserved 1048576K
}
Event: 28.140 GC heap after
{Heap after GC invocations=9 (full 0):
 garbage-first heap   total 129024K, used 66906K [0x0000000083000000, 0x0000000100000000)
  region size 1024K, 7 young (7168K), 7 survivors (7168K)
 Metaspace       used 26195K, committed 26560K, reserved 1073152K
  class space    used 2976K, committed 3136K, reserved 1048576K
}
Event: 28.145 GC heap before
{Heap before GC invocations=9 (full 0):
 garbage-first heap   total 129024K, used 67930K [0x0000000083000000, 0x0000000100000000)
  region size 1024K, 8 young (8192K), 7 survivors (7168K)
 Metaspace       used 26196K, committed 26560K, reserved 1073152K
  class space    used 2976K, committed 3136K, reserved 1048576K
}
Event: 28.158 GC heap after
{Heap after GC invocations=10 (full 0):
 garbage-first heap   total 155648K, used 67072K [0x0000000083000000, 0x0000000100000000)
  region size 1024K, 1 young (1024K), 1 survivors (1024K)
 Metaspace       used 26196K, committed 26560K, reserved 1073152K
  class space    used 2976K, committed 3136K, reserved 1048576K
}
Event: 30.523 GC heap before
{Heap before GC invocations=10 (full 0):
 garbage-first heap   total 155648K, used 111104K [0x0000000083000000, 0x0000000100000000)
  region size 1024K, 44 young (45056K), 1 survivors (1024K)
 Metaspace       used 28008K, committed 28352K, reserved 1081344K
  class space    used 3170K, committed 3328K, reserved 1048576K
}
Event: 30.538 GC heap after
{Heap after GC invocations=11 (full 0):
 garbage-first heap   total 155648K, used 73216K [0x0000000083000000, 0x0000000100000000)
  region size 1024K, 6 young (6144K), 6 survivors (6144K)
 Metaspace       used 28008K, committed 28352K, reserved 1081344K
  class space    used 3170K, committed 3328K, reserved 1048576K
}
Event: 32.299 GC heap before
{Heap before GC invocations=12 (full 0):
 garbage-first heap   total 155648K, used 115200K [0x0000000083000000, 0x0000000100000000)
  region size 1024K, 47 young (48128K), 6 survivors (6144K)
 Metaspace       used 29541K, committed 29888K, reserved 1081344K
  class space    used 3329K, committed 3456K, reserved 1048576K
}
Event: 32.317 GC heap after
{Heap after GC invocations=13 (full 0):
 garbage-first heap   total 155648K, used 75158K [0x0000000083000000, 0x0000000100000000)
  region size 1024K, 2 young (2048K), 2 survivors (2048K)
 Metaspace       used 29541K, committed 29888K, reserved 1081344K
  class space    used 3329K, committed 3456K, reserved 1048576K
}
Event: 32.422 GC heap before
{Heap before GC invocations=13 (full 0):
 garbage-first heap   total 155648K, used 80278K [0x0000000083000000, 0x0000000100000000)
  region size 1024K, 7 young (7168K), 2 survivors (2048K)
 Metaspace       used 29603K, committed 29888K, reserved 1081344K
  class space    used 3332K, committed 3456K, reserved 1048576K
}
Event: 32.435 GC heap after
{Heap after GC invocations=14 (full 0):
 garbage-first heap   total 155648K, used 74158K [0x0000000083000000, 0x0000000100000000)
  region size 1024K, 1 young (1024K), 1 survivors (1024K)
 Metaspace       used 29603K, committed 29888K, reserved 1081344K
  class space    used 3332K, committed 3456K, reserved 1048576K
}
Event: 34.528 GC heap before
{Heap before GC invocations=14 (full 0):
 garbage-first heap   total 155648K, used 114094K [0x0000000083000000, 0x0000000100000000)
  region size 1024K, 41 young (41984K), 1 survivors (1024K)
 Metaspace       used 31343K, committed 31680K, reserved 1081344K
  class space    used 3508K, committed 3648K, reserved 1048576K
}
Event: 34.537 GC heap after
{Heap after GC invocations=15 (full 0):
 garbage-first heap   total 155648K, used 73160K [0x0000000083000000, 0x0000000100000000)
  region size 1024K, 2 young (2048K), 2 survivors (2048K)
 Metaspace       used 31343K, committed 31680K, reserved 1081344K
  class space    used 3508K, committed 3648K, reserved 1048576K
}
Event: 36.449 GC heap before
{Heap before GC invocations=16 (full 0):
 garbage-first heap   total 155648K, used 129480K [0x0000000083000000, 0x0000000100000000)
  region size 1024K, 49 young (50176K), 2 survivors (2048K)
 Metaspace       used 31475K, committed 31808K, reserved 1081344K
  class space    used 3508K, committed 3648K, reserved 1048576K
}
Event: 36.472 GC heap after
{Heap after GC invocations=17 (full 0):
 garbage-first heap   total 155648K, used 94089K [0x0000000083000000, 0x0000000100000000)
  region size 1024K, 7 young (7168K), 7 survivors (7168K)
 Metaspace       used 31475K, committed 31808K, reserved 1081344K
  class space    used 3508K, committed 3648K, reserved 1048576K
}
Event: 36.598 GC heap before
{Heap before GC invocations=17 (full 0):
 garbage-first heap   total 155648K, used 94089K [0x0000000083000000, 0x0000000100000000)
  region size 1024K, 8 young (8192K), 7 survivors (7168K)
 Metaspace       used 31482K, committed 31808K, reserved 1081344K
  class space    used 3508K, committed 3648K, reserved 1048576K
}
Event: 36.616 GC heap after
{Heap after GC invocations=18 (full 0):
 garbage-first heap   total 155648K, used 83591K [0x0000000083000000, 0x0000000100000000)
  region size 1024K, 1 young (1024K), 1 survivors (1024K)
 Metaspace       used 31482K, committed 31808K, reserved 1081344K
  class space    used 3508K, committed 3648K, reserved 1048576K
}
Event: 36.899 GC heap before
{Heap before GC invocations=18 (full 0):
 garbage-first heap   total 155648K, used 89735K [0x0000000083000000, 0x0000000100000000)
  region size 1024K, 7 young (7168K), 1 survivors (1024K)
 Metaspace       used 31486K, committed 31808K, reserved 1081344K
  class space    used 3508K, committed 3648K, reserved 1048576K
}

Deoptimization events (20 events):
Event: 35.222 Thread 0x0000018b86ff09a0 Uncommon trap: trap_request=0xffffffde fr.pc=0x0000018b98128008 relative=0x00000000000052e8
Event: 35.222 Thread 0x0000018b86ff09a0 Uncommon trap: reason=class_check action=maybe_recompile pc=0x0000018b98128008 method=com.sun.tools.javac.code.Symtab.lookupPackage(Lcom/sun/tools/javac/code/Symbol$ModuleSymbol;Lcom/sun/tools/javac/util/Name;Z)Lcom/sun/tools/javac/code/Symbol$PackageSymb
Event: 35.222 Thread 0x0000018b86ff09a0 DEOPT PACKING pc=0x0000018b98128008 sp=0x00000079fa7fce10
Event: 35.222 Thread 0x0000018b86ff09a0 DEOPT UNPACKING pc=0x0000018b902e23a3 sp=0x00000079fa7fce20 mode 2
Event: 35.222 Thread 0x0000018b86ff09a0 Uncommon trap: trap_request=0xffffffde fr.pc=0x0000018b98128008 relative=0x00000000000052e8
Event: 35.223 Thread 0x0000018b86ff09a0 Uncommon trap: reason=class_check action=maybe_recompile pc=0x0000018b98128008 method=com.sun.tools.javac.code.Symtab.lookupPackage(Lcom/sun/tools/javac/code/Symbol$ModuleSymbol;Lcom/sun/tools/javac/util/Name;Z)Lcom/sun/tools/javac/code/Symbol$PackageSymb
Event: 35.224 Thread 0x0000018b86ff09a0 DEOPT PACKING pc=0x0000018b98128008 sp=0x00000079fa7fce10
Event: 35.224 Thread 0x0000018b86ff09a0 DEOPT UNPACKING pc=0x0000018b902e23a3 sp=0x00000079fa7fce20 mode 2
Event: 35.232 Thread 0x0000018b86ff09a0 DEOPT PACKING pc=0x0000018b91527059 sp=0x00000079fa7fcf40
Event: 35.232 Thread 0x0000018b86ff09a0 DEOPT UNPACKING pc=0x0000018b902e2b43 sp=0x00000079fa7fc438 mode 0
Event: 35.314 Thread 0x0000018b86ff09a0 DEOPT PACKING pc=0x0000018b91823ce7 sp=0x00000079fa7fc870
Event: 35.314 Thread 0x0000018b86ff09a0 DEOPT UNPACKING pc=0x0000018b902e2b43 sp=0x00000079fa7fbe28 mode 0
Event: 35.552 Thread 0x0000018b86ff09a0 Uncommon trap: trap_request=0xffffff45 fr.pc=0x0000018b97dbaee0 relative=0x0000000000002b20
Event: 35.552 Thread 0x0000018b86ff09a0 Uncommon trap: reason=unstable_if action=reinterpret pc=0x0000018b97dbaee0 method=com.sun.tools.javac.parser.JavaTokenizer.scanIdent()V @ 9 c2
Event: 35.552 Thread 0x0000018b86ff09a0 DEOPT PACKING pc=0x0000018b97dbaee0 sp=0x00000079fa7fce00
Event: 35.552 Thread 0x0000018b86ff09a0 DEOPT UNPACKING pc=0x0000018b902e23a3 sp=0x00000079fa7fcdf0 mode 2
Event: 36.273 Thread 0x0000018b86ff09a0 DEOPT PACKING pc=0x0000018b90ba1d19 sp=0x00000079fa7fc6f0
Event: 36.273 Thread 0x0000018b86ff09a0 DEOPT UNPACKING pc=0x0000018b902e2b43 sp=0x00000079fa7fbc60 mode 0
Event: 36.683 Thread 0x0000018b86ff09a0 DEOPT PACKING pc=0x0000018b908a01e0 sp=0x00000079fa7fc670
Event: 36.684 Thread 0x0000018b86ff09a0 DEOPT UNPACKING pc=0x0000018b902e2b43 sp=0x00000079fa7fbb78 mode 0

Classes unloaded (0 events):
No events

Classes redefined (0 events):
No events

Internal exceptions (20 events):
Event: 33.914 Thread 0x0000018b86ff09a0 Exception <a 'sun/nio/fs/WindowsException'{0x000000008a44bf40}> (0x000000008a44bf40) 
thrown [c:\jenkins\workspace\zulu17-build-win64\zulu-src.git\src\hotspot\share\prims\jni.cpp, line 516]
Event: 33.920 Thread 0x0000018b86ff09a0 Exception <a 'sun/nio/fs/WindowsException'{0x000000008a4601d8}> (0x000000008a4601d8) 
thrown [c:\jenkins\workspace\zulu17-build-win64\zulu-src.git\src\hotspot\share\prims\jni.cpp, line 516]
Event: 33.920 Thread 0x0000018b86ff09a0 Exception <a 'sun/nio/fs/WindowsException'{0x000000008a4608e0}> (0x000000008a4608e0) 
thrown [c:\jenkins\workspace\zulu17-build-win64\zulu-src.git\src\hotspot\share\prims\jni.cpp, line 516]
Event: 33.931 Thread 0x0000018b86ff09a0 Exception <a 'sun/nio/fs/WindowsException'{0x000000008a461328}> (0x000000008a461328) 
thrown [c:\jenkins\workspace\zulu17-build-win64\zulu-src.git\src\hotspot\share\prims\jni.cpp, line 516]
Event: 33.986 Thread 0x0000018b86ff09a0 Exception <a 'sun/nio/fs/WindowsException'{0x000000008a32c8d0}> (0x000000008a32c8d0) 
thrown [c:\jenkins\workspace\zulu17-build-win64\zulu-src.git\src\hotspot\share\prims\jni.cpp, line 516]
Event: 33.987 Thread 0x0000018b86ff09a0 Exception <a 'sun/nio/fs/WindowsException'{0x000000008a32cfc0}> (0x000000008a32cfc0) 
thrown [c:\jenkins\workspace\zulu17-build-win64\zulu-src.git\src\hotspot\share\prims\jni.cpp, line 516]
Event: 33.987 Thread 0x0000018b86ff09a0 Exception <a 'sun/nio/fs/WindowsException'{0x000000008a32d960}> (0x000000008a32d960) 
thrown [c:\jenkins\workspace\zulu17-build-win64\zulu-src.git\src\hotspot\share\prims\jni.cpp, line 516]
Event: 34.011 Thread 0x0000018b86ff09a0 Exception <a 'sun/nio/fs/WindowsException'{0x000000008a3a5a68}> (0x000000008a3a5a68) 
thrown [c:\jenkins\workspace\zulu17-build-win64\zulu-src.git\src\hotspot\share\prims\jni.cpp, line 516]
Event: 34.011 Thread 0x0000018b86ff09a0 Exception <a 'sun/nio/fs/WindowsException'{0x000000008a3a6178}> (0x000000008a3a6178) 
thrown [c:\jenkins\workspace\zulu17-build-win64\zulu-src.git\src\hotspot\share\prims\jni.cpp, line 516]
Event: 34.012 Thread 0x0000018b86ff09a0 Exception <a 'sun/nio/fs/WindowsException'{0x000000008a3a6bc8}> (0x000000008a3a6bc8) 
thrown [c:\jenkins\workspace\zulu17-build-win64\zulu-src.git\src\hotspot\share\prims\jni.cpp, line 516]
Event: 35.218 Thread 0x0000018b86ff09a0 Exception <a 'sun/nio/fs/WindowsException'{0x000000008b7076a8}> (0x000000008b7076a8) 
thrown [c:\jenkins\workspace\zulu17-build-win64\zulu-src.git\src\hotspot\share\prims\jni.cpp, line 516]
Event: 35.220 Thread 0x0000018b86ff09a0 Exception <a 'sun/nio/fs/WindowsException'{0x000000008b707a38}> (0x000000008b707a38) 
thrown [c:\jenkins\workspace\zulu17-build-win64\zulu-src.git\src\hotspot\share\prims\jni.cpp, line 516]
Event: 35.230 Thread 0x0000018b86ff09a0 Exception <a 'sun/nio/fs/WindowsException'{0x000000008b769bf8}> (0x000000008b769bf8) 
thrown [c:\jenkins\workspace\zulu17-build-win64\zulu-src.git\src\hotspot\share\prims\jni.cpp, line 516]
Event: 35.230 Thread 0x0000018b86ff09a0 Exception <a 'sun/nio/fs/WindowsException'{0x000000008b769e30}> (0x000000008b769e30) 
thrown [c:\jenkins\workspace\zulu17-build-win64\zulu-src.git\src\hotspot\share\prims\jni.cpp, line 516]
Event: 35.599 Thread 0x0000018b86ff09a0 Exception <a 'sun/nio/fs/WindowsException'{0x000000008ad57188}> (0x000000008ad57188) 
thrown [c:\jenkins\workspace\zulu17-build-win64\zulu-src.git\src\hotspot\share\prims\jni.cpp, line 516]
Event: 35.599 Thread 0x0000018b86ff09a0 Exception <a 'sun/nio/fs/WindowsException'{0x000000008ad57540}> (0x000000008ad57540) 
thrown [c:\jenkins\workspace\zulu17-build-win64\zulu-src.git\src\hotspot\share\prims\jni.cpp, line 516]
Event: 35.599 Thread 0x0000018b86ff09a0 Exception <a 'sun/nio/fs/WindowsException'{0x000000008ad58720}> (0x000000008ad58720) 
thrown [c:\jenkins\workspace\zulu17-build-win64\zulu-src.git\src\hotspot\share\prims\jni.cpp, line 516]
Event: 35.600 Thread 0x0000018b86ff09a0 Exception <a 'sun/nio/fs/WindowsException'{0x000000008ad58ba0}> (0x000000008ad58ba0) 
thrown [c:\jenkins\workspace\zulu17-build-win64\zulu-src.git\src\hotspot\share\prims\jni.cpp, line 516]
Event: 35.600 Thread 0x0000018b86ff09a0 Exception <a 'sun/nio/fs/WindowsException'{0x000000008ad59e18}> (0x000000008ad59e18) 
thrown [c:\jenkins\workspace\zulu17-build-win64\zulu-src.git\src\hotspot\share\prims\jni.cpp, line 516]
Event: 35.600 Thread 0x0000018b86ff09a0 Exception <a 'sun/nio/fs/WindowsException'{0x000000008ad5a1f8}> (0x000000008ad5a1f8) 
thrown [c:\jenkins\workspace\zulu17-build-win64\zulu-src.git\src\hotspot\share\prims\jni.cpp, line 516]

VM Operations (20 events):
Event: 33.525 Executing VM operation: HandshakeAllThreads done
Event: 33.600 Executing VM operation: ICBufferFull
Event: 33.600 Executing VM operation: ICBufferFull done
Event: 33.728 Executing VM operation: ICBufferFull
Event: 33.728 Executing VM operation: ICBufferFull done
Event: 33.884 Executing VM operation: ICBufferFull
Event: 33.884 Executing VM operation: ICBufferFull done
Event: 34.528 Executing VM operation: G1TryInitiateConcMark
Event: 34.537 Executing VM operation: G1TryInitiateConcMark done
Event: 34.637 Executing VM operation: G1Concurrent
Event: 34.647 Executing VM operation: G1Concurrent done
Event: 34.697 Executing VM operation: G1Concurrent
Event: 34.698 Executing VM operation: G1Concurrent done
Event: 35.699 Executing VM operation: Cleanup
Event: 35.699 Executing VM operation: Cleanup done
Event: 36.449 Executing VM operation: G1CollectForAllocation
Event: 36.472 Executing VM operation: G1CollectForAllocation done
Event: 36.598 Executing VM operation: G1CollectForAllocation
Event: 36.616 Executing VM operation: G1CollectForAllocation done
Event: 36.899 Executing VM operation: G1CollectForAllocation

Events (20 events):
Event: 33.432 loading class java/util/stream/ReferencePipeline$4$1 done
Event: 33.508 loading class java/io/DataOutputStream
Event: 33.508 loading class java/io/DataOutputStream done
Event: 33.546 loading class java/util/EnumMap$EntrySet
Event: 33.549 loading class java/util/EnumMap$EntrySet done
Event: 33.550 loading class java/util/EnumMap$EntryIterator
Event: 33.550 loading class java/util/EnumMap$EnumMapIterator
Event: 33.551 loading class java/util/EnumMap$EnumMapIterator done
Event: 33.551 loading class java/util/EnumMap$EntryIterator done
Event: 33.551 loading class java/util/EnumMap$EntryIterator$Entry
Event: 33.551 loading class java/util/EnumMap$EntryIterator$Entry done
Event: 34.019 loading class java/util/EnumMap$Values
Event: 34.020 loading class java/util/EnumMap$Values done
Event: 34.020 loading class java/util/EnumMap$ValueIterator
Event: 34.020 loading class java/util/EnumMap$ValueIterator done
Event: 34.025 loading class java/util/WeakHashMap$KeyIterator
Event: 34.025 loading class java/util/WeakHashMap$KeyIterator done
Event: 34.262 Thread 0x0000018ba83e74f0 Thread exited: 0x0000018ba83e74f0
Event: 34.980 Thread 0x0000018bab049f10 Thread added: 0x0000018bab049f10
Event: 36.682 Thread 0x0000018bab049f10 Thread exited: 0x0000018bab049f10


Dynamic libraries:
0x00007ff7766a0000 - 0x00007ff7766ae000 	C:\Program Files\Zulu\zulu-17\bin\java.exe
0x00007fff357f0000 - 0x00007fff35a07000 	C:\Windows\SYSTEM32\ntdll.dll
0x00007fff35350000 - 0x00007fff35414000 	C:\Windows\System32\KERNEL32.DLL
0x00007fff32c60000 - 0x00007fff33006000 	C:\Windows\System32\KERNELBASE.dll
0x00007fff33130000 - 0x00007fff33241000 	C:\Windows\System32\ucrtbase.dll
0x00007fff14810000 - 0x00007fff14828000 	C:\Program Files\Zulu\zulu-17\bin\jli.dll
0x00007fff2d620000 - 0x00007fff2d63b000 	C:\Program Files\Zulu\zulu-17\bin\VCRUNTIME140.dll
0x00007fff33540000 - 0x00007fff336ee000 	C:\Windows\System32\USER32.dll
0x00007fff188c0000 - 0x00007fff18b53000 	C:\Windows\WinSxS\amd64_microsoft.windows.common-controls_6595b64144ccf1df_6.0.22621.2506_none_270c5ae97388e100\COMCTL32.dll
0x00007fff33460000 - 0x00007fff33486000 	C:\Windows\System32\win32u.dll
0x00007fff35420000 - 0x00007fff354c7000 	C:\Windows\System32\msvcrt.dll
0x00007fff35780000 - 0x00007fff357a9000 	C:\Windows\System32\GDI32.dll
0x00007fff33010000 - 0x00007fff33128000 	C:\Windows\System32\gdi32full.dll
0x00007fff33250000 - 0x00007fff332ea000 	C:\Windows\System32\msvcp_win.dll
0x00007fff34650000 - 0x00007fff34681000 	C:\Windows\System32\IMM32.DLL
0x00007fff32690000 - 0x00007fff32830000 	C:\Program Files\Avecto\Privilege Guard Client\PGHook.dll
0x00007fff354d0000 - 0x00007fff35583000 	C:\Windows\System32\ADVAPI32.dll
0x00007fff355a0000 - 0x00007fff35648000 	C:\Windows\System32\sechost.dll
0x00007fff33510000 - 0x00007fff33538000 	C:\Windows\System32\bcrypt.dll
0x00007fff348a0000 - 0x00007fff349b7000 	C:\Windows\System32\RPCRT4.dll
0x00007fff2d560000 - 0x00007fff2d56c000 	C:\Program Files\Zulu\zulu-17\bin\vcruntime140_1.dll
0x00007fff13030000 - 0x00007fff130bd000 	C:\Program Files\Zulu\zulu-17\bin\msvcp140.dll
0x00007ffe82f50000 - 0x00007ffe83bb0000 	C:\Program Files\Zulu\zulu-17\bin\server\jvm.dll
0x00007fff34e30000 - 0x00007fff34e38000 	C:\Windows\System32\PSAPI.DLL
0x00007fff10d80000 - 0x00007fff10d89000 	C:\Windows\SYSTEM32\WSOCK32.dll
0x00007fff35650000 - 0x00007fff356c1000 	C:\Windows\System32\WS2_32.dll
0x00007fff2aad0000 - 0x00007fff2ab04000 	C:\Windows\SYSTEM32\WINMM.dll
0x00007fff2b080000 - 0x00007fff2b08a000 	C:\Windows\SYSTEM32\VERSION.dll
0x00007fff318a0000 - 0x00007fff318b8000 	C:\Windows\SYSTEM32\kernel.appcore.dll
0x00007fff14800000 - 0x00007fff1480a000 	C:\Program Files\Zulu\zulu-17\bin\jimage.dll
0x00007fff19f80000 - 0x00007fff1a1b3000 	C:\Windows\SYSTEM32\DBGHELP.DLL
0x00007fff34aa0000 - 0x00007fff34e29000 	C:\Windows\System32\combase.dll
0x00007fff349c0000 - 0x00007fff34a97000 	C:\Windows\System32\OLEAUT32.dll
0x00007fff10d10000 - 0x00007fff10d42000 	C:\Windows\SYSTEM32\dbgcore.DLL
0x00007fff33490000 - 0x00007fff3350a000 	C:\Windows\System32\bcryptPrimitives.dll
0x00007fff13000000 - 0x00007fff13025000 	C:\Program Files\Zulu\zulu-17\bin\java.dll
0x00007fff01b10000 - 0x00007fff01be7000 	C:\Program Files\Zulu\zulu-17\bin\jsvml.dll
0x00007fff33d30000 - 0x00007fff3458b000 	C:\Windows\System32\SHELL32.dll
0x00007fff305d0000 - 0x00007fff30ec6000 	C:\Windows\SYSTEM32\windows.storage.dll
0x00007fff30490000 - 0x00007fff305ce000 	C:\Windows\SYSTEM32\wintypes.dll
0x00007fff33970000 - 0x00007fff33a63000 	C:\Windows\System32\SHCORE.dll
0x00007fff345f0000 - 0x00007fff3464e000 	C:\Windows\System32\shlwapi.dll
0x00007fff32a60000 - 0x00007fff32a86000 	C:\Windows\SYSTEM32\profapi.dll
0x00007fff147e0000 - 0x00007fff147f9000 	C:\Program Files\Zulu\zulu-17\bin\net.dll
0x00007fff318c0000 - 0x00007fff319f7000 	C:\Windows\SYSTEM32\WINHTTP.dll
0x00007fff31e50000 - 0x00007fff31eb9000 	C:\Windows\system32\mswsock.dll
0x00007fff12fe0000 - 0x00007fff12ff6000 	C:\Program Files\Zulu\zulu-17\bin\nio.dll
0x00007fff12fc0000 - 0x00007fff12fd8000 	C:\Program Files\Zulu\zulu-17\bin\zip.dll
0x0000000069ac0000 - 0x0000000069ae4000 	C:\Maven\apache-maven-3.9.6\lib\jansi-native\Windows\x86_64\jansi.dll
0x00007fff12b20000 - 0x00007fff12b30000 	C:\Program Files\Zulu\zulu-17\bin\verify.dll
0x00007fff31a00000 - 0x00007fff31a34000 	C:\Windows\SYSTEM32\ntmarta.dll

dbghelp: loaded successfully - version: 4.0.5 - missing functions: none
symbol engine: initialized successfully - sym options: 0x614 - pdb path: .;C:\Program Files\Zulu\zulu-17\bin;C:\Windows\SYSTEM32;C:\Windows\WinSxS\amd64_microsoft.windows.common-controls_6595b64144ccf1df_6.0.22621.2506_none_270c5ae97388e100;C:\Program Files\Avecto\Privilege Guard Client;C:\Program Files\Zulu\zulu-17\bin\server;C:\Maven\apache-maven-3.9.6\lib\jansi-native\Windows\x86_64

VM Arguments:
jvm_args: -Dclassworlds.conf=C:\Maven\apache-maven-3.9.6\bin\m2.conf -Dmaven.home=C:\Maven\apache-maven-3.9.6 -Dlibrary.jansi.path=C:\Maven\apache-maven-3.9.6\lib\jansi-native -Dmaven.multiModuleProjectDirectory=C:\Users\2317213\Documents\workspace-spring-tool-suite-4-4.17.2\policy-plans 
java_command: org.codehaus.plexus.classworlds.launcher.Launcher clean verify sonar:sonar -Pcoverage -Dsonar.projectKey=policy-plans -Dsonar.projectName='policy-plans' -Dsonar.host.url=http://localhost:9000 -Dsonar.token=sqp_5276df546789d8ae252ee24e8968dfba0b24f04d -Dsonar.exclusions=src/**/**/**/**/entities/**/*,src/**/**/**/**/dto/**/*,src/**/**/**/**/auth/**/*,src/**/**/**/**/configuration/*,src/**/**/**/**/auth/**/*
java_class_path (initial): C:\Maven\apache-maven-3.9.6\boot\plexus-classworlds-2.7.0.jar
Launcher Type: SUN_STANDARD

[Global flags]
     intx CICompilerCount                          = 4                                         {product} {ergonomic}
     uint ConcGCThreads                            = 2                                         {product} {ergonomic}
     uint G1ConcRefinementThreads                  = 8                                         {product} {ergonomic}
   size_t G1HeapRegionSize                         = 1048576                                   {product} {ergonomic}
    uintx GCDrainStackTargetSize                   = 64                                        {product} {ergonomic}
   size_t InitialHeapSize                          = 132120576                                 {product} {ergonomic}
   size_t MarkStackSize                            = 4194304                                   {product} {ergonomic}
   size_t MaxHeapSize                              = 2097152000                                {product} {ergonomic}
   size_t MaxNewSize                               = 1258291200                                {product} {ergonomic}
   size_t MinHeapDeltaBytes                        = 1048576                                   {product} {ergonomic}
   size_t MinHeapSize                              = 8388608                                   {product} {ergonomic}
    uintx NonNMethodCodeHeapSize                   = 5839372                                {pd product} {ergonomic}
    uintx NonProfiledCodeHeapSize                  = 122909434                              {pd product} {ergonomic}
    uintx ProfiledCodeHeapSize                     = 122909434                              {pd product} {ergonomic}
    uintx ReservedCodeCacheSize                    = 251658240                              {pd product} {ergonomic}
     bool SegmentedCodeCache                       = true                                      {product} {ergonomic}
   size_t SoftMaxHeapSize                          = 2097152000                             {manageable} {ergonomic}
     bool UseCompressedClassPointers               = true                           {product lp64_product} {ergonomic}
     bool UseCompressedOops                        = true                           {product lp64_product} {ergonomic}
     bool UseG1GC                                  = true                                      {product} {ergonomic}
     bool UseLargePagesIndividualAllocation        = false                                  {pd product} {ergonomic}

Logging:
Log output configuration:
 #0: stdout all=warning uptime,level,tags
 #1: stderr all=off uptime,level,tags

Environment Variables:
JAVA_HOME=C:\Program Files\Zulu\zulu-17
PATH=C:\oraclexe\app\oracle\product\11.2.0\server\bin;C:\Program Files\Zulu\zulu-8\bin\;C:\Program Files\Zulu\zulu-17\bin\;C:\Windows\system32;C:\Windows;C:\Windows\System32\Wbem;C:\Windows\System32\WindowsPowerShell\v1.0\;C:\Windows\System32\OpenSSH\;C:\Program Files\nodejs\;C:\Program Files\Git\cmd;C:\Program Files\MySQL\MySQL Shell 8.0\bin\;C:\Users\2317213\AppData\Local\Microsoft\WindowsApps;C:\Users\2317213\AppData\Local\Programs\Microsoft VS Code\bin;C:\Program Files\JetBrains\IntelliJ IDEA Community Edition 2022.3.3\bin;;C:\Users\2317213\AppData\Roaming\npm;C:\Maven\apache-maven-3.9.6\bin;
USERNAME=2317213
OS=Windows_NT
PROCESSOR_IDENTIFIER=Intel64 Family 6 Model 142 Stepping 12, GenuineIntel



---------------  S Y S T E M  ---------------

OS:
 Windows 11 , 64 bit Build 22621 (10.0.22621.3085)
OS uptime: 6 days 6:52 hours
Hyper-V role detected

CPU: total 8 (initial active 8) (4 cores per cpu, 2 threads per core) family 6 model 142 stepping 12 microcode 0xde, cx8, cmov, fxsr, ht, mmx, 3dnowpref, sse, sse2, sse3, ssse3, sse4.1, sse4.2, popcnt, lzcnt, tsc, tscinvbit, avx, avx2, aes, erms, clmul, bmi1, bmi2, adx, fma, vzeroupper, clflush, clflushopt, hv

Memory: 4k page, system-wide physical 7998M (452M free)
TotalPageFile size 24382M (AvailPageFile size 244M)
current process WorkingSet (physical memory assigned to process): 295M, peak: 328M
current process commit charge ("private bytes"): 328M, peak: 584M

vm_info: OpenJDK 64-Bit Server VM (17.0.2+8-LTS) for windows-amd64 JRE (17.0.2+8-LTS) (Zulu17.32+13-CA), built on Jan  8 2022 13:06:16 by "zulu_re" with MS VC++ 16.10 / 16.11 (VS2019)

END.
