#
# There is insufficient memory for the Java Runtime Environment to continue.
# Native memory allocation (malloc) failed to allocate 884096 bytes for Chunk::new
# Possible reasons:
#   The system is out of physical RAM or swap space
#   The process is running with CompressedOops enabled, and the Java Heap may be blocking the growth of the native heap
# Possible solutions:
#   Reduce memory load on the system
#   Increase physical memory or swap space
#   Check if swap backing store is full
#   Decrease Java heap size (-Xmx/-Xms)
#   Decrease number of Java threads
#   Decrease Java thread stack sizes (-Xss)
#   Set larger code cache with -XX:ReservedCodeCacheSize=
#   JVM is running with Unscaled Compressed Oops mode in which the Java heap is
#     placed in the first 4GB address space. The Java Heap base address is the
#     maximum limit for the native heap growth. Please use -XX:HeapBaseMinAddress
#     to set the Java Heap base and to place the Java Heap above 4GB virtual address.
# This output file may be truncated or incomplete.
#
#  Out of Memory Error (arena.cpp:189), pid=32056, tid=7888
#
# JRE version: OpenJDK Runtime Environment Zulu17.32+13-CA (17.0.2+8) (build 17.0.2+8-LTS)
# Java VM: OpenJDK 64-Bit Server VM Zulu17.32+13-CA (17.0.2+8-LTS, mixed mode, sharing, tiered, compressed oops, compressed class ptrs, g1 gc, windows-amd64)
# No core dump will be written. Minidumps are not enabled by default on client versions of Windows
#

---------------  S U M M A R Y ------------

Command Line: -javaagent:C:\Program Files\JetBrains\IntelliJ IDEA Community Edition 2022.3.3\lib\idea_rt.jar=54281:C:\Program Files\JetBrains\IntelliJ IDEA Community Edition 2022.3.3\bin -Dfile.encoding=UTF-8 com.cognizant.PolicyPlansApplication

Host: Intel(R) Core(TM) i5-8265U CPU @ 1.60GHz, 8 cores, 7G,  Windows 11 , 64 bit Build 22621 (10.0.22621.3085)
Time: Fri Apr 19 09:32:28 2024 India Standard Time elapsed time: 579.917303 seconds (0d 0h 9m 39s)

---------------  T H R E A D  ---------------

Current thread (0x00000185dd658fc0):  JavaThread "C2 CompilerThread0" daemon [_thread_in_native, id=7888, stack(0x0000004cedd00000,0x0000004cede00000)]


Current CompileTask:
C2: 579917 12331   !   4       org.apache.catalina.core.ApplicationFilterChain::internalDoFilter (391 bytes)

Stack: [0x0000004cedd00000,0x0000004cede00000]
Native frames: (J=compiled Java code, j=interpreted, Vv=VM code, C=native code)
V  [jvm.dll+0x6769fa]
V  [jvm.dll+0x831784]
V  [jvm.dll+0x832f2e]
V  [jvm.dll+0x833593]
V  [jvm.dll+0x2455e5]
V  [jvm.dll+0xabf1b]
V  [jvm.dll+0xac4ac]
V  [jvm.dll+0x2ac7ef]
V  [jvm.dll+0x57d909]
V  [jvm.dll+0x2206dd]
V  [jvm.dll+0x220abf]
V  [jvm.dll+0x21a385]
V  [jvm.dll+0x21784b]
V  [jvm.dll+0x1a3e2d]
V  [jvm.dll+0x2272d8]
V  [jvm.dll+0x22542c]
V  [jvm.dll+0x7e701c]
V  [jvm.dll+0x7e15ca]
V  [jvm.dll+0x675885]
C  [ucrtbase.dll+0x29363]
C  [KERNEL32.DLL+0x1257d]
C  [ntdll.dll+0x5aa58]


---------------  P R O C E S S  ---------------

Threads class SMR info:
_java_thread_list=0x00000185e0ce14b0, length=39, elements={
0x00000185dd635540, 0x00000185dd6363b0, 0x00000185dd643df0, 0x00000185dd645db0,
0x00000185dd647970, 0x00000185dd64e440, 0x00000185dd658fc0, 0x00000185dd682090,
0x00000185dd6859b0, 0x00000185dd61e080, 0x00000185de2bd570, 0x00000185de2bda40,
0x00000185e32cbfb0, 0x00000185e33ceab0, 0x00000185e4778a90, 0x00000185e46565e0,
0x00000185e4656f80, 0x00000185e4655c40, 0x00000185e4657450, 0x00000185e4656ab0,
0x00000185e6900900, 0x00000185e6902110, 0x00000185e68fca70, 0x00000185e68fddb0,
0x00000185e68fe280, 0x00000185e68fd8e0, 0x00000185e6901c40, 0x00000185e69012a0,
0x00000185e6902f80, 0x00000185e68fec20, 0x00000185e68fe750, 0x00000185e68fff60,
0x00000185e6901770, 0x00000185e68fcf40, 0x00000185e69025e0, 0x00000185e6902ab0,
0x00000185e6900430, 0x00000185e6903450, 0x00000185e68fd410
}

Java Threads: ( => current thread )
  0x00000185dd635540 JavaThread "Reference Handler" daemon [_thread_blocked, id=30672, stack(0x0000004ced700000,0x0000004ced800000)]
  0x00000185dd6363b0 JavaThread "Finalizer" daemon [_thread_blocked, id=16520, stack(0x0000004ced800000,0x0000004ced900000)]
  0x00000185dd643df0 JavaThread "Signal Dispatcher" daemon [_thread_blocked, id=18564, stack(0x0000004ced900000,0x0000004ceda00000)]
  0x00000185dd645db0 JavaThread "Attach Listener" daemon [_thread_blocked, id=25752, stack(0x0000004ceda00000,0x0000004cedb00000)]
  0x00000185dd647970 JavaThread "Service Thread" daemon [_thread_blocked, id=27504, stack(0x0000004cedb00000,0x0000004cedc00000)]
  0x00000185dd64e440 JavaThread "Monitor Deflation Thread" daemon [_thread_blocked, id=32760, stack(0x0000004cedc00000,0x0000004cedd00000)]
=>0x00000185dd658fc0 JavaThread "C2 CompilerThread0" daemon [_thread_in_native, id=7888, stack(0x0000004cedd00000,0x0000004cede00000)]
  0x00000185dd682090 JavaThread "C1 CompilerThread0" daemon [_thread_blocked, id=12592, stack(0x0000004cede00000,0x0000004cedf00000)]
  0x00000185dd6859b0 JavaThread "Sweeper thread" daemon [_thread_blocked, id=32156, stack(0x0000004cedf00000,0x0000004cee000000)]
  0x00000185dd61e080 JavaThread "Common-Cleaner" daemon [_thread_blocked, id=1584, stack(0x0000004cee000000,0x0000004cee100000)]
  0x00000185de2bd570 JavaThread "Monitor Ctrl-Break" daemon [_thread_in_native, id=5860, stack(0x0000004cee100000,0x0000004cee200000)]
  0x00000185de2bda40 JavaThread "Notification Thread" daemon [_thread_blocked, id=5848, stack(0x0000004cee200000,0x0000004cee300000)]
  0x00000185e32cbfb0 JavaThread "HikariPool-1 housekeeper" daemon [_thread_blocked, id=20028, stack(0x0000004ceee00000,0x0000004ceef00000)]
  0x00000185e33ceab0 JavaThread "Catalina-utility-1" [_thread_blocked, id=15028, stack(0x0000004cef100000,0x0000004cef200000)]
  0x00000185e4778a90 JavaThread "Catalina-utility-2" [_thread_blocked, id=25816, stack(0x0000004cef200000,0x0000004cef300000)]
  0x00000185e46565e0 JavaThread "container-0" [_thread_blocked, id=13960, stack(0x0000004cef300000,0x0000004cef400000)]
  0x00000185e4656f80 JavaThread "File Watcher" daemon [_thread_blocked, id=18572, stack(0x0000004cef400000,0x0000004cef500000)]
  0x00000185e4655c40 JavaThread "Live Reload Server" daemon [_thread_in_native, id=28284, stack(0x0000004cef600000,0x0000004cef700000)]
  0x00000185e4657450 JavaThread "spring.cloud.inetutils" daemon [_thread_blocked, id=28272, stack(0x0000004cef500000,0x0000004cef600000)]
  0x00000185e4656ab0 JavaThread "AsyncResolver-bootstrap-0" daemon [_thread_blocked, id=9600, stack(0x0000004cef000000,0x0000004cef100000)]
  0x00000185e6900900 JavaThread "DiscoveryClient-0" daemon [_thread_blocked, id=19860, stack(0x0000004cef800000,0x0000004cef900000)]
  0x00000185e6902110 JavaThread "DiscoveryClient-1" daemon [_thread_blocked, id=26340, stack(0x0000004cef900000,0x0000004cefa00000)]
  0x00000185e68fca70 JavaThread "DiscoveryClient-InstanceInfoReplicator-0" daemon [_thread_blocked, id=13000, stack(0x0000004cefa00000,0x0000004cefb00000)]
  0x00000185e68fddb0 JavaThread "http-nio-8083-exec-1" daemon [_thread_blocked, id=9576, stack(0x0000004cefb00000,0x0000004cefc00000)]
  0x00000185e68fe280 JavaThread "http-nio-8083-exec-2" daemon [_thread_blocked, id=27372, stack(0x0000004cefc00000,0x0000004cefd00000)]
  0x00000185e68fd8e0 JavaThread "http-nio-8083-exec-3" daemon [_thread_blocked, id=32668, stack(0x0000004cefd00000,0x0000004cefe00000)]
  0x00000185e6901c40 JavaThread "http-nio-8083-exec-4" daemon [_thread_blocked, id=14212, stack(0x0000004cefe00000,0x0000004ceff00000)]
  0x00000185e69012a0 JavaThread "http-nio-8083-exec-5" daemon [_thread_blocked, id=24068, stack(0x0000004ceff00000,0x0000004cf0000000)]
  0x00000185e6902f80 JavaThread "http-nio-8083-exec-6" daemon [_thread_blocked, id=26656, stack(0x0000004cf0000000,0x0000004cf0100000)]
  0x00000185e68fec20 JavaThread "http-nio-8083-exec-7" daemon [_thread_blocked, id=29576, stack(0x0000004cf0100000,0x0000004cf0200000)]
  0x00000185e68fe750 JavaThread "http-nio-8083-exec-8" daemon [_thread_blocked, id=25948, stack(0x0000004cf0200000,0x0000004cf0300000)]
  0x00000185e68fff60 JavaThread "http-nio-8083-exec-9" daemon [_thread_blocked, id=6872, stack(0x0000004cf0300000,0x0000004cf0400000)]
  0x00000185e6901770 JavaThread "http-nio-8083-exec-10" daemon [_thread_blocked, id=17512, stack(0x0000004cf0400000,0x0000004cf0500000)]
  0x00000185e68fcf40 JavaThread "http-nio-8083-Poller" daemon [_thread_in_native, id=26196, stack(0x0000004cf0500000,0x0000004cf0600000)]
  0x00000185e69025e0 JavaThread "http-nio-8083-Acceptor" daemon [_thread_in_native, id=31556, stack(0x0000004cf0600000,0x0000004cf0700000)]
  0x00000185e6902ab0 JavaThread "DestroyJavaVM" [_thread_blocked, id=14088, stack(0x0000004ced000000,0x0000004ced100000)]
  0x00000185e6900430 JavaThread "DiscoveryClient-CacheRefreshExecutor-0" daemon [_thread_blocked, id=8732, stack(0x0000004cee400000,0x0000004cee500000)]
  0x00000185e6903450 JavaThread "DiscoveryClient-HeartbeatExecutor-0" daemon [_thread_blocked, id=26924, stack(0x0000004ceeb00000,0x0000004ceec00000)]
  0x00000185e68fd410 JavaThread "AsyncResolver-bootstrap-executor-0" daemon [_thread_blocked, id=29388, stack(0x0000004cece00000,0x0000004cecf00000)]

Other Threads:
  0x00000185dd631a40 VMThread "VM Thread" [stack: 0x0000004ced600000,0x0000004ced700000] [id=21816]
  0x00000185bf45e4d0 WatcherThread [stack: 0x0000004cee300000,0x0000004cee400000] [id=29944]
  0x00000185bf444ff0 GCTaskThread "GC Thread#0" [stack: 0x0000004ced100000,0x0000004ced200000] [id=22248]
  0x00000185dee051d0 GCTaskThread "GC Thread#1" [stack: 0x0000004cee500000,0x0000004cee600000] [id=31188]
  0x00000185dee05480 GCTaskThread "GC Thread#2" [stack: 0x0000004cee600000,0x0000004cee700000] [id=21876]
  0x00000185dedf4c10 GCTaskThread "GC Thread#3" [stack: 0x0000004cee700000,0x0000004cee800000] [id=26484]
  0x00000185dee66180 GCTaskThread "GC Thread#4" [stack: 0x0000004cee800000,0x0000004cee900000] [id=3532]
  0x00000185dee66430 GCTaskThread "GC Thread#5" [stack: 0x0000004cee900000,0x0000004ceea00000] [id=25108]
  0x00000185dee666e0 GCTaskThread "GC Thread#6" [stack: 0x0000004ceea00000,0x0000004ceeb00000] [id=23072]
  0x00000185df36ac30 GCTaskThread "GC Thread#7" [stack: 0x0000004ceed00000,0x0000004ceee00000] [id=31480]
  0x00000185bf455930 ConcurrentGCThread "G1 Main Marker" [stack: 0x0000004ced200000,0x0000004ced300000] [id=12108]
  0x00000185bf456ae0 ConcurrentGCThread "G1 Conc#0" [stack: 0x0000004ced300000,0x0000004ced400000] [id=16380]
  0x00000185dfcc5060 ConcurrentGCThread "G1 Conc#1" [stack: 0x0000004ceef00000,0x0000004cef000000] [id=1752]
  0x00000185bf4ae360 ConcurrentGCThread "G1 Refine#0" [stack: 0x0000004ced400000,0x0000004ced500000] [id=3360]
  0x00000185dd4e50e0 ConcurrentGCThread "G1 Service" [stack: 0x0000004ced500000,0x0000004ced600000] [id=25868]

Threads with active compile tasks:
C2 CompilerThread0   579990 12331   !   4       org.apache.catalina.core.ApplicationFilterChain::internalDoFilter (391 bytes)

VM state: not at safepoint (normal execution)

VM Mutex/Monitor currently owned by a thread: None

Heap address: 0x0000000083000000, size: 2000 MB, Compressed Oops mode: 32-bit

CDS archive(s) mapped at: [0x0000000800000000-0x0000000800bc0000-0x0000000800bc0000), size 12320768, SharedBaseAddress: 0x0000000800000000, ArchiveRelocationMode: 0.
Compressed class space mapped at: 0x0000000800c00000-0x0000000840c00000, reserved size: 1073741824
Narrow klass base: 0x0000000800000000, Narrow klass shift: 0, Narrow klass range: 0x100000000

GC Precious Log:
 CPUs: 8 total, 8 available
 Memory: 7998M
 Large Page Support: Disabled
 NUMA Support: Disabled
 Compressed Oops: Enabled (32-bit)
 Heap Region Size: 1M
 Heap Min Capacity: 8M
 Heap Initial Capacity: 126M
 Heap Max Capacity: 2000M
 Pre-touch: Disabled
 Parallel Workers: 8
 Concurrent Workers: 2
 Concurrent Refinement Workers: 8
 Periodic GC: Disabled

Heap:
 garbage-first heap   total 83968K, used 63045K [0x0000000083000000, 0x0000000100000000)
  region size 1024K, 19 young (19456K), 1 survivors (1024K)
 Metaspace       used 87766K, committed 88384K, reserved 1130496K
  class space    used 11490K, committed 11776K, reserved 1048576K

Heap Regions: E=young(eden), S=young(survivor), O=old, HS=humongous(starts), HC=humongous(continues), CS=collection set, F=free, OA=open archive, CA=closed archive, TAMS=top-at-mark-start (previous, next)
|   0|0x0000000083000000, 0x0000000083100000, 0x0000000083100000|100%|HS|  |TAMS 0x0000000083100000, 0x0000000083000000| Complete 
|   1|0x0000000083100000, 0x0000000083200000, 0x0000000083200000|100%|HS|  |TAMS 0x0000000083200000, 0x0000000083100000| Complete 
|   2|0x0000000083200000, 0x0000000083300000, 0x0000000083300000|100%| O|  |TAMS 0x0000000083300000, 0x0000000083200000| Untracked 
|   3|0x0000000083300000, 0x0000000083400000, 0x0000000083400000|100%| O|  |TAMS 0x0000000083400000, 0x0000000083300000| Untracked 
|   4|0x0000000083400000, 0x0000000083500000, 0x0000000083500000|100%| O|  |TAMS 0x0000000083500000, 0x0000000083400000| Untracked 
|   5|0x0000000083500000, 0x0000000083600000, 0x0000000083600000|100%| O|  |TAMS 0x0000000083600000, 0x0000000083500000| Untracked 
|   6|0x0000000083600000, 0x0000000083700000, 0x0000000083700000|100%| O|  |TAMS 0x0000000083700000, 0x0000000083600000| Untracked 
|   7|0x0000000083700000, 0x0000000083800000, 0x0000000083800000|100%| O|  |TAMS 0x0000000083800000, 0x0000000083700000| Untracked 
|   8|0x0000000083800000, 0x0000000083900000, 0x0000000083900000|100%| O|  |TAMS 0x0000000083900000, 0x0000000083800000| Untracked 
|   9|0x0000000083900000, 0x0000000083a00000, 0x0000000083a00000|100%| O|  |TAMS 0x0000000083a00000, 0x0000000083900000| Untracked 
|  10|0x0000000083a00000, 0x0000000083b00000, 0x0000000083b00000|100%| O|  |TAMS 0x0000000083b00000, 0x0000000083a00000| Untracked 
|  11|0x0000000083b00000, 0x0000000083c00000, 0x0000000083c00000|100%| O|  |TAMS 0x0000000083c00000, 0x0000000083b00000| Untracked 
|  12|0x0000000083c00000, 0x0000000083d00000, 0x0000000083d00000|100%| O|  |TAMS 0x0000000083d00000, 0x0000000083c00000| Untracked 
|  13|0x0000000083d00000, 0x0000000083e00000, 0x0000000083e00000|100%| O|  |TAMS 0x0000000083e00000, 0x0000000083d00000| Untracked 
|  14|0x0000000083e00000, 0x0000000083f00000, 0x0000000083f00000|100%| O|  |TAMS 0x0000000083f00000, 0x0000000083e00000| Untracked 
|  15|0x0000000083f00000, 0x0000000084000000, 0x0000000084000000|100%| O|  |TAMS 0x0000000084000000, 0x0000000083f00000| Untracked 
|  16|0x0000000084000000, 0x0000000084026400, 0x0000000084100000| 14%| O|  |TAMS 0x0000000084000000, 0x0000000084000000| Untracked 
|  17|0x0000000084100000, 0x0000000084200000, 0x0000000084200000|100%| O|  |TAMS 0x0000000084200000, 0x0000000084100000| Untracked 
|  18|0x0000000084200000, 0x0000000084300000, 0x0000000084300000|100%| O|  |TAMS 0x0000000084300000, 0x0000000084200000| Untracked 
|  19|0x0000000084300000, 0x0000000084400000, 0x0000000084400000|100%| O|  |TAMS 0x0000000084400000, 0x0000000084300000| Untracked 
|  20|0x0000000084400000, 0x0000000084500000, 0x0000000084500000|100%| O|  |TAMS 0x0000000084500000, 0x0000000084400000| Untracked 
|  21|0x0000000084500000, 0x0000000084600000, 0x0000000084600000|100%| O|  |TAMS 0x0000000084600000, 0x0000000084500000| Untracked 
|  22|0x0000000084600000, 0x0000000084700000, 0x0000000084700000|100%| O|  |TAMS 0x0000000084700000, 0x0000000084600000| Untracked 
|  23|0x0000000084700000, 0x0000000084800000, 0x0000000084800000|100%| O|  |TAMS 0x0000000084800000, 0x0000000084700000| Untracked 
|  24|0x0000000084800000, 0x0000000084900000, 0x0000000084900000|100%| O|  |TAMS 0x0000000084900000, 0x0000000084800000| Untracked 
|  25|0x0000000084900000, 0x0000000084a00000, 0x0000000084a00000|100%| O|  |TAMS 0x0000000084a00000, 0x0000000084900000| Untracked 
|  26|0x0000000084a00000, 0x0000000084b00000, 0x0000000084b00000|100%| O|  |TAMS 0x0000000084b00000, 0x0000000084a00000| Untracked 
|  27|0x0000000084b00000, 0x0000000084c00000, 0x0000000084c00000|100%| O|  |TAMS 0x0000000084c00000, 0x0000000084b00000| Untracked 
|  28|0x0000000084c00000, 0x0000000084d00000, 0x0000000084d00000|100%| O|  |TAMS 0x0000000084d00000, 0x0000000084c00000| Untracked 
|  29|0x0000000084d00000, 0x0000000084e00000, 0x0000000084e00000|100%| O|  |TAMS 0x0000000084e00000, 0x0000000084d00000| Untracked 
|  30|0x0000000084e00000, 0x0000000084f00000, 0x0000000084f00000|100%| O|  |TAMS 0x0000000084f00000, 0x0000000084e00000| Untracked 
|  31|0x0000000084f00000, 0x0000000085000000, 0x0000000085000000|100%| O|  |TAMS 0x0000000085000000, 0x0000000084f00000| Untracked 
|  32|0x0000000085000000, 0x0000000085100000, 0x0000000085100000|100%| O|  |TAMS 0x0000000085100000, 0x0000000085000000| Untracked 
|  33|0x0000000085100000, 0x0000000085200000, 0x0000000085200000|100%| O|  |TAMS 0x0000000085200000, 0x0000000085100000| Untracked 
|  34|0x0000000085200000, 0x0000000085200000, 0x0000000085300000|  0%| F|  |TAMS 0x0000000085200000, 0x0000000085200000| Untracked 
|  35|0x0000000085300000, 0x0000000085400000, 0x0000000085400000|100%| O|  |TAMS 0x0000000085400000, 0x0000000085300000| Untracked 
|  36|0x0000000085400000, 0x0000000085500000, 0x0000000085500000|100%| O|  |TAMS 0x0000000085500000, 0x0000000085400000| Untracked 
|  37|0x0000000085500000, 0x0000000085600000, 0x0000000085600000|100%| O|  |TAMS 0x0000000085600000, 0x0000000085500000| Untracked 
|  38|0x0000000085600000, 0x0000000085700000, 0x0000000085700000|100%| O|  |TAMS 0x0000000085700000, 0x0000000085600000| Untracked 
|  39|0x0000000085700000, 0x0000000085800000, 0x0000000085800000|100%| O|  |TAMS 0x0000000085800000, 0x0000000085700000| Untracked 
|  40|0x0000000085800000, 0x0000000085900000, 0x0000000085900000|100%| O|  |TAMS 0x0000000085900000, 0x0000000085800000| Untracked 
|  41|0x0000000085900000, 0x0000000085a00000, 0x0000000085a00000|100%| O|  |TAMS 0x000000008597d200, 0x0000000085900000| Untracked 
|  42|0x0000000085a00000, 0x0000000085b00000, 0x0000000085b00000|100%| O|  |TAMS 0x0000000085b00000, 0x0000000085a00000| Untracked 
|  43|0x0000000085b00000, 0x0000000085c00000, 0x0000000085c00000|100%| O|  |TAMS 0x0000000085c00000, 0x0000000085b00000| Untracked 
|  44|0x0000000085c00000, 0x0000000085d00000, 0x0000000085d00000|100%| O|  |TAMS 0x0000000085d00000, 0x0000000085c00000| Untracked 
|  45|0x0000000085d00000, 0x0000000085e00000, 0x0000000085e00000|100%| O|  |TAMS 0x0000000085e00000, 0x0000000085d00000| Untracked 
|  46|0x0000000085e00000, 0x0000000085e00000, 0x0000000085f00000|  0%| F|  |TAMS 0x0000000085e00000, 0x0000000085e00000| Untracked 
|  47|0x0000000085f00000, 0x0000000085f00000, 0x0000000086000000|  0%| F|  |TAMS 0x0000000085f00000, 0x0000000085f00000| Untracked 
|  48|0x0000000086000000, 0x0000000086000000, 0x0000000086100000|  0%| F|  |TAMS 0x0000000086000000, 0x0000000086000000| Untracked 
|  49|0x0000000086100000, 0x0000000086100000, 0x0000000086200000|  0%| F|  |TAMS 0x0000000086100000, 0x0000000086100000| Untracked 
|  50|0x0000000086200000, 0x0000000086200000, 0x0000000086300000|  0%| F|  |TAMS 0x0000000086200000, 0x0000000086200000| Untracked 
|  51|0x0000000086300000, 0x0000000086300000, 0x0000000086400000|  0%| F|  |TAMS 0x0000000086300000, 0x0000000086300000| Untracked 
|  52|0x0000000086400000, 0x0000000086400000, 0x0000000086500000|  0%| F|  |TAMS 0x0000000086400000, 0x0000000086400000| Untracked 
|  53|0x0000000086500000, 0x0000000086500000, 0x0000000086600000|  0%| F|  |TAMS 0x0000000086500000, 0x0000000086500000| Untracked 
|  54|0x0000000086600000, 0x0000000086600000, 0x0000000086700000|  0%| F|  |TAMS 0x0000000086600000, 0x0000000086600000| Untracked 
|  55|0x0000000086700000, 0x0000000086700000, 0x0000000086800000|  0%| F|  |TAMS 0x0000000086700000, 0x0000000086700000| Untracked 
|  56|0x0000000086800000, 0x0000000086800000, 0x0000000086900000|  0%| F|  |TAMS 0x0000000086800000, 0x0000000086800000| Untracked 
|  57|0x0000000086900000, 0x0000000086900000, 0x0000000086a00000|  0%| F|  |TAMS 0x0000000086900000, 0x0000000086900000| Untracked 
|  58|0x0000000086a00000, 0x0000000086a00000, 0x0000000086b00000|  0%| F|  |TAMS 0x0000000086a00000, 0x0000000086a00000| Untracked 
|  59|0x0000000086b00000, 0x0000000086b00000, 0x0000000086c00000|  0%| F|  |TAMS 0x0000000086b00000, 0x0000000086b00000| Untracked 
|  60|0x0000000086c00000, 0x0000000086c00000, 0x0000000086d00000|  0%| F|  |TAMS 0x0000000086c00000, 0x0000000086c00000| Untracked 
|  61|0x0000000086d00000, 0x0000000086d00000, 0x0000000086e00000|  0%| F|  |TAMS 0x0000000086d00000, 0x0000000086d00000| Untracked 
|  62|0x0000000086e00000, 0x0000000086e00000, 0x0000000086f00000|  0%| F|  |TAMS 0x0000000086e00000, 0x0000000086e00000| Untracked 
|  63|0x0000000086f00000, 0x0000000086f77e28, 0x0000000087000000| 46%| E|  |TAMS 0x0000000086f00000, 0x0000000086f00000| Complete 
|  64|0x0000000087000000, 0x0000000087100000, 0x0000000087100000|100%| E|CS|TAMS 0x0000000087000000, 0x0000000087000000| Complete 
|  65|0x0000000087100000, 0x0000000087200000, 0x0000000087200000|100%| E|CS|TAMS 0x0000000087100000, 0x0000000087100000| Complete 
|  66|0x0000000087200000, 0x0000000087300000, 0x0000000087300000|100%| E|CS|TAMS 0x0000000087200000, 0x0000000087200000| Complete 
|  67|0x0000000087300000, 0x0000000087400000, 0x0000000087400000|100%| E|CS|TAMS 0x0000000087300000, 0x0000000087300000| Complete 
|  68|0x0000000087400000, 0x0000000087500000, 0x0000000087500000|100%| E|CS|TAMS 0x0000000087400000, 0x0000000087400000| Complete 
|  69|0x0000000087500000, 0x0000000087600000, 0x0000000087600000|100%| E|CS|TAMS 0x0000000087500000, 0x0000000087500000| Complete 
|  70|0x0000000087600000, 0x0000000087700000, 0x0000000087700000|100%| E|CS|TAMS 0x0000000087600000, 0x0000000087600000| Complete 
|  71|0x0000000087700000, 0x0000000087800000, 0x0000000087800000|100%| E|CS|TAMS 0x0000000087700000, 0x0000000087700000| Complete 
|  72|0x0000000087800000, 0x0000000087900000, 0x0000000087900000|100%| E|CS|TAMS 0x0000000087800000, 0x0000000087800000| Complete 
|  73|0x0000000087900000, 0x0000000087a00000, 0x0000000087a00000|100%| E|CS|TAMS 0x0000000087900000, 0x0000000087900000| Complete 
|  74|0x0000000087a00000, 0x0000000087b00000, 0x0000000087b00000|100%| E|CS|TAMS 0x0000000087a00000, 0x0000000087a00000| Complete 
| 116|0x000000008a400000, 0x000000008a500000, 0x000000008a500000|100%| E|CS|TAMS 0x000000008a400000, 0x000000008a400000| Complete 
| 117|0x000000008a500000, 0x000000008a600000, 0x000000008a600000|100%| E|CS|TAMS 0x000000008a500000, 0x000000008a500000| Complete 
| 118|0x000000008a600000, 0x000000008a700000, 0x000000008a700000|100%| E|CS|TAMS 0x000000008a600000, 0x000000008a600000| Complete 
| 119|0x000000008a700000, 0x000000008a76b2b0, 0x000000008a800000| 41%| S|CS|TAMS 0x000000008a700000, 0x000000008a700000| Complete 
| 120|0x000000008a800000, 0x000000008a900000, 0x000000008a900000|100%| E|CS|TAMS 0x000000008a800000, 0x000000008a800000| Complete 
| 121|0x000000008a900000, 0x000000008aa00000, 0x000000008aa00000|100%| E|CS|TAMS 0x000000008a900000, 0x000000008a900000| Complete 
| 125|0x000000008ad00000, 0x000000008ae00000, 0x000000008ae00000|100%| E|CS|TAMS 0x000000008ad00000, 0x000000008ad00000| Complete 

Card table byte_map: [0x00000185d65d0000,0x00000185d69c0000] _byte_map_base: 0x00000185d61b8000

Marking Bits (Prev, Next): (CMBitMap*) 0x00000185bf445640, (CMBitMap*) 0x00000185bf445600
 Prev Bits: [0x00000185d8cf0000, 0x00000185dac30000)
 Next Bits: [0x00000185d6db0000, 0x00000185d8cf0000)

Polling page: 0x00000185bebb0000

Metaspace:

Usage:
  Non-class:     74.49 MB used.
      Class:     11.22 MB used.
       Both:     85.71 MB used.

Virtual space:
  Non-class space:       80.00 MB reserved,      74.81 MB ( 94%) committed,  10 nodes.
      Class space:        1.00 GB reserved,      11.50 MB (  1%) committed,  1 nodes.
             Both:        1.08 GB reserved,      86.31 MB (  8%) committed. 

Chunk freelists:
   Non-Class:  1007.00 KB
       Class:  504.00 KB
        Both:  1.48 MB

MaxMetaspaceSize: unlimited
CompressedClassSpaceSize: 1.00 GB
Initial GC threshold: 21.00 MB
Current GC threshold: 143.56 MB
CDS: on
MetaspaceReclaimPolicy: balanced
 - commit_granule_bytes: 65536.
 - commit_granule_words: 8192.
 - virtual_space_node_default_size: 1048576.
 - enlarge_chunks_in_place: 1.
 - new_chunks_are_fully_committed: 0.
 - uncommit_free_chunks: 1.
 - use_allocation_guard: 0.
 - handle_deallocations: 1.


Internal statistics:

num_allocs_failed_limit: 6.
num_arena_births: 850.
num_arena_deaths: 0.
num_vsnodes_births: 11.
num_vsnodes_deaths: 0.
num_space_committed: 1381.
num_space_uncommitted: 0.
num_chunks_returned_to_freelist: 6.
num_chunks_taken_from_freelist: 4009.
num_chunk_merges: 6.
num_chunk_splits: 2947.
num_chunks_enlarged: 2339.
num_purges: 0.
num_inconsistent_stats: 0.

CodeHeap 'non-profiled nmethods': size=120000Kb used=5834Kb max_used=5961Kb free=114165Kb
 bounds [0x00000185ce980000, 0x00000185cef60000, 0x00000185d5eb0000]
CodeHeap 'profiled nmethods': size=120000Kb used=22172Kb max_used=22172Kb free=97827Kb
 bounds [0x00000185c7450000, 0x00000185c8a00000, 0x00000185ce980000]
CodeHeap 'non-nmethods': size=5760Kb used=1385Kb max_used=1526Kb free=4374Kb
 bounds [0x00000185c6eb0000, 0x00000185c7120000, 0x00000185c7450000]
 total_blobs=11378 nmethods=10651 adapters=638
 compilation: enabled
              stopped_count=0, restarted_count=0
 full_count=0

Compilation events (20 events):
Event: 579.689 Thread 0x00000185dd658fc0 nmethod 12317 0x00000185ced48c90 code [0x00000185ced48e00, 0x00000185ced48e98]
Event: 579.689 Thread 0x00000185dd658fc0 12319       4       org.hibernate.resource.transaction.spi.TransactionCoordinator::invalidate (1 bytes)
Event: 579.689 Thread 0x00000185dd658fc0 nmethod 12319 0x00000185ced48990 code [0x00000185ced48b00, 0x00000185ced48b78]
Event: 579.697 Thread 0x00000185dd658fc0 12325       4       com.fasterxml.jackson.core.StreamReadConstraints::validateStringLength (43 bytes)
Event: 579.697 Thread 0x00000185dd682090 12326       3       java.util.stream.FindOps$FindOp::evaluateSequential (39 bytes)
Event: 579.698 Thread 0x00000185dd658fc0 nmethod 12325 0x00000185ced48690 code [0x00000185ced48800, 0x00000185ced48898]
Event: 579.698 Thread 0x00000185dd682090 nmethod 12326 0x00000185c89fb610 code [0x00000185c89fb800, 0x00000185c89fbe28]
Event: 579.698 Thread 0x00000185dd658fc0 12327       4       com.zaxxer.hikari.util.SuspendResumeLock$1::release (1 bytes)
Event: 579.698 Thread 0x00000185dd658fc0 nmethod 12327 0x00000185ced48390 code [0x00000185ced48500, 0x00000185ced48578]
Event: 579.699 Thread 0x00000185dd658fc0 12328       4       org.springframework.util.ConcurrentLruCache$EvictionQueue::unlink (55 bytes)
Event: 579.703 Thread 0x00000185dd658fc0 nmethod 12328 0x00000185ced47d90 code [0x00000185ced47f00, 0x00000185ced48258]
Event: 579.703 Thread 0x00000185dd658fc0 12329       4       org.springframework.util.ConcurrentLruCache$EvictionQueue::linkLast (33 bytes)
Event: 579.707 Thread 0x00000185dd658fc0 nmethod 12329 0x00000185ced47810 code [0x00000185ced47980, 0x00000185ced47cd8]
Event: 579.708 Thread 0x00000185dd658fc0 12330   !   4       org.apache.catalina.core.ApplicationFilterChain::doFilter (103 bytes)
Event: 579.710 Thread 0x00000185dd658fc0 nmethod 12330 0x00000185ced47510 code [0x00000185ced476a0, 0x00000185ced47748]
Event: 579.710 Thread 0x00000185dd658fc0 12331   !   4       org.apache.catalina.core.ApplicationFilterChain::internalDoFilter (391 bytes)
Event: 579.830 Thread 0x00000185dd682090 12335       3       java.util.TreeMap$Values::iterator (19 bytes)
Event: 579.831 Thread 0x00000185dd682090 nmethod 12335 0x00000185c89fbf90 code [0x00000185c89fc160, 0x00000185c89fc678]
Event: 579.864 Thread 0x00000185dd682090 12336       1       org.apache.tomcat.util.net.SocketWrapperBase::getEndpoint (5 bytes)
Event: 579.864 Thread 0x00000185dd682090 nmethod 12336 0x00000185ced47210 code [0x00000185ced473a0, 0x00000185ced47478]

GC Heap History (20 events):
Event: 64.592 GC heap before
{Heap before GC invocations=31 (full 0):
 garbage-first heap   total 78848K, used 47434K [0x0000000083000000, 0x0000000100000000)
  region size 1024K, 3 young (3072K), 2 survivors (2048K)
 Metaspace       used 84196K, committed 84736K, reserved 1122304K
  class space    used 11471K, committed 11712K, reserved 1048576K
}
Event: 64.598 GC heap after
{Heap after GC invocations=32 (full 0):
 garbage-first heap   total 78848K, used 46221K [0x0000000083000000, 0x0000000100000000)
  region size 1024K, 1 young (1024K), 1 survivors (1024K)
 Metaspace       used 84196K, committed 84736K, reserved 1122304K
  class space    used 11471K, committed 11712K, reserved 1048576K
}
Event: 304.848 GC heap before
{Heap before GC invocations=32 (full 0):
 garbage-first heap   total 78848K, used 64653K [0x0000000083000000, 0x0000000100000000)
  region size 1024K, 19 young (19456K), 1 survivors (1024K)
 Metaspace       used 84686K, committed 85184K, reserved 1130496K
  class space    used 11479K, committed 11712K, reserved 1048576K
}
Event: 304.912 GC heap after
{Heap after GC invocations=33 (full 0):
 garbage-first heap   total 78848K, used 46284K [0x0000000083000000, 0x0000000100000000)
  region size 1024K, 1 young (1024K), 1 survivors (1024K)
 Metaspace       used 84686K, committed 85184K, reserved 1130496K
  class space    used 11479K, committed 11712K, reserved 1048576K
}
Event: 560.282 GC heap before
{Heap before GC invocations=34 (full 0):
 garbage-first heap   total 80896K, used 64716K [0x0000000083000000, 0x0000000100000000)
  region size 1024K, 19 young (19456K), 1 survivors (1024K)
 Metaspace       used 84827K, committed 85376K, reserved 1130496K
  class space    used 11480K, committed 11712K, reserved 1048576K
}
Event: 560.293 GC heap after
{Heap after GC invocations=35 (full 0):
 garbage-first heap   total 80896K, used 46345K [0x0000000083000000, 0x0000000100000000)
  region size 1024K, 1 young (1024K), 1 survivors (1024K)
 Metaspace       used 84827K, committed 85376K, reserved 1130496K
  class space    used 11480K, committed 11712K, reserved 1048576K
}
Event: 565.729 GC heap before
{Heap before GC invocations=35 (full 0):
 garbage-first heap   total 80896K, used 48393K [0x0000000083000000, 0x0000000100000000)
  region size 1024K, 3 young (3072K), 1 survivors (1024K)
 Metaspace       used 84906K, committed 85504K, reserved 1130496K
  class space    used 11486K, committed 11776K, reserved 1048576K
}
Event: 565.737 GC heap after
{Heap after GC invocations=36 (full 0):
 garbage-first heap   total 80896K, used 46266K [0x0000000083000000, 0x0000000100000000)
  region size 1024K, 1 young (1024K), 1 survivors (1024K)
 Metaspace       used 84906K, committed 85504K, reserved 1130496K
  class space    used 11486K, committed 11776K, reserved 1048576K
}
Event: 568.831 GC heap before
{Heap before GC invocations=36 (full 0):
 garbage-first heap   total 80896K, used 67770K [0x0000000083000000, 0x0000000100000000)
  region size 1024K, 22 young (22528K), 1 survivors (1024K)
 Metaspace       used 85975K, committed 86592K, reserved 1130496K
  class space    used 11489K, committed 11776K, reserved 1048576K
}
Event: 568.838 GC heap after
{Heap after GC invocations=37 (full 0):
 garbage-first heap   total 80896K, used 46323K [0x0000000083000000, 0x0000000100000000)
  region size 1024K, 1 young (1024K), 1 survivors (1024K)
 Metaspace       used 85975K, committed 86592K, reserved 1130496K
  class space    used 11489K, committed 11776K, reserved 1048576K
}
Event: 572.784 GC heap before
{Heap before GC invocations=38 (full 0):
 garbage-first heap   total 80896K, used 66803K [0x0000000083000000, 0x0000000100000000)
  region size 1024K, 22 young (22528K), 1 survivors (1024K)
 Metaspace       used 86879K, committed 87488K, reserved 1130496K
  class space    used 11490K, committed 11776K, reserved 1048576K
}
Event: 572.788 GC heap after
{Heap after GC invocations=39 (full 0):
 garbage-first heap   total 80896K, used 46357K [0x0000000083000000, 0x0000000100000000)
  region size 1024K, 1 young (1024K), 1 survivors (1024K)
 Metaspace       used 86879K, committed 87488K, reserved 1130496K
  class space    used 11490K, committed 11776K, reserved 1048576K
}
Event: 572.857 GC heap before
{Heap before GC invocations=39 (full 0):
 garbage-first heap   total 80896K, used 48405K [0x0000000083000000, 0x0000000100000000)
  region size 1024K, 3 young (3072K), 1 survivors (1024K)
 Metaspace       used 86937K, committed 87552K, reserved 1130496K
  class space    used 11490K, committed 11776K, reserved 1048576K
}
Event: 572.865 GC heap after
{Heap after GC invocations=40 (full 0):
 garbage-first heap   total 80896K, used 45997K [0x0000000083000000, 0x0000000100000000)
  region size 1024K, 1 young (1024K), 1 survivors (1024K)
 Metaspace       used 86937K, committed 87552K, reserved 1130496K
  class space    used 11490K, committed 11776K, reserved 1048576K
}
Event: 575.929 GC heap before
{Heap before GC invocations=40 (full 0):
 garbage-first heap   total 80896K, used 67501K [0x0000000083000000, 0x0000000100000000)
  region size 1024K, 23 young (23552K), 1 survivors (1024K)
 Metaspace       used 87576K, committed 88192K, reserved 1130496K
  class space    used 11490K, committed 11776K, reserved 1048576K
}
Event: 575.933 GC heap after
{Heap after GC invocations=41 (full 0):
 garbage-first heap   total 80896K, used 46052K [0x0000000083000000, 0x0000000100000000)
  region size 1024K, 1 young (1024K), 1 survivors (1024K)
 Metaspace       used 87576K, committed 88192K, reserved 1130496K
  class space    used 11490K, committed 11776K, reserved 1048576K
}
Event: 578.132 GC heap before
{Heap before GC invocations=42 (full 0):
 garbage-first heap   total 83968K, used 68580K [0x0000000083000000, 0x0000000100000000)
  region size 1024K, 23 young (23552K), 1 survivors (1024K)
 Metaspace       used 87736K, committed 88320K, reserved 1130496K
  class space    used 11490K, committed 11776K, reserved 1048576K
}
Event: 578.136 GC heap after
{Heap after GC invocations=43 (full 0):
 garbage-first heap   total 83968K, used 46005K [0x0000000083000000, 0x0000000100000000)
  region size 1024K, 1 young (1024K), 1 survivors (1024K)
 Metaspace       used 87736K, committed 88320K, reserved 1130496K
  class space    used 11490K, committed 11776K, reserved 1048576K
}
Event: 578.372 GC heap before
{Heap before GC invocations=43 (full 0):
 garbage-first heap   total 83968K, used 49077K [0x0000000083000000, 0x0000000100000000)
  region size 1024K, 4 young (4096K), 1 survivors (1024K)
 Metaspace       used 87736K, committed 88320K, reserved 1130496K
  class space    used 11490K, committed 11776K, reserved 1048576K
}
Event: 578.379 GC heap after
{Heap after GC invocations=44 (full 0):
 garbage-first heap   total 83968K, used 45637K [0x0000000083000000, 0x0000000100000000)
  region size 1024K, 1 young (1024K), 1 survivors (1024K)
 Metaspace       used 87736K, committed 88320K, reserved 1130496K
  class space    used 11490K, committed 11776K, reserved 1048576K
}

Deoptimization events (20 events):
Event: 570.684 Thread 0x00000185e68fe750 Uncommon trap: trap_request=0xffffffd6 fr.pc=0x00000185ce9c8944 relative=0x00000000000003a4
Event: 570.684 Thread 0x00000185e68fe750 Uncommon trap: reason=array_check action=maybe_recompile pc=0x00000185ce9c8944 method=org.hibernate.internal.util.collections.StandardStack.push(Ljava/lang/Object;)V @ 43 c2
Event: 570.684 Thread 0x00000185e68fe750 DEOPT PACKING pc=0x00000185ce9c8944 sp=0x0000004cf02fbb00
Event: 570.684 Thread 0x00000185e68fe750 DEOPT UNPACKING pc=0x00000185c6f023a3 sp=0x0000004cf02fbad0 mode 2
Event: 570.684 Thread 0x00000185e68fe750 Uncommon trap: trap_request=0xffffffd6 fr.pc=0x00000185ce9c8944 relative=0x00000000000003a4
Event: 570.684 Thread 0x00000185e68fe750 Uncommon trap: reason=array_check action=maybe_recompile pc=0x00000185ce9c8944 method=org.hibernate.internal.util.collections.StandardStack.push(Ljava/lang/Object;)V @ 43 c2
Event: 570.684 Thread 0x00000185e68fe750 DEOPT PACKING pc=0x00000185ce9c8944 sp=0x0000004cf02fbdb0
Event: 570.684 Thread 0x00000185e68fe750 DEOPT UNPACKING pc=0x00000185c6f023a3 sp=0x0000004cf02fbd70 mode 2
Event: 570.684 Thread 0x00000185e68fe750 Uncommon trap: trap_request=0xffffffd6 fr.pc=0x00000185ce9c8944 relative=0x00000000000003a4
Event: 570.684 Thread 0x00000185e68fe750 Uncommon trap: reason=array_check action=maybe_recompile pc=0x00000185ce9c8944 method=org.hibernate.internal.util.collections.StandardStack.push(Ljava/lang/Object;)V @ 43 c2
Event: 570.684 Thread 0x00000185e68fe750 DEOPT PACKING pc=0x00000185ce9c8944 sp=0x0000004cf02fbc90
Event: 570.685 Thread 0x00000185e68fe750 DEOPT UNPACKING pc=0x00000185c6f023a3 sp=0x0000004cf02fbc60 mode 2
Event: 570.685 Thread 0x00000185e68fe750 Uncommon trap: trap_request=0xffffffd6 fr.pc=0x00000185ce9c8944 relative=0x00000000000003a4
Event: 570.685 Thread 0x00000185e68fe750 Uncommon trap: reason=array_check action=maybe_recompile pc=0x00000185ce9c8944 method=org.hibernate.internal.util.collections.StandardStack.push(Ljava/lang/Object;)V @ 43 c2
Event: 570.685 Thread 0x00000185e68fe750 DEOPT PACKING pc=0x00000185ce9c8944 sp=0x0000004cf02fbb30
Event: 570.685 Thread 0x00000185e68fe750 DEOPT UNPACKING pc=0x00000185c6f023a3 sp=0x0000004cf02fbaf0 mode 2
Event: 576.044 Thread 0x00000185e68fd8e0 DEOPT PACKING pc=0x00000185c7dd8d2a sp=0x0000004cefdfe800
Event: 576.044 Thread 0x00000185e68fd8e0 DEOPT UNPACKING pc=0x00000185c6f02b43 sp=0x0000004cefdfdc98 mode 0
Event: 578.982 Thread 0x00000185e6901c40 DEOPT PACKING pc=0x00000185c84ef79d sp=0x0000004cefefc7d0
Event: 578.982 Thread 0x00000185e6901c40 DEOPT UNPACKING pc=0x00000185c6f02b43 sp=0x0000004cefefbc60 mode 0

Classes unloaded (0 events):
No events

Classes redefined (0 events):
No events

Internal exceptions (20 events):
Event: 11.590 Thread 0x00000185def5a760 Exception <a 'java/lang/IncompatibleClassChangeError'{0x0000000086973868}: Found class java.lang.Object, but interface was expected> (0x0000000086973868) 
thrown [c:\jenkins\workspace\zulu17-build-win64\zulu-src.git\src\hotspot\share\interpreter\linkResolver.cpp, line 833]
Event: 11.650 Thread 0x00000185def5a760 Exception <a 'java/lang/NoSuchMethodError'{0x000000008674c648}: 'void java.lang.invoke.DirectMethodHandle$Holder.invokeVirtual(java.lang.Object, java.lang.Object, long)'> (0x000000008674c648) 
thrown [c:\jenkins\workspace\zulu17-build-win64\zulu-src.git\src\hotspot\share\interpreter\linkResolver.cpp, line 766]
Event: 11.742 Thread 0x00000185def5a760 Exception <a 'java/lang/NoSuchMethodError'{0x0000000086304f50}: 'int java.lang.invoke.DirectMethodHandle$Holder.invokeStaticInit(java.lang.Object, java.lang.Object, java.lang.Object, java.lang.Object)'> (0x0000000086304f50) 
thrown [c:\jenkins\workspace\zulu17-build-win64\zulu-src.git\src\hotspot\share\interpreter\linkResolver.cpp, line 766]
Event: 11.923 Thread 0x00000185def5a760 Exception <a 'java/lang/IncompatibleClassChangeError'{0x00000000860cfe18}: Found class java.lang.Object, but interface was expected> (0x00000000860cfe18) 
thrown [c:\jenkins\workspace\zulu17-build-win64\zulu-src.git\src\hotspot\share\interpreter\linkResolver.cpp, line 833]
Event: 11.943 Thread 0x00000185def5a760 Implicit null exception at 0x00000185ceb0c840 to 0x00000185ceb0ca54
Event: 12.419 Thread 0x00000185def5a760 Implicit null exception at 0x00000185cebc52ec to 0x00000185cebc53a0
Event: 12.419 Thread 0x00000185def5a760 Implicit null exception at 0x00000185cebc52ec to 0x00000185cebc53a0
Event: 12.764 Thread 0x00000185def5a760 Exception <a 'java/lang/NoSuchMethodError'{0x000000008647d708}: 'java.lang.Object java.lang.invoke.DirectMethodHandle$Holder.newInvokeSpecial(java.lang.Object, java.lang.Object, int, java.lang.Object, java.lang.Object)'> (0x000000008647d708) 
thrown [c:\jenkins\workspace\zulu17-build-win64\zulu-src.git\src\hotspot\share\interpreter\linkResolver.cpp, line 766]
Event: 12.766 Thread 0x00000185def5a760 Exception <a 'java/lang/NoSuchMethodError'{0x00000000864889a0}: 'java.lang.Object java.lang.invoke.DirectMethodHandle$Holder.invokeSpecial(java.lang.Object, java.lang.Object, int, java.lang.Object, int, java.lang.Object)'> (0x00000000864889a0) 
thrown [c:\jenkins\workspace\zulu17-build-win64\zulu-src.git\src\hotspot\share\interpreter\linkResolver.cpp, line 766]
Event: 12.766 Thread 0x00000185def5a760 Exception <a 'java/lang/NoSuchMethodError'{0x00000000864909c0}: 'java.lang.Object java.lang.invoke.DirectMethodHandle$Holder.newInvokeSpecial(java.lang.Object, java.lang.Object, int, java.lang.Object, int)'> (0x00000000864909c0) 
thrown [c:\jenkins\workspace\zulu17-build-win64\zulu-src.git\src\hotspot\share\interpreter\linkResolver.cpp, line 766]
Event: 12.767 Thread 0x00000185def5a760 Exception <a 'java/lang/NoSuchMethodError'{0x0000000086494ac0}: 'java.lang.Object java.lang.invoke.DirectMethodHandle$Holder.invokeSpecial(java.lang.Object, java.lang.Object, java.lang.Object, int, java.lang.Object, int)'> (0x0000000086494ac0) 
thrown [c:\jenkins\workspace\zulu17-build-win64\zulu-src.git\src\hotspot\share\interpreter\linkResolver.cpp, line 766]
Event: 12.893 Thread 0x00000185def5a760 Exception <a 'java/lang/IncompatibleClassChangeError'{0x00000000862dbd18}: Found class java.lang.Object, but interface was expected> (0x00000000862dbd18) 
thrown [c:\jenkins\workspace\zulu17-build-win64\zulu-src.git\src\hotspot\share\interpreter\linkResolver.cpp, line 833]
Event: 12.955 Thread 0x00000185def5a760 Implicit null exception at 0x00000185cebfbd8d to 0x00000185cebfbf58
Event: 13.092 Thread 0x00000185def5a760 Exception <a 'sun/nio/fs/WindowsException'{0x000000008a737cc0}> (0x000000008a737cc0) 
thrown [c:\jenkins\workspace\zulu17-build-win64\zulu-src.git\src\hotspot\share\prims\jni.cpp, line 516]
Event: 20.758 Thread 0x00000185e68fe280 Exception <a 'java/lang/NoSuchMethodError'{0x000000008a9f03f0}: 'java.lang.Object java.lang.invoke.DirectMethodHandle$Holder.invokeSpecial(java.lang.Object, java.lang.Object, java.lang.Object, java.lang.Object, java.lang.Object, long)'> (0x000000008a9f03f0) 
thrown [c:\jenkins\workspace\zulu17-build-win64\zulu-src.git\src\hotspot\share\interpreter\linkResolver.cpp, line 766]
Event: 20.758 Thread 0x00000185e68fe280 Exception <a 'java/lang/NoSuchMethodError'{0x000000008a9f3e30}: 'java.lang.Object java.lang.invoke.Invokers$Holder.linkToTargetMethod(java.lang.Object, java.lang.Object, java.lang.Object, long, java.lang.Object)'> (0x000000008a9f3e30) 
thrown [c:\jenkins\workspace\zulu17-build-win64\zulu-src.git\src\hotspot\share\interpreter\linkResolver.cpp, line 766]
Event: 20.862 Thread 0x00000185e68fe280 Exception <a 'java/lang/NoSuchMethodError'{0x000000008a66e940}: 'int java.lang.invoke.DirectMethodHandle$Holder.invokeStatic(java.lang.Object, java.lang.Object, java.lang.Object, java.lang.Object, java.lang.Object)'> (0x000000008a66e940) 
thrown [c:\jenkins\workspace\zulu17-build-win64\zulu-src.git\src\hotspot\share\interpreter\linkResolver.cpp, line 766]
Event: 23.026 Thread 0x00000185e68fd8e0 Exception <a 'sun/nio/fs/WindowsException'{0x000000008a420f40}> (0x000000008a420f40) 
thrown [c:\jenkins\workspace\zulu17-build-win64\zulu-src.git\src\hotspot\share\prims\jni.cpp, line 516]
Event: 28.892 Thread 0x00000185e6901c40 Exception <a 'java/lang/IncompatibleClassChangeError'{0x000000008721bbb8}: Found class java.lang.Object, but interface was expected> (0x000000008721bbb8) 
thrown [c:\jenkins\workspace\zulu17-build-win64\zulu-src.git\src\hotspot\share\interpreter\linkResolver.cpp, line 833]
Event: 62.157 Thread 0x00000185e68fddb0 Exception <a 'java/lang/NoSuchMethodError'{0x0000000086e9db10}: 'void java.lang.invoke.DirectMethodHandle$Holder.invokeSpecialIFC(java.lang.Object, java.lang.Object, int, java.lang.Object, java.lang.Object, java.lang.Object, java.lang.Object)'> (0x0000000086e9db10) 
thrown [c:\jenkins\workspace\zulu17-build-win64\zulu-src.git\src\hotspot\share\interpreter\linkResolver.cpp, line 766]

VM Operations (20 events):
Event: 576.023 Executing VM operation: G1Concurrent
Event: 576.033 Executing VM operation: G1Concurrent done
Event: 576.076 Executing VM operation: G1Concurrent
Event: 576.078 Executing VM operation: G1Concurrent done
Event: 576.642 Executing VM operation: ICBufferFull
Event: 576.654 Executing VM operation: ICBufferFull done
Event: 577.650 Executing VM operation: ICBufferFull
Event: 577.650 Executing VM operation: ICBufferFull done
Event: 577.859 Executing VM operation: ICBufferFull
Event: 577.859 Executing VM operation: ICBufferFull done
Event: 578.132 Executing VM operation: G1CollectForAllocation
Event: 578.139 Executing VM operation: G1CollectForAllocation done
Event: 578.372 Executing VM operation: G1CollectForAllocation
Event: 578.379 Executing VM operation: G1CollectForAllocation done
Event: 579.182 Executing VM operation: ICBufferFull
Event: 579.182 Executing VM operation: ICBufferFull done
Event: 579.573 Executing VM operation: ICBufferFull
Event: 579.573 Executing VM operation: ICBufferFull done
Event: 579.776 Executing VM operation: ICBufferFull
Event: 579.777 Executing VM operation: ICBufferFull done

Events (20 events):
Event: 571.845 Thread 0x00000185dd6859b0 flushing nmethod 0x00000185c82fa290
Event: 571.845 Thread 0x00000185dd6859b0 flushing nmethod 0x00000185c8303390
Event: 571.845 Thread 0x00000185dd6859b0 flushing nmethod 0x00000185c8304510
Event: 571.845 Thread 0x00000185dd6859b0 flushing nmethod 0x00000185c8305b90
Event: 571.845 Thread 0x00000185dd6859b0 flushing nmethod 0x00000185c8307390
Event: 571.845 Thread 0x00000185dd6859b0 flushing nmethod 0x00000185c8308a10
Event: 571.845 Thread 0x00000185dd6859b0 flushing nmethod 0x00000185c8309090
Event: 571.845 Thread 0x00000185dd6859b0 flushing nmethod 0x00000185c830c090
Event: 571.845 Thread 0x00000185dd6859b0 flushing nmethod 0x00000185c831e690
Event: 571.845 Thread 0x00000185dd6859b0 flushing nmethod 0x00000185c8325910
Event: 571.845 Thread 0x00000185dd6859b0 flushing nmethod 0x00000185c8329210
Event: 571.845 Thread 0x00000185dd6859b0 flushing nmethod 0x00000185c8333510
Event: 571.845 Thread 0x00000185dd6859b0 flushing nmethod 0x00000185c8345b90
Event: 571.846 Thread 0x00000185dd6859b0 flushing nmethod 0x00000185c8363d90
Event: 571.846 Thread 0x00000185dd6859b0 flushing nmethod 0x00000185c8367890
Event: 571.846 Thread 0x00000185dd6859b0 flushing nmethod 0x00000185c8370590
Event: 572.961 Thread 0x00000185e2592440 Thread added: 0x00000185e2592440
Event: 573.233 Thread 0x00000185e2592440 Thread exited: 0x00000185e2592440
Event: 574.157 Thread 0x00000185e258e780 Thread added: 0x00000185e258e780
Event: 574.350 Thread 0x00000185e258e780 Thread exited: 0x00000185e258e780


Dynamic libraries:
0x00007ff7766a0000 - 0x00007ff7766ae000 	C:\Program Files\Zulu\zulu-17\bin\java.exe
0x00007fff357f0000 - 0x00007fff35a07000 	C:\Windows\SYSTEM32\ntdll.dll
0x00007fff35350000 - 0x00007fff35414000 	C:\Windows\System32\KERNEL32.DLL
0x00007fff32c60000 - 0x00007fff33006000 	C:\Windows\System32\KERNELBASE.dll
0x00007fff33130000 - 0x00007fff33241000 	C:\Windows\System32\ucrtbase.dll
0x00007fff2d620000 - 0x00007fff2d63b000 	C:\Program Files\Zulu\zulu-17\bin\VCRUNTIME140.dll
0x00007fff14810000 - 0x00007fff14828000 	C:\Program Files\Zulu\zulu-17\bin\jli.dll
0x00007fff33540000 - 0x00007fff336ee000 	C:\Windows\System32\USER32.dll
0x00007fff188c0000 - 0x00007fff18b53000 	C:\Windows\WinSxS\amd64_microsoft.windows.common-controls_6595b64144ccf1df_6.0.22621.2506_none_270c5ae97388e100\COMCTL32.dll
0x00007fff33460000 - 0x00007fff33486000 	C:\Windows\System32\win32u.dll
0x00007fff35420000 - 0x00007fff354c7000 	C:\Windows\System32\msvcrt.dll
0x00007fff35780000 - 0x00007fff357a9000 	C:\Windows\System32\GDI32.dll
0x00007fff33010000 - 0x00007fff33128000 	C:\Windows\System32\gdi32full.dll
0x00007fff33250000 - 0x00007fff332ea000 	C:\Windows\System32\msvcp_win.dll
0x00007fff34650000 - 0x00007fff34681000 	C:\Windows\System32\IMM32.DLL
0x00007fff32690000 - 0x00007fff32830000 	C:\Program Files\Avecto\Privilege Guard Client\PGHook.dll
0x00007fff354d0000 - 0x00007fff35583000 	C:\Windows\System32\ADVAPI32.dll
0x00007fff355a0000 - 0x00007fff35648000 	C:\Windows\System32\sechost.dll
0x00007fff33510000 - 0x00007fff33538000 	C:\Windows\System32\bcrypt.dll
0x00007fff348a0000 - 0x00007fff349b7000 	C:\Windows\System32\RPCRT4.dll
0x00007fff2d560000 - 0x00007fff2d56c000 	C:\Program Files\Zulu\zulu-17\bin\vcruntime140_1.dll
0x00007fff13030000 - 0x00007fff130bd000 	C:\Program Files\Zulu\zulu-17\bin\msvcp140.dll
0x00007ffe82f50000 - 0x00007ffe83bb0000 	C:\Program Files\Zulu\zulu-17\bin\server\jvm.dll
0x00007fff34e30000 - 0x00007fff34e38000 	C:\Windows\System32\PSAPI.DLL
0x00007fff10d80000 - 0x00007fff10d89000 	C:\Windows\SYSTEM32\WSOCK32.dll
0x00007fff35650000 - 0x00007fff356c1000 	C:\Windows\System32\WS2_32.dll
0x00007fff2aad0000 - 0x00007fff2ab04000 	C:\Windows\SYSTEM32\WINMM.dll
0x00007fff2b080000 - 0x00007fff2b08a000 	C:\Windows\SYSTEM32\VERSION.dll
0x00007fff318a0000 - 0x00007fff318b8000 	C:\Windows\SYSTEM32\kernel.appcore.dll
0x00007fff14800000 - 0x00007fff1480a000 	C:\Program Files\Zulu\zulu-17\bin\jimage.dll
0x00007fff19f80000 - 0x00007fff1a1b3000 	C:\Windows\SYSTEM32\DBGHELP.DLL
0x00007fff34aa0000 - 0x00007fff34e29000 	C:\Windows\System32\combase.dll
0x00007fff349c0000 - 0x00007fff34a97000 	C:\Windows\System32\OLEAUT32.dll
0x00007fff10d10000 - 0x00007fff10d42000 	C:\Windows\SYSTEM32\dbgcore.DLL
0x00007fff33490000 - 0x00007fff3350a000 	C:\Windows\System32\bcryptPrimitives.dll
0x00007fff22ce0000 - 0x00007fff22cee000 	C:\Program Files\Zulu\zulu-17\bin\instrument.dll
0x00007fff13000000 - 0x00007fff13025000 	C:\Program Files\Zulu\zulu-17\bin\java.dll
0x00007fff01b10000 - 0x00007fff01be7000 	C:\Program Files\Zulu\zulu-17\bin\jsvml.dll
0x00007fff33d30000 - 0x00007fff3458b000 	C:\Windows\System32\SHELL32.dll
0x00007fff305d0000 - 0x00007fff30ec6000 	C:\Windows\SYSTEM32\windows.storage.dll
0x00007fff30490000 - 0x00007fff305ce000 	C:\Windows\SYSTEM32\wintypes.dll
0x00007fff33970000 - 0x00007fff33a63000 	C:\Windows\System32\SHCORE.dll
0x00007fff345f0000 - 0x00007fff3464e000 	C:\Windows\System32\shlwapi.dll
0x00007fff32a60000 - 0x00007fff32a86000 	C:\Windows\SYSTEM32\profapi.dll
0x00007fff12fc0000 - 0x00007fff12fd8000 	C:\Program Files\Zulu\zulu-17\bin\zip.dll
0x00007fff147e0000 - 0x00007fff147f9000 	C:\Program Files\Zulu\zulu-17\bin\net.dll
0x00007fff318c0000 - 0x00007fff319f7000 	C:\Windows\SYSTEM32\WINHTTP.dll
0x00007fff31e50000 - 0x00007fff31eb9000 	C:\Windows\system32\mswsock.dll
0x00007fff12fe0000 - 0x00007fff12ff6000 	C:\Program Files\Zulu\zulu-17\bin\nio.dll
0x00007fff132d0000 - 0x00007fff132ea000 	C:\Program Files\JetBrains\IntelliJ IDEA Community Edition 2022.3.3\bin\breakgen64.dll
0x00007fff132a0000 - 0x00007fff132a9000 	C:\Program Files\Zulu\zulu-17\bin\management.dll
0x00007fff12ae0000 - 0x00007fff12aeb000 	C:\Program Files\Zulu\zulu-17\bin\management_ext.dll
0x00007fff31120000 - 0x00007fff3114d000 	C:\Windows\SYSTEM32\IPHLPAPI.DLL
0x00007fff33cd0000 - 0x00007fff33cd9000 	C:\Windows\System32\NSI.dll
0x00007fff2af20000 - 0x00007fff2af39000 	C:\Windows\SYSTEM32\dhcpcsvc6.DLL
0x00007fff2af00000 - 0x00007fff2af1f000 	C:\Windows\SYSTEM32\dhcpcsvc.DLL
0x00007fff31150000 - 0x00007fff31249000 	C:\Windows\SYSTEM32\DNSAPI.dll
0x00007fff177a0000 - 0x00007fff177b7000 	C:\Windows\system32\napinsp.dll
0x00007fff17780000 - 0x00007fff1779b000 	C:\Windows\system32\pnrpnsp.dll
0x00007fff17760000 - 0x00007fff17771000 	C:\Windows\System32\winrnr.dll
0x00007fff17740000 - 0x00007fff17755000 	C:\Windows\system32\wshbth.dll
0x00007fff17710000 - 0x00007fff17731000 	C:\Windows\system32\nlansp_c.dll
0x00007fff19a00000 - 0x00007fff19a0a000 	C:\Windows\System32\rasadhlp.dll
0x00007fff284f0000 - 0x00007fff28573000 	C:\Windows\System32\fwpuclnt.dll
0x00007fff12a80000 - 0x00007fff12a8d000 	C:\Program Files\Zulu\zulu-17\bin\sunmscapi.dll
0x00007fff332f0000 - 0x00007fff33456000 	C:\Windows\System32\CRYPT32.dll
0x00007fff322c0000 - 0x00007fff322ee000 	C:\Windows\SYSTEM32\ncrypt.dll
0x00007fff32210000 - 0x00007fff32247000 	C:\Windows\SYSTEM32\NTASN1.dll
0x00007fff32150000 - 0x00007fff3216b000 	C:\Windows\SYSTEM32\CRYPTSP.dll
0x00007fff31800000 - 0x00007fff31835000 	C:\Windows\system32\rsaenh.dll
0x00007fff31ef0000 - 0x00007fff31f1c000 	C:\Windows\SYSTEM32\USERENV.dll
0x00007fff32130000 - 0x00007fff3213c000 	C:\Windows\SYSTEM32\CRYPTBASE.dll
0x00007fff12b20000 - 0x00007fff12b30000 	C:\Program Files\Zulu\zulu-17\bin\verify.dll
0x00007fff12ec0000 - 0x00007fff12ec8000 	C:\Windows\system32\wshunix.dll

dbghelp: loaded successfully - version: 4.0.5 - missing functions: none
symbol engine: initialized successfully - sym options: 0x614 - pdb path: .;C:\Program Files\Zulu\zulu-17\bin;C:\Windows\SYSTEM32;C:\Windows\WinSxS\amd64_microsoft.windows.common-controls_6595b64144ccf1df_6.0.22621.2506_none_270c5ae97388e100;C:\Program Files\Avecto\Privilege Guard Client;C:\Program Files\Zulu\zulu-17\bin\server;C:\Program Files\JetBrains\IntelliJ IDEA Community Edition 2022.3.3\bin

VM Arguments:
jvm_args: -javaagent:C:\Program Files\JetBrains\IntelliJ IDEA Community Edition 2022.3.3\lib\idea_rt.jar=54281:C:\Program Files\JetBrains\IntelliJ IDEA Community Edition 2022.3.3\bin -Dfile.encoding=UTF-8 
java_command: com.cognizant.PolicyPlansApplication
java_class_path (initial): C:\Users\2317213\Documents\workspace-spring-tool-suite-4-4.17.2\policy-plans\target\classes;C:\Users\2317213\.m2\repository\org\springframework\boot\spring-boot-starter\3.2.2\spring-boot-starter-3.2.2.jar;C:\Users\2317213\.m2\repository\org\springframework\boot\spring-boot\3.2.2\spring-boot-3.2.2.jar;C:\Users\2317213\.m2\repository\org\springframework\spring-context\6.1.3\spring-context-6.1.3.jar;C:\Users\2317213\.m2\repository\org\springframework\boot\spring-boot-autoconfigure\3.2.2\spring-boot-autoconfigure-3.2.2.jar;C:\Users\2317213\.m2\repository\org\springframework\boot\spring-boot-starter-logging\3.2.2\spring-boot-starter-logging-3.2.2.jar;C:\Users\2317213\.m2\repository\ch\qos\logback\logback-classic\1.4.14\logback-classic-1.4.14.jar;C:\Users\2317213\.m2\repository\ch\qos\logback\logback-core\1.4.14\logback-core-1.4.14.jar;C:\Users\2317213\.m2\repository\org\apache\logging\log4j\log4j-to-slf4j\2.21.1\log4j-to-slf4j-2.21.1.jar;C:\Users\2317213\.m2\repository\org\apache\logging\log4j\log4j-api\2.21.1\log4j-api-2.21.1.jar;C:\Users\2317213\.m2\repository\org\slf4j\jul-to-slf4j\2.0.11\jul-to-slf4j-2.0.11.jar;C:\Users\2317213\.m2\repository\jakarta\annotation\jakarta.annotation-api\2.1.1\jakarta.annotation-api-2.1.1.jar;C:\Users\2317213\.m2\repository\org\springframework\spring-core\6.1.3\spring-core-6.1.3.jar;C:\Users\2317213\.m2\repository\org\springframework\spring-jcl\6.1.3\spring-jcl-6.1.3.jar;C:\Users\2317213\.m2\repository\org\yaml\snakeyaml\2.2\snakeyaml-2.2.jar;C:\Users\2317213\.m2\repository\org\springframework\boot\spring-boot-starter-data-jpa\3.2.2\spring-boot-starter-data-jpa-3.2.2.jar;C:\Users\2317213\.m2\repository\org\springframework\boot\spring-boot-starter-aop\3.2.2\spring-boot-starter-aop-3.2.2.jar;C:\Users\2317213\.m2\repository\org\springframework\spring-aop\6.1.3\spring-aop-6.1.3.jar;C:\Users\2317213\.m2\repository\org\aspectj\aspectjweaver\1.9.21\aspectjweaver-1.9.21.jar;C:\Users\2317213\.m2\repository\org\springf
Launcher Type: SUN_STANDARD

[Global flags]
     intx CICompilerCount                          = 4                                         {product} {ergonomic}
     uint ConcGCThreads                            = 2                                         {product} {ergonomic}
     uint G1ConcRefinementThreads                  = 8                                         {product} {ergonomic}
   size_t G1HeapRegionSize                         = 1048576                                   {product} {ergonomic}
    uintx GCDrainStackTargetSize                   = 64                                        {product} {ergonomic}
   size_t InitialHeapSize                          = 132120576                                 {product} {ergonomic}
   size_t MarkStackSize                            = 4194304                                   {product} {ergonomic}
   size_t MaxHeapSize                              = 2097152000                                {product} {ergonomic}
   size_t MaxNewSize                               = 1258291200                                {product} {ergonomic}
   size_t MinHeapDeltaBytes                        = 1048576                                   {product} {ergonomic}
   size_t MinHeapSize                              = 8388608                                   {product} {ergonomic}
    uintx NonNMethodCodeHeapSize                   = 5839372                                {pd product} {ergonomic}
    uintx NonProfiledCodeHeapSize                  = 122909434                              {pd product} {ergonomic}
    uintx ProfiledCodeHeapSize                     = 122909434                              {pd product} {ergonomic}
    uintx ReservedCodeCacheSize                    = 251658240                              {pd product} {ergonomic}
     bool SegmentedCodeCache                       = true                                      {product} {ergonomic}
   size_t SoftMaxHeapSize                          = 2097152000                             {manageable} {ergonomic}
     bool UseCompressedClassPointers               = true                           {product lp64_product} {ergonomic}
     bool UseCompressedOops                        = true                           {product lp64_product} {ergonomic}
     bool UseG1GC                                  = true                                      {product} {ergonomic}
     bool UseLargePagesIndividualAllocation        = false                                  {pd product} {ergonomic}

Logging:
Log output configuration:
 #0: stdout all=warning uptime,level,tags
 #1: stderr all=off uptime,level,tags

Environment Variables:
JAVA_HOME=C:\Program Files\Zulu\zulu-17
PATH=C:\oraclexe\app\oracle\product\11.2.0\server\bin;C:\Program Files\Zulu\zulu-8\bin\;C:\Program Files\Zulu\zulu-17\bin\;C:\Windows\system32;C:\Windows;C:\Windows\System32\Wbem;C:\Windows\System32\WindowsPowerShell\v1.0\;C:\Windows\System32\OpenSSH\;C:\Program Files\nodejs\;C:\Program Files\Git\cmd;C:\Program Files\MySQL\MySQL Shell 8.0\bin\;C:\Users\2317213\AppData\Local\Microsoft\WindowsApps;C:\Users\2317213\AppData\Local\Programs\Microsoft VS Code\bin;C:\Program Files\JetBrains\IntelliJ IDEA Community Edition 2022.3.3\bin;;C:\Users\2317213\AppData\Roaming\npm;C:\Maven\apache-maven-3.9.6\bin;
USERNAME=2317213
OS=Windows_NT
PROCESSOR_IDENTIFIER=Intel64 Family 6 Model 142 Stepping 12, GenuineIntel



---------------  S Y S T E M  ---------------

OS:
 Windows 11 , 64 bit Build 22621 (10.0.22621.3085)
OS uptime: 5 days 23:06 hours
Hyper-V role detected

CPU: total 8 (initial active 8) (4 cores per cpu, 2 threads per core) family 6 model 142 stepping 12 microcode 0xde, cx8, cmov, fxsr, ht, mmx, 3dnowpref, sse, sse2, sse3, ssse3, sse4.1, sse4.2, popcnt, lzcnt, tsc, tscinvbit, avx, avx2, aes, erms, clmul, bmi1, bmi2, adx, fma, vzeroupper, clflush, clflushopt, hv

Memory: 4k page, system-wide physical 7998M (342M free)
TotalPageFile size 24382M (AvailPageFile size 0M)
current process WorkingSet (physical memory assigned to process): 237M, peak: 303M
current process commit charge ("private bytes"): 347M, peak: 352M

vm_info: OpenJDK 64-Bit Server VM (17.0.2+8-LTS) for windows-amd64 JRE (17.0.2+8-LTS) (Zulu17.32+13-CA), built on Jan  8 2022 13:06:16 by "zulu_re" with MS VC++ 16.10 / 16.11 (VS2019)

END.
